<?xml version="1.0" encoding="UTF-8"?>
<testsuites name="Landingly" time="1390.359" tests="34" failures="10" errors="0">
   <testsuite name="Landingly" tests="34" failures="10" errors="0" time="1390.359" skipped="0" timestamp="2023-10-09 17:39:05" hostname="TDS - DESKTOP-3BHH4MD" id="Test Suites/Landingly">
      <properties>
[...]
</properties>
      <testcase name="Test Cases/Contacts/TC001-contacts-Verify user can add new contact" time="42.743" classname="Test Cases/Contacts/TC001-contacts-Verify user can add new contact" status="PASSED">
         <system-out><![CDATA[2023-10-09 17:39:07 - [TEST_CASE][PASSED] - Test Cases/Contacts/TC001-contacts-Verify user can add new contact: Test Cases/Contacts/TC001-contacts-Verify user can add new contact

2023-10-09 17:39:08 - [TEST_STEP][PASSED] - openBrowser(""): Browser is opened with url: ''

2023-10-09 17:39:10 - [MESSAGE][INFO] - Starting 'Chrome' driver

2023-10-09 17:39:10 - [MESSAGE][INFO] - Action delay is set to 0 milliseconds

2023-10-09 17:39:19 - [MESSAGE][PASSED] - Browser is opened with url: ''

2023-10-09 17:39:19 - [TEST_STEP][PASSED] - maximizeWindow(): Current window maximized

2023-10-09 17:39:20 - [MESSAGE][PASSED] - Current window maximized

2023-10-09 17:39:20 - [TEST_STEP][PASSED] - navigateToUrl("https://app.landingly.com/"): Navigate to 'https://app.landingly.com/' successfully

2023-10-09 17:39:25 - [MESSAGE][PASSED] - Navigate to 'https://app.landingly.com/' successfully

2023-10-09 17:39:25 - [TEST_STEP][PASSED] - setText(findTestObject("Object Repository/Contacts/TC001-contacts-Verify user can add new contact/Page_Landingly  Login/input_Email_login-email"), "sqaahmadtahir@gmail.com"): Text 'sqaahmadtahir@gmail.com' is set on object 'Object Repository/Contacts/TC001-contacts-Verify user can add new contact/Page_Landingly  Login/input_Email_login-email'

2023-10-09 17:39:27 - [MESSAGE][PASSED] - Text 'sqaahmadtahir@gmail.com' is set on object 'Object Repository/Contacts/TC001-contacts-Verify user can add new contact/Page_Landingly  Login/input_Email_login-email'

2023-10-09 17:39:27 - [TEST_STEP][PASSED] - setEncryptedText(findTestObject("Object Repository/Contacts/TC001-contacts-Verify user can add new contact/Page_Landingly  Login/input_Forgot Password_login-password"), "/5S6MFFLcE5DAenbZpYNsQ=="): Text ****** has been set on object 'Object Repository/Contacts/TC001-contacts-Verify user can add new contact/Page_Landingly  Login/input_Forgot Password_login-password'

2023-10-09 17:39:28 - [MESSAGE][PASSED] - Text ****** has been set on object 'Object Repository/Contacts/TC001-contacts-Verify user can add new contact/Page_Landingly  Login/input_Forgot Password_login-password'

2023-10-09 17:39:28 - [TEST_STEP][PASSED] - click(findTestObject("Object Repository/Contacts/TC001-contacts-Verify user can add new contact/Page_Landingly  Login/button_Sign in")): Object: 'Object Repository/Contacts/TC001-contacts-Verify user can add new contact/Page_Landingly  Login/button_Sign in' is clicked on

2023-10-09 17:39:29 - [MESSAGE][PASSED] - Object: 'Object Repository/Contacts/TC001-contacts-Verify user can add new contact/Page_Landingly  Login/button_Sign in' is clicked on

2023-10-09 17:39:29 - [TEST_STEP][PASSED] - click(findTestObject("Object Repository/Contacts/TC001-contacts-Verify user can add new contact/Page_Landingly/a_Contacts")): Object: 'Object Repository/Contacts/TC001-contacts-Verify user can add new contact/Page_Landingly/a_Contacts' is clicked on

2023-10-09 17:39:31 - [MESSAGE][PASSED] - Object: 'Object Repository/Contacts/TC001-contacts-Verify user can add new contact/Page_Landingly/a_Contacts' is clicked on

2023-10-09 17:39:31 - [TEST_STEP][PASSED] - click(findTestObject("Object Repository/Contacts/TC001-contacts-Verify user can add new contact/Page_Landingly  Contacts/button_New Contact")): Object: 'Object Repository/Contacts/TC001-contacts-Verify user can add new contact/Page_Landingly  Contacts/button_New Contact' is clicked on

2023-10-09 17:39:35 - [MESSAGE][PASSED] - Object: 'Object Repository/Contacts/TC001-contacts-Verify user can add new contact/Page_Landingly  Contacts/button_New Contact' is clicked on

2023-10-09 17:39:35 - [TEST_STEP][PASSED] - setText(findTestObject("Object Repository/Contacts/TC001-contacts-Verify user can add new contact/Page_Landingly  Contacts/input__Name"), "new test contact"): Text 'new test contact' is set on object 'Object Repository/Contacts/TC001-contacts-Verify user can add new contact/Page_Landingly  Contacts/input__Name'

2023-10-09 17:39:39 - [MESSAGE][PASSED] - Text 'new test contact' is set on object 'Object Repository/Contacts/TC001-contacts-Verify user can add new contact/Page_Landingly  Contacts/input__Name'

2023-10-09 17:39:39 - [TEST_STEP][PASSED] - address = customKeywords.Emailautomation.populateEmail(): customKeywords.Emailautomation.populateEmail is PASSED

2023-10-09 17:39:39 - [MESSAGE][PASSED] - customKeywords.Emailautomation.populateEmail is PASSED

2023-10-09 17:39:39 - [TEST_STEP][PASSED] - setText(findTestObject("Object Repository/Contacts/TC001-contacts-Verify user can add new contact/Page_Landingly  Contacts/input__Email"), address): Text 'test1575067035907500@itest.com' is set on object 'Object Repository/Contacts/TC001-contacts-Verify user can add new contact/Page_Landingly  Contacts/input__Email'

2023-10-09 17:39:41 - [MESSAGE][PASSED] - Text 'test1575067035907500@itest.com' is set on object 'Object Repository/Contacts/TC001-contacts-Verify user can add new contact/Page_Landingly  Contacts/input__Email'

2023-10-09 17:39:41 - [TEST_STEP][PASSED] - click(findTestObject("Object Repository/Contacts/TC001-contacts-Verify user can add new contact/Page_Landingly  Contacts/input__ProjectIds")): Object: 'Object Repository/Contacts/TC001-contacts-Verify user can add new contact/Page_Landingly  Contacts/input__ProjectIds' is clicked on

2023-10-09 17:39:42 - [MESSAGE][PASSED] - Object: 'Object Repository/Contacts/TC001-contacts-Verify user can add new contact/Page_Landingly  Contacts/input__ProjectIds' is clicked on

2023-10-09 17:39:42 - [TEST_STEP][PASSED] - click(findTestObject("Object Repository/Contacts/TC001-contacts-Verify user can add new contact/Page_Landingly  Contacts/span_new optin project")): Object: 'Object Repository/Contacts/TC001-contacts-Verify user can add new contact/Page_Landingly  Contacts/span_new optin project' is clicked on

2023-10-09 17:39:43 - [MESSAGE][PASSED] - Object: 'Object Repository/Contacts/TC001-contacts-Verify user can add new contact/Page_Landingly  Contacts/span_new optin project' is clicked on

2023-10-09 17:39:43 - [TEST_STEP][PASSED] - click(findTestObject("Object Repository/Contacts/TC001-contacts-Verify user can add new contact/Page_Landingly  Contacts/button_Save")): Object: 'Object Repository/Contacts/TC001-contacts-Verify user can add new contact/Page_Landingly  Contacts/button_Save' is clicked on

2023-10-09 17:39:44 - [MESSAGE][PASSED] - Object: 'Object Repository/Contacts/TC001-contacts-Verify user can add new contact/Page_Landingly  Contacts/button_Save' is clicked on

2023-10-09 17:39:44 - [TEST_STEP][PASSED] - verifyElementText(findTestObject("Object Repository/Contacts/TC001-contacts-Verify user can add new contact/Page_Landingly  Contacts/div_Contact is added successfully"), "Contact is added successfully"): Actual text and expected text of test object 'Object Repository/Contacts/TC001-contacts-Verify user can add new contact/Page_Landingly  Contacts/div_Contact is added successfully' are matched.

2023-10-09 17:39:47 - [MESSAGE][PASSED] - Actual text and expected text of test object 'Object Repository/Contacts/TC001-contacts-Verify user can add new contact/Page_Landingly  Contacts/div_Contact is added successfully' are matched.

2023-10-09 17:39:47 - [TEST_STEP][PASSED] - closeBrowser(): Browser is closed

2023-10-09 17:39:49 - [MESSAGE][PASSED] - Browser is closed]]></system-out>
         <system-err><![CDATA[]]></system-err>
      </testcase>
      <testcase name="Test Cases/Dashboard/TC014-Verify user can click on continue button" time="55.607" classname="Test Cases/Dashboard/TC014-Verify user can click on continue button" status="FAILED">
         <failure type="FAILED" message="Test Cases/Dashboard/TC014-Verify user can click on continue button FAILED.
Reason:
com.kms.katalon.core.exception.StepFailedException: Verify element text of test object 'Object Repository/Dashboard/TC014-Verify user can click on continue button/Page_Landingly  Projects/h2_Projects' FAILED.
	at com.kms.katalon.core.webui.keyword.internal.WebUIKeywordMain.stepFailed(WebUIKeywordMain.groovy:64)
	at com.kms.katalon.core.webui.keyword.internal.WebUIKeywordMain.runKeyword(WebUIKeywordMain.groovy:26)
	at com.kms.katalon.core.webui.keyword.builtin.VerifyElementTextKeyword.verifyElementText(VerifyElementTextKeyword.groovy:72)
	at com.kms.katalon.core.webui.keyword.builtin.VerifyElementTextKeyword.execute(VerifyElementTextKeyword.groovy:40)
	at com.kms.katalon.core.keyword.internal.KeywordExecutor.executeKeywordForPlatform(KeywordExecutor.groovy:74)
	at com.kms.katalon.core.webui.keyword.WebUiBuiltInKeywords.verifyElementText(WebUiBuiltInKeywords.groovy:4749)
	at com.kms.katalon.core.webui.keyword.WebUiBuiltInKeywords$verifyElementText$5.call(Unknown Source)
	at TC014-Verify user can click on continue button.run(TC014-Verify user can click on continue button:34)
	at com.kms.katalon.core.main.ScriptEngine.run(ScriptEngine.java:194)
	at com.kms.katalon.core.main.ScriptEngine.runScriptAsRawText(ScriptEngine.java:119)
	at com.kms.katalon.core.main.TestCaseExecutor.runScript(TestCaseExecutor.java:448)
	at com.kms.katalon.core.main.TestCaseExecutor.doExecute(TestCaseExecutor.java:439)
	at com.kms.katalon.core.main.TestCaseExecutor.processExecutionPhase(TestCaseExecutor.java:418)
	at com.kms.katalon.core.main.TestCaseExecutor.accessMainPhase(TestCaseExecutor.java:410)
	at com.kms.katalon.core.main.TestCaseExecutor.execute(TestCaseExecutor.java:285)
	at com.kms.katalon.core.common.CommonExecutor.accessTestCaseMainPhase(CommonExecutor.java:65)
	at com.kms.katalon.core.main.TestSuiteExecutor.accessTestSuiteMainPhase(TestSuiteExecutor.java:148)
	at com.kms.katalon.core.main.TestSuiteExecutor.execute(TestSuiteExecutor.java:106)
	at com.kms.katalon.core.main.TestCaseMain.startTestSuite(TestCaseMain.java:187)
	at com.kms.katalon.core.main.TestCaseMain$startTestSuite$0.call(Unknown Source)
	at TempTestSuite1696855132405.run(TempTestSuite1696855132405.groovy:36)
Caused by: com.kms.katalon.core.exception.StepFailedException: com.kms.katalon.core.webui.exception.WebElementNotFoundException: Web element with id: 'Object Repository/Dashboard/TC014-Verify user can click on continue button/Page_Landingly  Projects/h2_Projects' located by '//div[@id='app']/div/div[3]/div[3]/div/div/div[2]/div/div/div/h2' not found
	at com.kms.katalon.core.webui.keyword.internal.WebUIKeywordMain.stepFailed(WebUIKeywordMain.groovy:64)
	at com.kms.katalon.core.webui.keyword.builtin.VerifyElementTextKeyword$_verifyElementText_closure1.doCall(VerifyElementTextKeyword.groovy:64)
	at com.kms.katalon.core.webui.keyword.builtin.VerifyElementTextKeyword$_verifyElementText_closure1.call(VerifyElementTextKeyword.groovy)
	at com.kms.katalon.core.webui.keyword.internal.WebUIKeywordMain.runKeyword(WebUIKeywordMain.groovy:20)
	... 19 more
"/>
         <system-out><![CDATA[2023-10-09 17:39:49 - [TEST_CASE][FAILED] - Test Cases/Dashboard/TC014-Verify user can click on continue button: Test Cases/Dashboard/TC014-Verify user can click on continue button FAILED.
Reason:
com.kms.katalon.core.exception.StepFailedException: Verify element text of test object 'Object Repository/Dashboard/TC014-Verify user can click on continue button/Page_Landingly  Projects/h2_Projects' FAILED.
	at com.kms.katalon.core.webui.keyword.internal.WebUIKeywordMain.stepFailed(WebUIKeywordMain.groovy:64)
	at com.kms.katalon.core.webui.keyword.internal.WebUIKeywordMain.runKeyword(WebUIKeywordMain.groovy:26)
	at com.kms.katalon.core.webui.keyword.builtin.VerifyElementTextKeyword.verifyElementText(VerifyElementTextKeyword.groovy:72)
	at com.kms.katalon.core.webui.keyword.builtin.VerifyElementTextKeyword.execute(VerifyElementTextKeyword.groovy:40)
	at com.kms.katalon.core.keyword.internal.KeywordExecutor.executeKeywordForPlatform(KeywordExecutor.groovy:74)
	at com.kms.katalon.core.webui.keyword.WebUiBuiltInKeywords.verifyElementText(WebUiBuiltInKeywords.groovy:4749)
	at com.kms.katalon.core.webui.keyword.WebUiBuiltInKeywords$verifyElementText$5.call(Unknown Source)
	at TC014-Verify user can click on continue button.run(TC014-Verify user can click on continue button:34)
	at com.kms.katalon.core.main.ScriptEngine.run(ScriptEngine.java:194)
	at com.kms.katalon.core.main.ScriptEngine.runScriptAsRawText(ScriptEngine.java:119)
	at com.kms.katalon.core.main.TestCaseExecutor.runScript(TestCaseExecutor.java:448)
	at com.kms.katalon.core.main.TestCaseExecutor.doExecute(TestCaseExecutor.java:439)
	at com.kms.katalon.core.main.TestCaseExecutor.processExecutionPhase(TestCaseExecutor.java:418)
	at com.kms.katalon.core.main.TestCaseExecutor.accessMainPhase(TestCaseExecutor.java:410)
	at com.kms.katalon.core.main.TestCaseExecutor.execute(TestCaseExecutor.java:285)
	at com.kms.katalon.core.common.CommonExecutor.accessTestCaseMainPhase(CommonExecutor.java:65)
	at com.kms.katalon.core.main.TestSuiteExecutor.accessTestSuiteMainPhase(TestSuiteExecutor.java:148)
	at com.kms.katalon.core.main.TestSuiteExecutor.execute(TestSuiteExecutor.java:106)
	at com.kms.katalon.core.main.TestCaseMain.startTestSuite(TestCaseMain.java:187)
	at com.kms.katalon.core.main.TestCaseMain$startTestSuite$0.call(Unknown Source)
	at TempTestSuite1696855132405.run(TempTestSuite1696855132405.groovy:36)
Caused by: com.kms.katalon.core.exception.StepFailedException: com.kms.katalon.core.webui.exception.WebElementNotFoundException: Web element with id: 'Object Repository/Dashboard/TC014-Verify user can click on continue button/Page_Landingly  Projects/h2_Projects' located by '//div[@id='app']/div/div[3]/div[3]/div/div/div[2]/div/div/div/h2' not found
	at com.kms.katalon.core.webui.keyword.internal.WebUIKeywordMain.stepFailed(WebUIKeywordMain.groovy:64)
	at com.kms.katalon.core.webui.keyword.builtin.VerifyElementTextKeyword$_verifyElementText_closure1.doCall(VerifyElementTextKeyword.groovy:64)
	at com.kms.katalon.core.webui.keyword.builtin.VerifyElementTextKeyword$_verifyElementText_closure1.call(VerifyElementTextKeyword.groovy)
	at com.kms.katalon.core.webui.keyword.internal.WebUIKeywordMain.runKeyword(WebUIKeywordMain.groovy:20)
	... 19 more


2023-10-09 17:39:51 - [TEST_STEP][PASSED] - openBrowser(""): Browser is opened with url: ''

2023-10-09 17:39:51 - [MESSAGE][INFO] - Starting 'Chrome' driver

2023-10-09 17:39:51 - [MESSAGE][INFO] - Action delay is set to 0 milliseconds

2023-10-09 17:39:54 - [MESSAGE][PASSED] - Browser is opened with url: ''

2023-10-09 17:39:54 - [TEST_STEP][PASSED] - navigateToUrl("https://app.landingly.com/"): Navigate to 'https://app.landingly.com/' successfully

2023-10-09 17:40:07 - [MESSAGE][PASSED] - Navigate to 'https://app.landingly.com/' successfully

2023-10-09 17:40:07 - [TEST_STEP][PASSED] - setText(findTestObject("Object Repository/Dashboard/TC014-Verify user can click on continue button/Page_Landingly  Login/input_Email_login-email"), "sqaahmadtahir@gmail.com"): Text 'sqaahmadtahir@gmail.com' is set on object 'Object Repository/Dashboard/TC014-Verify user can click on continue button/Page_Landingly  Login/input_Email_login-email'

2023-10-09 17:40:08 - [MESSAGE][PASSED] - Text 'sqaahmadtahir@gmail.com' is set on object 'Object Repository/Dashboard/TC014-Verify user can click on continue button/Page_Landingly  Login/input_Email_login-email'

2023-10-09 17:40:08 - [TEST_STEP][PASSED] - setEncryptedText(findTestObject("Object Repository/Dashboard/TC014-Verify user can click on continue button/Page_Landingly  Login/input_Forgot Password_login-password"), "/5S6MFFLcE5DAenbZpYNsQ=="): Text ****** has been set on object 'Object Repository/Dashboard/TC014-Verify user can click on continue button/Page_Landingly  Login/input_Forgot Password_login-password'

2023-10-09 17:40:09 - [MESSAGE][PASSED] - Text ****** has been set on object 'Object Repository/Dashboard/TC014-Verify user can click on continue button/Page_Landingly  Login/input_Forgot Password_login-password'

2023-10-09 17:40:09 - [TEST_STEP][PASSED] - click(findTestObject("Object Repository/Dashboard/TC014-Verify user can click on continue button/Page_Landingly  Login/button_Sign in")): Object: 'Object Repository/Dashboard/TC014-Verify user can click on continue button/Page_Landingly  Login/button_Sign in' is clicked on

2023-10-09 17:40:10 - [MESSAGE][PASSED] - Object: 'Object Repository/Dashboard/TC014-Verify user can click on continue button/Page_Landingly  Login/button_Sign in' is clicked on

2023-10-09 17:40:10 - [TEST_STEP][PASSED] - click(findTestObject("Object Repository/Dashboard/TC014-Verify user can click on continue button/Page_Landingly/button_Continue")): Object: 'Object Repository/Dashboard/TC014-Verify user can click on continue button/Page_Landingly/button_Continue' is clicked on

2023-10-09 17:40:13 - [MESSAGE][PASSED] - Object: 'Object Repository/Dashboard/TC014-Verify user can click on continue button/Page_Landingly/button_Continue' is clicked on

2023-10-09 17:40:13 - [TEST_STEP][FAILED] - verifyElementText(findTestObject("Object Repository/Dashboard/TC014-Verify user can click on continue button/Page_Landingly  Projects/h2_Projects"), "Projects"): Verify element text of test object 'Object Repository/Dashboard/TC014-Verify user can click on continue button/Page_Landingly  Projects/h2_Projects' FAILED. (Root cause: com.kms.katalon.core.exception.StepFailedException: Verify element text of test object 'Object Repository/Dashboard/TC014-Verify user can click on continue button/Page_Landingly  Projects/h2_Projects' FAILED.
	at com.kms.katalon.core.webui.keyword.internal.WebUIKeywordMain.stepFailed(WebUIKeywordMain.groovy:64)
	at com.kms.katalon.core.webui.keyword.internal.WebUIKeywordMain.runKeyword(WebUIKeywordMain.groovy:26)
	at com.kms.katalon.core.webui.keyword.builtin.VerifyElementTextKeyword.verifyElementText(VerifyElementTextKeyword.groovy:72)
	at com.kms.katalon.core.webui.keyword.builtin.VerifyElementTextKeyword.execute(VerifyElementTextKeyword.groovy:40)
	at com.kms.katalon.core.keyword.internal.KeywordExecutor.executeKeywordForPlatform(KeywordExecutor.groovy:74)
	at com.kms.katalon.core.webui.keyword.WebUiBuiltInKeywords.verifyElementText(WebUiBuiltInKeywords.groovy:4749)
	at com.kms.katalon.core.webui.keyword.WebUiBuiltInKeywords$verifyElementText$5.call(Unknown Source)
	at TC014-Verify user can click on continue button.run(TC014-Verify user can click on continue button:34)
	at com.kms.katalon.core.main.ScriptEngine.run(ScriptEngine.java:194)
	at com.kms.katalon.core.main.ScriptEngine.runScriptAsRawText(ScriptEngine.java:119)
	at com.kms.katalon.core.main.TestCaseExecutor.runScript(TestCaseExecutor.java:448)
	at com.kms.katalon.core.main.TestCaseExecutor.doExecute(TestCaseExecutor.java:439)
	at com.kms.katalon.core.main.TestCaseExecutor.processExecutionPhase(TestCaseExecutor.java:418)
	at com.kms.katalon.core.main.TestCaseExecutor.accessMainPhase(TestCaseExecutor.java:410)
	at com.kms.katalon.core.main.TestCaseExecutor.execute(TestCaseExecutor.java:285)
	at com.kms.katalon.core.common.CommonExecutor.accessTestCaseMainPhase(CommonExecutor.java:65)
	at com.kms.katalon.core.main.TestSuiteExecutor.accessTestSuiteMainPhase(TestSuiteExecutor.java:148)
	at com.kms.katalon.core.main.TestSuiteExecutor.execute(TestSuiteExecutor.java:106)
	at com.kms.katalon.core.main.TestCaseMain.startTestSuite(TestCaseMain.java:187)
	at com.kms.katalon.core.main.TestCaseMain$startTestSuite$0.call(Unknown Source)
	at TempTestSuite1696855132405.run(TempTestSuite1696855132405.groovy:36)
Caused by: com.kms.katalon.core.exception.StepFailedException: com.kms.katalon.core.webui.exception.WebElementNotFoundException: Web element with id: 'Object Repository/Dashboard/TC014-Verify user can click on continue button/Page_Landingly  Projects/h2_Projects' located by '//div[@id='app']/div/div[3]/div[3]/div/div/div[2]/div/div/div/h2' not found
	at com.kms.katalon.core.webui.keyword.internal.WebUIKeywordMain.stepFailed(WebUIKeywordMain.groovy:64)
	at com.kms.katalon.core.webui.keyword.builtin.VerifyElementTextKeyword$_verifyElementText_closure1.doCall(VerifyElementTextKeyword.groovy:64)
	at com.kms.katalon.core.webui.keyword.builtin.VerifyElementTextKeyword$_verifyElementText_closure1.call(VerifyElementTextKeyword.groovy)
	at com.kms.katalon.core.webui.keyword.internal.WebUIKeywordMain.runKeyword(WebUIKeywordMain.groovy:20)
	... 19 more
)

2023-10-09 17:40:44 - [MESSAGE][INFO] - Unable to find the element located by 'By.xpath: //div[@id='app']/div/div[3]/div[3]/div/div/div[2]/div/div/div/h2'. Please recheck the objects properties to make sure the desired element is located. 

2023-10-09 17:40:45 - [MESSAGE][FAILED] - com.kms.katalon.core.webui.exception.WebElementNotFoundException: Web element with id: 'Object Repository/Dashboard/TC014-Verify user can click on continue button/Page_Landingly  Projects/h2_Projects' located by '//div[@id='app']/div/div[3]/div[3]/div/div/div[2]/div/div/div/h2' not found (Root cause: com.kms.katalon.core.exception.StepFailedException: com.kms.katalon.core.webui.exception.WebElementNotFoundException: Web element with id: 'Object Repository/Dashboard/TC014-Verify user can click on continue button/Page_Landingly  Projects/h2_Projects' located by '//div[@id='app']/div/div[3]/div[3]/div/div/div[2]/div/div/div/h2' not found
	at com.kms.katalon.core.webui.keyword.internal.WebUIKeywordMain.stepFailed(WebUIKeywordMain.groovy:64)
	at com.kms.katalon.core.webui.keyword.builtin.VerifyElementTextKeyword$_verifyElementText_closure1.doCall(VerifyElementTextKeyword.groovy:64)
	at com.kms.katalon.core.webui.keyword.builtin.VerifyElementTextKeyword$_verifyElementText_closure1.call(VerifyElementTextKeyword.groovy)
	at com.kms.katalon.core.webui.keyword.internal.WebUIKeywordMain.runKeyword(WebUIKeywordMain.groovy:20)
	at com.kms.katalon.core.webui.keyword.builtin.VerifyElementTextKeyword.verifyElementText(VerifyElementTextKeyword.groovy:72)
	at com.kms.katalon.core.webui.keyword.builtin.VerifyElementTextKeyword.execute(VerifyElementTextKeyword.groovy:40)
	at com.kms.katalon.core.keyword.internal.KeywordExecutor.executeKeywordForPlatform(KeywordExecutor.groovy:74)
	at com.kms.katalon.core.webui.keyword.WebUiBuiltInKeywords.verifyElementText(WebUiBuiltInKeywords.groovy:4749)
	at com.kms.katalon.core.webui.keyword.WebUiBuiltInKeywords$verifyElementText$5.call(Unknown Source)
	at TC014-Verify user can click on continue button.run(TC014-Verify user can click on continue button:34)
	at com.kms.katalon.core.main.ScriptEngine.run(ScriptEngine.java:194)
	at com.kms.katalon.core.main.ScriptEngine.runScriptAsRawText(ScriptEngine.java:119)
	at com.kms.katalon.core.main.TestCaseExecutor.runScript(TestCaseExecutor.java:448)
	at com.kms.katalon.core.main.TestCaseExecutor.doExecute(TestCaseExecutor.java:439)
	at com.kms.katalon.core.main.TestCaseExecutor.processExecutionPhase(TestCaseExecutor.java:418)
	at com.kms.katalon.core.main.TestCaseExecutor.accessMainPhase(TestCaseExecutor.java:410)
	at com.kms.katalon.core.main.TestCaseExecutor.execute(TestCaseExecutor.java:285)
	at com.kms.katalon.core.common.CommonExecutor.accessTestCaseMainPhase(CommonExecutor.java:65)
	at com.kms.katalon.core.main.TestSuiteExecutor.accessTestSuiteMainPhase(TestSuiteExecutor.java:148)
	at com.kms.katalon.core.main.TestSuiteExecutor.execute(TestSuiteExecutor.java:106)
	at com.kms.katalon.core.main.TestCaseMain.startTestSuite(TestCaseMain.java:187)
	at com.kms.katalon.core.main.TestCaseMain$startTestSuite$0.call(Unknown Source)
	at TempTestSuite1696855132405.run(TempTestSuite1696855132405.groovy:36)
)
[[ATTACHMENT|C:\\Users\\TDS\\git\\Landingly\\Reports\\20231009_173852\\Landingly\\20231009_173852\\1696855244575.png]]

2023-10-09 17:40:45 - [MESSAGE][FAILED] - Verify element text of test object 'Object Repository/Dashboard/TC014-Verify user can click on continue button/Page_Landingly  Projects/h2_Projects' FAILED. (Root cause: com.kms.katalon.core.exception.StepFailedException: Verify element text of test object 'Object Repository/Dashboard/TC014-Verify user can click on continue button/Page_Landingly  Projects/h2_Projects' FAILED.
	at com.kms.katalon.core.webui.keyword.internal.WebUIKeywordMain.stepFailed(WebUIKeywordMain.groovy:64)
	at com.kms.katalon.core.webui.keyword.internal.WebUIKeywordMain.runKeyword(WebUIKeywordMain.groovy:26)
	at com.kms.katalon.core.webui.keyword.builtin.VerifyElementTextKeyword.verifyElementText(VerifyElementTextKeyword.groovy:72)
	at com.kms.katalon.core.webui.keyword.builtin.VerifyElementTextKeyword.execute(VerifyElementTextKeyword.groovy:40)
	at com.kms.katalon.core.keyword.internal.KeywordExecutor.executeKeywordForPlatform(KeywordExecutor.groovy:74)
	at com.kms.katalon.core.webui.keyword.WebUiBuiltInKeywords.verifyElementText(WebUiBuiltInKeywords.groovy:4749)
	at com.kms.katalon.core.webui.keyword.WebUiBuiltInKeywords$verifyElementText$5.call(Unknown Source)
	at TC014-Verify user can click on continue button.run(TC014-Verify user can click on continue button:34)
	at com.kms.katalon.core.main.ScriptEngine.run(ScriptEngine.java:194)
	at com.kms.katalon.core.main.ScriptEngine.runScriptAsRawText(ScriptEngine.java:119)
	at com.kms.katalon.core.main.TestCaseExecutor.runScript(TestCaseExecutor.java:448)
	at com.kms.katalon.core.main.TestCaseExecutor.doExecute(TestCaseExecutor.java:439)
	at com.kms.katalon.core.main.TestCaseExecutor.processExecutionPhase(TestCaseExecutor.java:418)
	at com.kms.katalon.core.main.TestCaseExecutor.accessMainPhase(TestCaseExecutor.java:410)
	at com.kms.katalon.core.main.TestCaseExecutor.execute(TestCaseExecutor.java:285)
	at com.kms.katalon.core.common.CommonExecutor.accessTestCaseMainPhase(CommonExecutor.java:65)
	at com.kms.katalon.core.main.TestSuiteExecutor.accessTestSuiteMainPhase(TestSuiteExecutor.java:148)
	at com.kms.katalon.core.main.TestSuiteExecutor.execute(TestSuiteExecutor.java:106)
	at com.kms.katalon.core.main.TestCaseMain.startTestSuite(TestCaseMain.java:187)
	at com.kms.katalon.core.main.TestCaseMain$startTestSuite$0.call(Unknown Source)
	at TempTestSuite1696855132405.run(TempTestSuite1696855132405.groovy:36)
Caused by: com.kms.katalon.core.exception.StepFailedException: com.kms.katalon.core.webui.exception.WebElementNotFoundException: Web element with id: 'Object Repository/Dashboard/TC014-Verify user can click on continue button/Page_Landingly  Projects/h2_Projects' located by '//div[@id='app']/div/div[3]/div[3]/div/div/div[2]/div/div/div/h2' not found
	at com.kms.katalon.core.webui.keyword.internal.WebUIKeywordMain.stepFailed(WebUIKeywordMain.groovy:64)
	at com.kms.katalon.core.webui.keyword.builtin.VerifyElementTextKeyword$_verifyElementText_closure1.doCall(VerifyElementTextKeyword.groovy:64)
	at com.kms.katalon.core.webui.keyword.builtin.VerifyElementTextKeyword$_verifyElementText_closure1.call(VerifyElementTextKeyword.groovy)
	at com.kms.katalon.core.webui.keyword.internal.WebUIKeywordMain.runKeyword(WebUIKeywordMain.groovy:20)
	... 19 more
)
[[ATTACHMENT|C:\\Users\\TDS\\git\\Landingly\\Reports\\20231009_173852\\Landingly\\20231009_173852\\1696855245120.png]]]]></system-out>
         <system-err><![CDATA[2023-10-09 17:39:49 - [TEST_CASE][FAILED] - Test Cases/Dashboard/TC014-Verify user can click on continue button: Test Cases/Dashboard/TC014-Verify user can click on continue button FAILED.
Reason:
com.kms.katalon.core.exception.StepFailedException: Verify element text of test object 'Object Repository/Dashboard/TC014-Verify user can click on continue button/Page_Landingly  Projects/h2_Projects' FAILED.
	at com.kms.katalon.core.webui.keyword.internal.WebUIKeywordMain.stepFailed(WebUIKeywordMain.groovy:64)
	at com.kms.katalon.core.webui.keyword.internal.WebUIKeywordMain.runKeyword(WebUIKeywordMain.groovy:26)
	at com.kms.katalon.core.webui.keyword.builtin.VerifyElementTextKeyword.verifyElementText(VerifyElementTextKeyword.groovy:72)
	at com.kms.katalon.core.webui.keyword.builtin.VerifyElementTextKeyword.execute(VerifyElementTextKeyword.groovy:40)
	at com.kms.katalon.core.keyword.internal.KeywordExecutor.executeKeywordForPlatform(KeywordExecutor.groovy:74)
	at com.kms.katalon.core.webui.keyword.WebUiBuiltInKeywords.verifyElementText(WebUiBuiltInKeywords.groovy:4749)
	at com.kms.katalon.core.webui.keyword.WebUiBuiltInKeywords$verifyElementText$5.call(Unknown Source)
	at TC014-Verify user can click on continue button.run(TC014-Verify user can click on continue button:34)
	at com.kms.katalon.core.main.ScriptEngine.run(ScriptEngine.java:194)
	at com.kms.katalon.core.main.ScriptEngine.runScriptAsRawText(ScriptEngine.java:119)
	at com.kms.katalon.core.main.TestCaseExecutor.runScript(TestCaseExecutor.java:448)
	at com.kms.katalon.core.main.TestCaseExecutor.doExecute(TestCaseExecutor.java:439)
	at com.kms.katalon.core.main.TestCaseExecutor.processExecutionPhase(TestCaseExecutor.java:418)
	at com.kms.katalon.core.main.TestCaseExecutor.accessMainPhase(TestCaseExecutor.java:410)
	at com.kms.katalon.core.main.TestCaseExecutor.execute(TestCaseExecutor.java:285)
	at com.kms.katalon.core.common.CommonExecutor.accessTestCaseMainPhase(CommonExecutor.java:65)
	at com.kms.katalon.core.main.TestSuiteExecutor.accessTestSuiteMainPhase(TestSuiteExecutor.java:148)
	at com.kms.katalon.core.main.TestSuiteExecutor.execute(TestSuiteExecutor.java:106)
	at com.kms.katalon.core.main.TestCaseMain.startTestSuite(TestCaseMain.java:187)
	at com.kms.katalon.core.main.TestCaseMain$startTestSuite$0.call(Unknown Source)
	at TempTestSuite1696855132405.run(TempTestSuite1696855132405.groovy:36)
Caused by: com.kms.katalon.core.exception.StepFailedException: com.kms.katalon.core.webui.exception.WebElementNotFoundException: Web element with id: 'Object Repository/Dashboard/TC014-Verify user can click on continue button/Page_Landingly  Projects/h2_Projects' located by '//div[@id='app']/div/div[3]/div[3]/div/div/div[2]/div/div/div/h2' not found
	at com.kms.katalon.core.webui.keyword.internal.WebUIKeywordMain.stepFailed(WebUIKeywordMain.groovy:64)
	at com.kms.katalon.core.webui.keyword.builtin.VerifyElementTextKeyword$_verifyElementText_closure1.doCall(VerifyElementTextKeyword.groovy:64)
	at com.kms.katalon.core.webui.keyword.builtin.VerifyElementTextKeyword$_verifyElementText_closure1.call(VerifyElementTextKeyword.groovy)
	at com.kms.katalon.core.webui.keyword.internal.WebUIKeywordMain.runKeyword(WebUIKeywordMain.groovy:20)
	... 19 more]]></system-err>
      </testcase>
      <testcase name="Test Cases/Dashboard/TC015-Verify user can change theme dark-light" time="28.314" classname="Test Cases/Dashboard/TC015-Verify user can change theme dark-light" status="PASSED">
         <system-out><![CDATA[2023-10-09 17:40:45 - [TEST_CASE][PASSED] - Test Cases/Dashboard/TC015-Verify user can change theme dark-light: Test Cases/Dashboard/TC015-Verify user can change theme dark-light

2023-10-09 17:40:46 - [TEST_STEP][PASSED] - openBrowser(""): Browser is opened with url: ''

2023-10-09 17:40:46 - [MESSAGE][WARNING] - A browser is already opened. Closing browser and opening a new one

2023-10-09 17:40:48 - [MESSAGE][INFO] - Starting 'Chrome' driver

2023-10-09 17:40:48 - [MESSAGE][INFO] - Action delay is set to 0 milliseconds

2023-10-09 17:40:50 - [MESSAGE][PASSED] - Browser is opened with url: ''

2023-10-09 17:40:50 - [TEST_STEP][PASSED] - maximizeWindow(): Current window maximized

2023-10-09 17:40:51 - [MESSAGE][PASSED] - Current window maximized

2023-10-09 17:40:51 - [TEST_STEP][PASSED] - navigateToUrl("https://app.landingly.com/login"): Navigate to 'https://app.landingly.com/login' successfully

2023-10-09 17:40:57 - [MESSAGE][PASSED] - Navigate to 'https://app.landingly.com/login' successfully

2023-10-09 17:40:57 - [TEST_STEP][PASSED] - setText(findTestObject("Object Repository/Dashboard/TC015-Verify user can change theme dark-light/Page_Landingly  Login/input_Email_login-email"), "sqaahmadtahir@gmail.com"): Text 'sqaahmadtahir@gmail.com' is set on object 'Object Repository/Dashboard/TC015-Verify user can change theme dark-light/Page_Landingly  Login/input_Email_login-email'

2023-10-09 17:40:58 - [MESSAGE][PASSED] - Text 'sqaahmadtahir@gmail.com' is set on object 'Object Repository/Dashboard/TC015-Verify user can change theme dark-light/Page_Landingly  Login/input_Email_login-email'

2023-10-09 17:40:58 - [TEST_STEP][PASSED] - setEncryptedText(findTestObject("Object Repository/Dashboard/TC015-Verify user can change theme dark-light/Page_Landingly  Login/input_Forgot Password_login-password"), "/5S6MFFLcE5DAenbZpYNsQ=="): Text ****** has been set on object 'Object Repository/Dashboard/TC015-Verify user can change theme dark-light/Page_Landingly  Login/input_Forgot Password_login-password'

2023-10-09 17:40:59 - [MESSAGE][PASSED] - Text ****** has been set on object 'Object Repository/Dashboard/TC015-Verify user can change theme dark-light/Page_Landingly  Login/input_Forgot Password_login-password'

2023-10-09 17:40:59 - [TEST_STEP][PASSED] - click(findTestObject("Object Repository/Dashboard/TC015-Verify user can change theme dark-light/Page_Landingly  Login/button_Sign in")): Object: 'Object Repository/Dashboard/TC015-Verify user can change theme dark-light/Page_Landingly  Login/button_Sign in' is clicked on

2023-10-09 17:41:00 - [MESSAGE][PASSED] - Object: 'Object Repository/Dashboard/TC015-Verify user can change theme dark-light/Page_Landingly  Login/button_Sign in' is clicked on

2023-10-09 17:41:00 - [TEST_STEP][PASSED] - delay(10): Delayed 10 second(s)

2023-10-09 17:41:10 - [MESSAGE][PASSED] - Delayed 10 second(s)

2023-10-09 17:41:10 - [TEST_STEP][PASSED] - if (verifyElementPresent(findTestObject("Object Repository/Dashboard/TC015-Verify user can change theme dark-light/Page_Landingly/svg_Profile_feather feather-sun"), 10, CONTINUE_ON_FAILURE)): null

2023-10-09 17:41:11 - [MESSAGE][PASSED] - Object 'Object Repository/Dashboard/TC015-Verify user can change theme dark-light/Page_Landingly/svg_Profile_feather feather-sun' is present

2023-10-09 17:41:11 - [TEST_STEP][PASSED] - click(findTestObject("Object Repository/Dashboard/TC015-Verify user can change theme dark-light/Page_Landingly/svg_Profile_feather feather-sun")): Object: 'Object Repository/Dashboard/TC015-Verify user can change theme dark-light/Page_Landingly/svg_Profile_feather feather-sun' is clicked on

2023-10-09 17:41:11 - [MESSAGE][PASSED] - Object: 'Object Repository/Dashboard/TC015-Verify user can change theme dark-light/Page_Landingly/svg_Profile_feather feather-sun' is clicked on

2023-10-09 17:41:11 - [TEST_STEP][PASSED] - click(findTestObject("Object Repository/Dashboard/TC015-Verify user can change theme dark-light/Page_Landingly/svg_Profile_feather feather-moon")): Object: 'Object Repository/Dashboard/TC015-Verify user can change theme dark-light/Page_Landingly/svg_Profile_feather feather-moon' is clicked on

2023-10-09 17:41:12 - [MESSAGE][PASSED] - Object: 'Object Repository/Dashboard/TC015-Verify user can change theme dark-light/Page_Landingly/svg_Profile_feather feather-moon' is clicked on

2023-10-09 17:41:12 - [TEST_STEP][PASSED] - closeBrowser(): Browser is closed

2023-10-09 17:41:13 - [MESSAGE][PASSED] - Browser is closed]]></system-out>
         <system-err><![CDATA[]]></system-err>
      </testcase>
      <testcase name="Test Cases/Login/TC001-Validlogin" time="13.982" classname="Test Cases/Login/TC001-Validlogin" status="PASSED">
         <system-out><![CDATA[2023-10-09 17:41:13 - [TEST_CASE][PASSED] - Test Cases/Login/TC001-Validlogin: Test Cases/Login/TC001-Validlogin

2023-10-09 17:41:14 - [TEST_STEP][PASSED] - openBrowser(""): Browser is opened with url: ''

2023-10-09 17:41:14 - [MESSAGE][INFO] - Starting 'Chrome' driver

2023-10-09 17:41:14 - [MESSAGE][INFO] - Action delay is set to 0 milliseconds

2023-10-09 17:41:17 - [MESSAGE][PASSED] - Browser is opened with url: ''

2023-10-09 17:41:17 - [TEST_STEP][PASSED] - maximizeWindow(): Current window maximized

2023-10-09 17:41:18 - [MESSAGE][PASSED] - Current window maximized

2023-10-09 17:41:18 - [TEST_STEP][PASSED] - navigateToUrl("https://app.landingly.com/"): Navigate to 'https://app.landingly.com/' successfully

2023-10-09 17:41:24 - [MESSAGE][PASSED] - Navigate to 'https://app.landingly.com/' successfully

2023-10-09 17:41:24 - [TEST_STEP][PASSED] - setText(findTestObject("Object Repository/Login/TC001-Validlogin/Page_Landingly  Login/input_Email_login-email"), "sqaahmadtahir@gmail.com"): Text 'sqaahmadtahir@gmail.com' is set on object 'Object Repository/Login/TC001-Validlogin/Page_Landingly  Login/input_Email_login-email'

2023-10-09 17:41:25 - [MESSAGE][PASSED] - Text 'sqaahmadtahir@gmail.com' is set on object 'Object Repository/Login/TC001-Validlogin/Page_Landingly  Login/input_Email_login-email'

2023-10-09 17:41:25 - [TEST_STEP][PASSED] - setEncryptedText(findTestObject("Object Repository/Login/TC001-Validlogin/Page_Landingly  Login/input_Forgot Password_login-password"), "/5S6MFFLcE5DAenbZpYNsQ=="): Text ****** has been set on object 'Object Repository/Login/TC001-Validlogin/Page_Landingly  Login/input_Forgot Password_login-password'

2023-10-09 17:41:26 - [MESSAGE][PASSED] - Text ****** has been set on object 'Object Repository/Login/TC001-Validlogin/Page_Landingly  Login/input_Forgot Password_login-password'

2023-10-09 17:41:26 - [TEST_STEP][PASSED] - click(findTestObject("Object Repository/Login/TC001-Validlogin/Page_Landingly  Login/button_Sign in")): Object: 'Object Repository/Login/TC001-Validlogin/Page_Landingly  Login/button_Sign in' is clicked on

2023-10-09 17:41:26 - [MESSAGE][PASSED] - Object: 'Object Repository/Login/TC001-Validlogin/Page_Landingly  Login/button_Sign in' is clicked on

2023-10-09 17:41:26 - [TEST_STEP][PASSED] - closeBrowser(): Browser is closed

2023-10-09 17:41:27 - [MESSAGE][PASSED] - Browser is closed]]></system-out>
         <system-err><![CDATA[]]></system-err>
      </testcase>
      <testcase name="Test Cases/Login/TC002-Valid Email and Invalid Password" time="54.51" classname="Test Cases/Login/TC002-Valid Email and Invalid Password" status="FAILED">
         <failure type="FAILED" message="Test Cases/Login/TC002-Valid Email and Invalid Password FAILED.
Reason:
com.kms.katalon.core.exception.StepFailedException: Verify element text of test object 'Object Repository/Login/TC002-Valid Email and Invalid Password/Page_Landingly  Login/h5_Invalid Login Attempt' FAILED.
	at com.kms.katalon.core.webui.keyword.internal.WebUIKeywordMain.stepFailed(WebUIKeywordMain.groovy:64)
	at com.kms.katalon.core.webui.keyword.internal.WebUIKeywordMain.runKeyword(WebUIKeywordMain.groovy:26)
	at com.kms.katalon.core.webui.keyword.builtin.VerifyElementTextKeyword.verifyElementText(VerifyElementTextKeyword.groovy:72)
	at com.kms.katalon.core.webui.keyword.builtin.VerifyElementTextKeyword.execute(VerifyElementTextKeyword.groovy:40)
	at com.kms.katalon.core.keyword.internal.KeywordExecutor.executeKeywordForPlatform(KeywordExecutor.groovy:74)
	at com.kms.katalon.core.webui.keyword.WebUiBuiltInKeywords.verifyElementText(WebUiBuiltInKeywords.groovy:4749)
	at com.kms.katalon.core.webui.keyword.WebUiBuiltInKeywords$verifyElementText$5.call(Unknown Source)
	at TC002-Valid Email and Invalid Password.run(TC002-Valid Email and Invalid Password:34)
	at com.kms.katalon.core.main.ScriptEngine.run(ScriptEngine.java:194)
	at com.kms.katalon.core.main.ScriptEngine.runScriptAsRawText(ScriptEngine.java:119)
	at com.kms.katalon.core.main.TestCaseExecutor.runScript(TestCaseExecutor.java:448)
	at com.kms.katalon.core.main.TestCaseExecutor.doExecute(TestCaseExecutor.java:439)
	at com.kms.katalon.core.main.TestCaseExecutor.processExecutionPhase(TestCaseExecutor.java:418)
	at com.kms.katalon.core.main.TestCaseExecutor.accessMainPhase(TestCaseExecutor.java:410)
	at com.kms.katalon.core.main.TestCaseExecutor.execute(TestCaseExecutor.java:285)
	at com.kms.katalon.core.common.CommonExecutor.accessTestCaseMainPhase(CommonExecutor.java:65)
	at com.kms.katalon.core.main.TestSuiteExecutor.accessTestSuiteMainPhase(TestSuiteExecutor.java:148)
	at com.kms.katalon.core.main.TestSuiteExecutor.execute(TestSuiteExecutor.java:106)
	at com.kms.katalon.core.main.TestCaseMain.startTestSuite(TestCaseMain.java:187)
	at com.kms.katalon.core.main.TestCaseMain$startTestSuite$0.call(Unknown Source)
	at TempTestSuite1696855132405.run(TempTestSuite1696855132405.groovy:36)
Caused by: com.kms.katalon.core.exception.StepFailedException: Actual text '' and expected text 'Invalid Login Attempt' of test object 'Object Repository/Login/TC002-Valid Email and Invalid Password/Page_Landingly  Login/h5_Invalid Login Attempt' are NOT matched.
	at com.kms.katalon.core.webui.keyword.internal.WebUIKeywordMain.stepFailed(WebUIKeywordMain.groovy:64)
	at com.kms.katalon.core.webui.keyword.builtin.VerifyElementTextKeyword$_verifyElementText_closure1.doCall(VerifyElementTextKeyword.groovy:57)
	at com.kms.katalon.core.webui.keyword.builtin.VerifyElementTextKeyword$_verifyElementText_closure1.call(VerifyElementTextKeyword.groovy)
	at com.kms.katalon.core.webui.keyword.internal.WebUIKeywordMain.runKeyword(WebUIKeywordMain.groovy:20)
	... 19 more
"/>
         <system-out><![CDATA[2023-10-09 17:41:27 - [TEST_CASE][FAILED] - Test Cases/Login/TC002-Valid Email and Invalid Password: Test Cases/Login/TC002-Valid Email and Invalid Password FAILED.
Reason:
com.kms.katalon.core.exception.StepFailedException: Verify element text of test object 'Object Repository/Login/TC002-Valid Email and Invalid Password/Page_Landingly  Login/h5_Invalid Login Attempt' FAILED.
	at com.kms.katalon.core.webui.keyword.internal.WebUIKeywordMain.stepFailed(WebUIKeywordMain.groovy:64)
	at com.kms.katalon.core.webui.keyword.internal.WebUIKeywordMain.runKeyword(WebUIKeywordMain.groovy:26)
	at com.kms.katalon.core.webui.keyword.builtin.VerifyElementTextKeyword.verifyElementText(VerifyElementTextKeyword.groovy:72)
	at com.kms.katalon.core.webui.keyword.builtin.VerifyElementTextKeyword.execute(VerifyElementTextKeyword.groovy:40)
	at com.kms.katalon.core.keyword.internal.KeywordExecutor.executeKeywordForPlatform(KeywordExecutor.groovy:74)
	at com.kms.katalon.core.webui.keyword.WebUiBuiltInKeywords.verifyElementText(WebUiBuiltInKeywords.groovy:4749)
	at com.kms.katalon.core.webui.keyword.WebUiBuiltInKeywords$verifyElementText$5.call(Unknown Source)
	at TC002-Valid Email and Invalid Password.run(TC002-Valid Email and Invalid Password:34)
	at com.kms.katalon.core.main.ScriptEngine.run(ScriptEngine.java:194)
	at com.kms.katalon.core.main.ScriptEngine.runScriptAsRawText(ScriptEngine.java:119)
	at com.kms.katalon.core.main.TestCaseExecutor.runScript(TestCaseExecutor.java:448)
	at com.kms.katalon.core.main.TestCaseExecutor.doExecute(TestCaseExecutor.java:439)
	at com.kms.katalon.core.main.TestCaseExecutor.processExecutionPhase(TestCaseExecutor.java:418)
	at com.kms.katalon.core.main.TestCaseExecutor.accessMainPhase(TestCaseExecutor.java:410)
	at com.kms.katalon.core.main.TestCaseExecutor.execute(TestCaseExecutor.java:285)
	at com.kms.katalon.core.common.CommonExecutor.accessTestCaseMainPhase(CommonExecutor.java:65)
	at com.kms.katalon.core.main.TestSuiteExecutor.accessTestSuiteMainPhase(TestSuiteExecutor.java:148)
	at com.kms.katalon.core.main.TestSuiteExecutor.execute(TestSuiteExecutor.java:106)
	at com.kms.katalon.core.main.TestCaseMain.startTestSuite(TestCaseMain.java:187)
	at com.kms.katalon.core.main.TestCaseMain$startTestSuite$0.call(Unknown Source)
	at TempTestSuite1696855132405.run(TempTestSuite1696855132405.groovy:36)
Caused by: com.kms.katalon.core.exception.StepFailedException: Actual text '' and expected text 'Invalid Login Attempt' of test object 'Object Repository/Login/TC002-Valid Email and Invalid Password/Page_Landingly  Login/h5_Invalid Login Attempt' are NOT matched.
	at com.kms.katalon.core.webui.keyword.internal.WebUIKeywordMain.stepFailed(WebUIKeywordMain.groovy:64)
	at com.kms.katalon.core.webui.keyword.builtin.VerifyElementTextKeyword$_verifyElementText_closure1.doCall(VerifyElementTextKeyword.groovy:57)
	at com.kms.katalon.core.webui.keyword.builtin.VerifyElementTextKeyword$_verifyElementText_closure1.call(VerifyElementTextKeyword.groovy)
	at com.kms.katalon.core.webui.keyword.internal.WebUIKeywordMain.runKeyword(WebUIKeywordMain.groovy:20)
	... 19 more


2023-10-09 17:41:28 - [TEST_STEP][PASSED] - openBrowser(""): Browser is opened with url: ''

2023-10-09 17:41:28 - [MESSAGE][INFO] - Starting 'Chrome' driver

2023-10-09 17:41:28 - [MESSAGE][INFO] - Action delay is set to 0 milliseconds

2023-10-09 17:41:31 - [MESSAGE][PASSED] - Browser is opened with url: ''

2023-10-09 17:41:31 - [TEST_STEP][PASSED] - maximizeWindow(): Current window maximized

2023-10-09 17:41:31 - [MESSAGE][PASSED] - Current window maximized

2023-10-09 17:41:31 - [TEST_STEP][PASSED] - navigateToUrl("https://app.landingly.com/"): Navigate to 'https://app.landingly.com/' successfully

2023-10-09 17:42:10 - [MESSAGE][PASSED] - Navigate to 'https://app.landingly.com/' successfully

2023-10-09 17:42:10 - [TEST_STEP][PASSED] - setText(findTestObject("Object Repository/Login/TC002-Valid Email and Invalid Password/Page_Landingly  Login/input_Email_login-email"), "sqaahmadtahir@gmail.com"): Text 'sqaahmadtahir@gmail.com' is set on object 'Object Repository/Login/TC002-Valid Email and Invalid Password/Page_Landingly  Login/input_Email_login-email'

2023-10-09 17:42:14 - [MESSAGE][PASSED] - Text 'sqaahmadtahir@gmail.com' is set on object 'Object Repository/Login/TC002-Valid Email and Invalid Password/Page_Landingly  Login/input_Email_login-email'

2023-10-09 17:42:14 - [TEST_STEP][PASSED] - setEncryptedText(findTestObject("Object Repository/Login/TC002-Valid Email and Invalid Password/Page_Landingly  Login/input_Forgot Password_login-password"), "aeHFOx8jV/A="): Text ****** has been set on object 'Object Repository/Login/TC002-Valid Email and Invalid Password/Page_Landingly  Login/input_Forgot Password_login-password'

2023-10-09 17:42:16 - [MESSAGE][PASSED] - Text ****** has been set on object 'Object Repository/Login/TC002-Valid Email and Invalid Password/Page_Landingly  Login/input_Forgot Password_login-password'

2023-10-09 17:42:16 - [TEST_STEP][PASSED] - click(findTestObject("Object Repository/Login/TC002-Valid Email and Invalid Password/Page_Landingly  Login/button_Sign in")): Object: 'Object Repository/Login/TC002-Valid Email and Invalid Password/Page_Landingly  Login/button_Sign in' is clicked on

2023-10-09 17:42:18 - [MESSAGE][PASSED] - Object: 'Object Repository/Login/TC002-Valid Email and Invalid Password/Page_Landingly  Login/button_Sign in' is clicked on

2023-10-09 17:42:18 - [TEST_STEP][FAILED] - verifyElementText(findTestObject("Object Repository/Login/TC002-Valid Email and Invalid Password/Page_Landingly  Login/h5_Invalid Login Attempt"), "Invalid Login Attempt"): Verify element text of test object 'Object Repository/Login/TC002-Valid Email and Invalid Password/Page_Landingly  Login/h5_Invalid Login Attempt' FAILED. (Root cause: com.kms.katalon.core.exception.StepFailedException: Verify element text of test object 'Object Repository/Login/TC002-Valid Email and Invalid Password/Page_Landingly  Login/h5_Invalid Login Attempt' FAILED.
	at com.kms.katalon.core.webui.keyword.internal.WebUIKeywordMain.stepFailed(WebUIKeywordMain.groovy:64)
	at com.kms.katalon.core.webui.keyword.internal.WebUIKeywordMain.runKeyword(WebUIKeywordMain.groovy:26)
	at com.kms.katalon.core.webui.keyword.builtin.VerifyElementTextKeyword.verifyElementText(VerifyElementTextKeyword.groovy:72)
	at com.kms.katalon.core.webui.keyword.builtin.VerifyElementTextKeyword.execute(VerifyElementTextKeyword.groovy:40)
	at com.kms.katalon.core.keyword.internal.KeywordExecutor.executeKeywordForPlatform(KeywordExecutor.groovy:74)
	at com.kms.katalon.core.webui.keyword.WebUiBuiltInKeywords.verifyElementText(WebUiBuiltInKeywords.groovy:4749)
	at com.kms.katalon.core.webui.keyword.WebUiBuiltInKeywords$verifyElementText$5.call(Unknown Source)
	at TC002-Valid Email and Invalid Password.run(TC002-Valid Email and Invalid Password:34)
	at com.kms.katalon.core.main.ScriptEngine.run(ScriptEngine.java:194)
	at com.kms.katalon.core.main.ScriptEngine.runScriptAsRawText(ScriptEngine.java:119)
	at com.kms.katalon.core.main.TestCaseExecutor.runScript(TestCaseExecutor.java:448)
	at com.kms.katalon.core.main.TestCaseExecutor.doExecute(TestCaseExecutor.java:439)
	at com.kms.katalon.core.main.TestCaseExecutor.processExecutionPhase(TestCaseExecutor.java:418)
	at com.kms.katalon.core.main.TestCaseExecutor.accessMainPhase(TestCaseExecutor.java:410)
	at com.kms.katalon.core.main.TestCaseExecutor.execute(TestCaseExecutor.java:285)
	at com.kms.katalon.core.common.CommonExecutor.accessTestCaseMainPhase(CommonExecutor.java:65)
	at com.kms.katalon.core.main.TestSuiteExecutor.accessTestSuiteMainPhase(TestSuiteExecutor.java:148)
	at com.kms.katalon.core.main.TestSuiteExecutor.execute(TestSuiteExecutor.java:106)
	at com.kms.katalon.core.main.TestCaseMain.startTestSuite(TestCaseMain.java:187)
	at com.kms.katalon.core.main.TestCaseMain$startTestSuite$0.call(Unknown Source)
	at TempTestSuite1696855132405.run(TempTestSuite1696855132405.groovy:36)
Caused by: com.kms.katalon.core.exception.StepFailedException: Actual text '' and expected text 'Invalid Login Attempt' of test object 'Object Repository/Login/TC002-Valid Email and Invalid Password/Page_Landingly  Login/h5_Invalid Login Attempt' are NOT matched.
	at com.kms.katalon.core.webui.keyword.internal.WebUIKeywordMain.stepFailed(WebUIKeywordMain.groovy:64)
	at com.kms.katalon.core.webui.keyword.builtin.VerifyElementTextKeyword$_verifyElementText_closure1.doCall(VerifyElementTextKeyword.groovy:57)
	at com.kms.katalon.core.webui.keyword.builtin.VerifyElementTextKeyword$_verifyElementText_closure1.call(VerifyElementTextKeyword.groovy)
	at com.kms.katalon.core.webui.keyword.internal.WebUIKeywordMain.runKeyword(WebUIKeywordMain.groovy:20)
	... 19 more
)

2023-10-09 17:42:22 - [MESSAGE][FAILED] - Actual text '' and expected text 'Invalid Login Attempt' of test object 'Object Repository/Login/TC002-Valid Email and Invalid Password/Page_Landingly  Login/h5_Invalid Login Attempt' are NOT matched. (Root cause: com.kms.katalon.core.exception.StepFailedException: Actual text '' and expected text 'Invalid Login Attempt' of test object 'Object Repository/Login/TC002-Valid Email and Invalid Password/Page_Landingly  Login/h5_Invalid Login Attempt' are NOT matched.
	at com.kms.katalon.core.webui.keyword.internal.WebUIKeywordMain.stepFailed(WebUIKeywordMain.groovy:64)
	at com.kms.katalon.core.webui.keyword.builtin.VerifyElementTextKeyword$_verifyElementText_closure1.doCall(VerifyElementTextKeyword.groovy:57)
	at com.kms.katalon.core.webui.keyword.builtin.VerifyElementTextKeyword$_verifyElementText_closure1.call(VerifyElementTextKeyword.groovy)
	at com.kms.katalon.core.webui.keyword.internal.WebUIKeywordMain.runKeyword(WebUIKeywordMain.groovy:20)
	at com.kms.katalon.core.webui.keyword.builtin.VerifyElementTextKeyword.verifyElementText(VerifyElementTextKeyword.groovy:72)
	at com.kms.katalon.core.webui.keyword.builtin.VerifyElementTextKeyword.execute(VerifyElementTextKeyword.groovy:40)
	at com.kms.katalon.core.keyword.internal.KeywordExecutor.executeKeywordForPlatform(KeywordExecutor.groovy:74)
	at com.kms.katalon.core.webui.keyword.WebUiBuiltInKeywords.verifyElementText(WebUiBuiltInKeywords.groovy:4749)
	at com.kms.katalon.core.webui.keyword.WebUiBuiltInKeywords$verifyElementText$5.call(Unknown Source)
	at TC002-Valid Email and Invalid Password.run(TC002-Valid Email and Invalid Password:34)
	at com.kms.katalon.core.main.ScriptEngine.run(ScriptEngine.java:194)
	at com.kms.katalon.core.main.ScriptEngine.runScriptAsRawText(ScriptEngine.java:119)
	at com.kms.katalon.core.main.TestCaseExecutor.runScript(TestCaseExecutor.java:448)
	at com.kms.katalon.core.main.TestCaseExecutor.doExecute(TestCaseExecutor.java:439)
	at com.kms.katalon.core.main.TestCaseExecutor.processExecutionPhase(TestCaseExecutor.java:418)
	at com.kms.katalon.core.main.TestCaseExecutor.accessMainPhase(TestCaseExecutor.java:410)
	at com.kms.katalon.core.main.TestCaseExecutor.execute(TestCaseExecutor.java:285)
	at com.kms.katalon.core.common.CommonExecutor.accessTestCaseMainPhase(CommonExecutor.java:65)
	at com.kms.katalon.core.main.TestSuiteExecutor.accessTestSuiteMainPhase(TestSuiteExecutor.java:148)
	at com.kms.katalon.core.main.TestSuiteExecutor.execute(TestSuiteExecutor.java:106)
	at com.kms.katalon.core.main.TestCaseMain.startTestSuite(TestCaseMain.java:187)
	at com.kms.katalon.core.main.TestCaseMain$startTestSuite$0.call(Unknown Source)
	at TempTestSuite1696855132405.run(TempTestSuite1696855132405.groovy:36)
)
[[ATTACHMENT|C:\\Users\\TDS\\git\\Landingly\\Reports\\20231009_173852\\Landingly\\20231009_173852\\1696855341465.png]]

2023-10-09 17:42:22 - [MESSAGE][FAILED] - Verify element text of test object 'Object Repository/Login/TC002-Valid Email and Invalid Password/Page_Landingly  Login/h5_Invalid Login Attempt' FAILED. (Root cause: com.kms.katalon.core.exception.StepFailedException: Verify element text of test object 'Object Repository/Login/TC002-Valid Email and Invalid Password/Page_Landingly  Login/h5_Invalid Login Attempt' FAILED.
	at com.kms.katalon.core.webui.keyword.internal.WebUIKeywordMain.stepFailed(WebUIKeywordMain.groovy:64)
	at com.kms.katalon.core.webui.keyword.internal.WebUIKeywordMain.runKeyword(WebUIKeywordMain.groovy:26)
	at com.kms.katalon.core.webui.keyword.builtin.VerifyElementTextKeyword.verifyElementText(VerifyElementTextKeyword.groovy:72)
	at com.kms.katalon.core.webui.keyword.builtin.VerifyElementTextKeyword.execute(VerifyElementTextKeyword.groovy:40)
	at com.kms.katalon.core.keyword.internal.KeywordExecutor.executeKeywordForPlatform(KeywordExecutor.groovy:74)
	at com.kms.katalon.core.webui.keyword.WebUiBuiltInKeywords.verifyElementText(WebUiBuiltInKeywords.groovy:4749)
	at com.kms.katalon.core.webui.keyword.WebUiBuiltInKeywords$verifyElementText$5.call(Unknown Source)
	at TC002-Valid Email and Invalid Password.run(TC002-Valid Email and Invalid Password:34)
	at com.kms.katalon.core.main.ScriptEngine.run(ScriptEngine.java:194)
	at com.kms.katalon.core.main.ScriptEngine.runScriptAsRawText(ScriptEngine.java:119)
	at com.kms.katalon.core.main.TestCaseExecutor.runScript(TestCaseExecutor.java:448)
	at com.kms.katalon.core.main.TestCaseExecutor.doExecute(TestCaseExecutor.java:439)
	at com.kms.katalon.core.main.TestCaseExecutor.processExecutionPhase(TestCaseExecutor.java:418)
	at com.kms.katalon.core.main.TestCaseExecutor.accessMainPhase(TestCaseExecutor.java:410)
	at com.kms.katalon.core.main.TestCaseExecutor.execute(TestCaseExecutor.java:285)
	at com.kms.katalon.core.common.CommonExecutor.accessTestCaseMainPhase(CommonExecutor.java:65)
	at com.kms.katalon.core.main.TestSuiteExecutor.accessTestSuiteMainPhase(TestSuiteExecutor.java:148)
	at com.kms.katalon.core.main.TestSuiteExecutor.execute(TestSuiteExecutor.java:106)
	at com.kms.katalon.core.main.TestCaseMain.startTestSuite(TestCaseMain.java:187)
	at com.kms.katalon.core.main.TestCaseMain$startTestSuite$0.call(Unknown Source)
	at TempTestSuite1696855132405.run(TempTestSuite1696855132405.groovy:36)
Caused by: com.kms.katalon.core.exception.StepFailedException: Actual text '' and expected text 'Invalid Login Attempt' of test object 'Object Repository/Login/TC002-Valid Email and Invalid Password/Page_Landingly  Login/h5_Invalid Login Attempt' are NOT matched.
	at com.kms.katalon.core.webui.keyword.internal.WebUIKeywordMain.stepFailed(WebUIKeywordMain.groovy:64)
	at com.kms.katalon.core.webui.keyword.builtin.VerifyElementTextKeyword$_verifyElementText_closure1.doCall(VerifyElementTextKeyword.groovy:57)
	at com.kms.katalon.core.webui.keyword.builtin.VerifyElementTextKeyword$_verifyElementText_closure1.call(VerifyElementTextKeyword.groovy)
	at com.kms.katalon.core.webui.keyword.internal.WebUIKeywordMain.runKeyword(WebUIKeywordMain.groovy:20)
	... 19 more
)
[[ATTACHMENT|C:\\Users\\TDS\\git\\Landingly\\Reports\\20231009_173852\\Landingly\\20231009_173852\\1696855342092.png]]]]></system-out>
         <system-err><![CDATA[2023-10-09 17:41:27 - [TEST_CASE][FAILED] - Test Cases/Login/TC002-Valid Email and Invalid Password: Test Cases/Login/TC002-Valid Email and Invalid Password FAILED.
Reason:
com.kms.katalon.core.exception.StepFailedException: Verify element text of test object 'Object Repository/Login/TC002-Valid Email and Invalid Password/Page_Landingly  Login/h5_Invalid Login Attempt' FAILED.
	at com.kms.katalon.core.webui.keyword.internal.WebUIKeywordMain.stepFailed(WebUIKeywordMain.groovy:64)
	at com.kms.katalon.core.webui.keyword.internal.WebUIKeywordMain.runKeyword(WebUIKeywordMain.groovy:26)
	at com.kms.katalon.core.webui.keyword.builtin.VerifyElementTextKeyword.verifyElementText(VerifyElementTextKeyword.groovy:72)
	at com.kms.katalon.core.webui.keyword.builtin.VerifyElementTextKeyword.execute(VerifyElementTextKeyword.groovy:40)
	at com.kms.katalon.core.keyword.internal.KeywordExecutor.executeKeywordForPlatform(KeywordExecutor.groovy:74)
	at com.kms.katalon.core.webui.keyword.WebUiBuiltInKeywords.verifyElementText(WebUiBuiltInKeywords.groovy:4749)
	at com.kms.katalon.core.webui.keyword.WebUiBuiltInKeywords$verifyElementText$5.call(Unknown Source)
	at TC002-Valid Email and Invalid Password.run(TC002-Valid Email and Invalid Password:34)
	at com.kms.katalon.core.main.ScriptEngine.run(ScriptEngine.java:194)
	at com.kms.katalon.core.main.ScriptEngine.runScriptAsRawText(ScriptEngine.java:119)
	at com.kms.katalon.core.main.TestCaseExecutor.runScript(TestCaseExecutor.java:448)
	at com.kms.katalon.core.main.TestCaseExecutor.doExecute(TestCaseExecutor.java:439)
	at com.kms.katalon.core.main.TestCaseExecutor.processExecutionPhase(TestCaseExecutor.java:418)
	at com.kms.katalon.core.main.TestCaseExecutor.accessMainPhase(TestCaseExecutor.java:410)
	at com.kms.katalon.core.main.TestCaseExecutor.execute(TestCaseExecutor.java:285)
	at com.kms.katalon.core.common.CommonExecutor.accessTestCaseMainPhase(CommonExecutor.java:65)
	at com.kms.katalon.core.main.TestSuiteExecutor.accessTestSuiteMainPhase(TestSuiteExecutor.java:148)
	at com.kms.katalon.core.main.TestSuiteExecutor.execute(TestSuiteExecutor.java:106)
	at com.kms.katalon.core.main.TestCaseMain.startTestSuite(TestCaseMain.java:187)
	at com.kms.katalon.core.main.TestCaseMain$startTestSuite$0.call(Unknown Source)
	at TempTestSuite1696855132405.run(TempTestSuite1696855132405.groovy:36)
Caused by: com.kms.katalon.core.exception.StepFailedException: Actual text '' and expected text 'Invalid Login Attempt' of test object 'Object Repository/Login/TC002-Valid Email and Invalid Password/Page_Landingly  Login/h5_Invalid Login Attempt' are NOT matched.
	at com.kms.katalon.core.webui.keyword.internal.WebUIKeywordMain.stepFailed(WebUIKeywordMain.groovy:64)
	at com.kms.katalon.core.webui.keyword.builtin.VerifyElementTextKeyword$_verifyElementText_closure1.doCall(VerifyElementTextKeyword.groovy:57)
	at com.kms.katalon.core.webui.keyword.builtin.VerifyElementTextKeyword$_verifyElementText_closure1.call(VerifyElementTextKeyword.groovy)
	at com.kms.katalon.core.webui.keyword.internal.WebUIKeywordMain.runKeyword(WebUIKeywordMain.groovy:20)
	... 19 more]]></system-err>
      </testcase>
      <testcase name="Test Cases/Login/TC003-Invalid Email and valid Password" time="16.607" classname="Test Cases/Login/TC003-Invalid Email and valid Password" status="PASSED">
         <system-out><![CDATA[2023-10-09 17:42:22 - [TEST_CASE][PASSED] - Test Cases/Login/TC003-Invalid Email and valid Password: Test Cases/Login/TC003-Invalid Email and valid Password

2023-10-09 17:42:23 - [TEST_STEP][PASSED] - openBrowser(""): Browser is opened with url: ''

2023-10-09 17:42:23 - [MESSAGE][WARNING] - A browser is already opened. Closing browser and opening a new one

2023-10-09 17:42:24 - [MESSAGE][INFO] - Starting 'Chrome' driver

2023-10-09 17:42:24 - [MESSAGE][INFO] - Action delay is set to 0 milliseconds

2023-10-09 17:42:27 - [MESSAGE][PASSED] - Browser is opened with url: ''

2023-10-09 17:42:27 - [TEST_STEP][PASSED] - maximizeWindow(): Current window maximized

2023-10-09 17:42:27 - [MESSAGE][PASSED] - Current window maximized

2023-10-09 17:42:27 - [TEST_STEP][PASSED] - navigateToUrl("https://app.landingly.com/"): Navigate to 'https://app.landingly.com/' successfully

2023-10-09 17:42:32 - [MESSAGE][PASSED] - Navigate to 'https://app.landingly.com/' successfully

2023-10-09 17:42:32 - [TEST_STEP][PASSED] - setText(findTestObject("Object Repository/Login/TC003-Invalid Email and valid Password/Page_Landingly  Login/input_Email_login-email"), "sqahmadtahir@gmail.com"): Text 'sqahmadtahir@gmail.com' is set on object 'Object Repository/Login/TC003-Invalid Email and valid Password/Page_Landingly  Login/input_Email_login-email'

2023-10-09 17:42:34 - [MESSAGE][PASSED] - Text 'sqahmadtahir@gmail.com' is set on object 'Object Repository/Login/TC003-Invalid Email and valid Password/Page_Landingly  Login/input_Email_login-email'

2023-10-09 17:42:34 - [TEST_STEP][PASSED] - setEncryptedText(findTestObject("Object Repository/Login/TC003-Invalid Email and valid Password/Page_Landingly  Login/input_Forgot Password_login-password"), "/5S6MFFLcE5DAenbZpYNsQ=="): Text ****** has been set on object 'Object Repository/Login/TC003-Invalid Email and valid Password/Page_Landingly  Login/input_Forgot Password_login-password'

2023-10-09 17:42:35 - [MESSAGE][PASSED] - Text ****** has been set on object 'Object Repository/Login/TC003-Invalid Email and valid Password/Page_Landingly  Login/input_Forgot Password_login-password'

2023-10-09 17:42:35 - [TEST_STEP][PASSED] - click(findTestObject("Login/TC003-Invalid Email and valid Password/Page_Landingly  Login/button_Sign in")): Object: 'Object Repository/Login/TC003-Invalid Email and valid Password/Page_Landingly  Login/button_Sign in' is clicked on

2023-10-09 17:42:36 - [MESSAGE][PASSED] - Object: 'Object Repository/Login/TC003-Invalid Email and valid Password/Page_Landingly  Login/button_Sign in' is clicked on

2023-10-09 17:42:36 - [TEST_STEP][PASSED] - verifyElementText(findTestObject("Object Repository/Login/TC003-Invalid Email and valid Password/Page_Landingly  Login/h5_Invalid Login Attempt"), "Invalid Login Attempt"): Actual text and expected text of test object 'Object Repository/Login/TC003-Invalid Email and valid Password/Page_Landingly  Login/h5_Invalid Login Attempt' are matched.

2023-10-09 17:42:38 - [MESSAGE][PASSED] - Actual text and expected text of test object 'Object Repository/Login/TC003-Invalid Email and valid Password/Page_Landingly  Login/h5_Invalid Login Attempt' are matched.

2023-10-09 17:42:38 - [TEST_STEP][PASSED] - closeBrowser(): Browser is closed

2023-10-09 17:42:39 - [MESSAGE][PASSED] - Browser is closed]]></system-out>
         <system-err><![CDATA[]]></system-err>
      </testcase>
      <testcase name="Test Cases/Login/TC004-Empty Login Fields" time="20.319" classname="Test Cases/Login/TC004-Empty Login Fields" status="PASSED">
         <system-out><![CDATA[2023-10-09 17:42:39 - [TEST_CASE][PASSED] - Test Cases/Login/TC004-Empty Login Fields: Test Cases/Login/TC004-Empty Login Fields

2023-10-09 17:42:40 - [TEST_STEP][PASSED] - openBrowser(""): Browser is opened with url: ''

2023-10-09 17:42:40 - [MESSAGE][INFO] - Starting 'Chrome' driver

2023-10-09 17:42:40 - [MESSAGE][INFO] - Action delay is set to 0 milliseconds

2023-10-09 17:42:42 - [MESSAGE][PASSED] - Browser is opened with url: ''

2023-10-09 17:42:42 - [TEST_STEP][PASSED] - maximizeWindow(): Current window maximized

2023-10-09 17:42:43 - [MESSAGE][PASSED] - Current window maximized

2023-10-09 17:42:43 - [TEST_STEP][PASSED] - navigateToUrl("https://app.landingly.com/"): Navigate to 'https://app.landingly.com/' successfully

2023-10-09 17:42:57 - [MESSAGE][PASSED] - Navigate to 'https://app.landingly.com/' successfully

2023-10-09 17:42:57 - [TEST_STEP][PASSED] - verifyElementNotClickable(findTestObject("Object Repository/Login/TC004-Empty Login Fields/Page_Landingly  Login/button_Sign in")): Object 'Object Repository/Login/TC004-Empty Login Fields/Page_Landingly  Login/button_Sign in' is NOT clickable

2023-10-09 17:42:58 - [MESSAGE][PASSED] - Object 'Object Repository/Login/TC004-Empty Login Fields/Page_Landingly  Login/button_Sign in' is NOT clickable

2023-10-09 17:42:58 - [TEST_STEP][PASSED] - closeBrowser(): Browser is closed

2023-10-09 17:42:59 - [MESSAGE][PASSED] - Browser is closed]]></system-out>
         <system-err><![CDATA[]]></system-err>
      </testcase>
      <testcase name="Test Cases/Login/TC005-Invalid Email and invalid Password" time="14.792" classname="Test Cases/Login/TC005-Invalid Email and invalid Password" status="PASSED">
         <system-out><![CDATA[2023-10-09 17:42:59 - [TEST_CASE][PASSED] - Test Cases/Login/TC005-Invalid Email and invalid Password: Test Cases/Login/TC005-Invalid Email and invalid Password

2023-10-09 17:43:00 - [TEST_STEP][PASSED] - openBrowser(""): Browser is opened with url: ''

2023-10-09 17:43:00 - [MESSAGE][INFO] - Starting 'Chrome' driver

2023-10-09 17:43:00 - [MESSAGE][INFO] - Action delay is set to 0 milliseconds

2023-10-09 17:43:03 - [MESSAGE][PASSED] - Browser is opened with url: ''

2023-10-09 17:43:03 - [TEST_STEP][PASSED] - navigateToUrl("https://app.landingly.com/"): Navigate to 'https://app.landingly.com/' successfully

2023-10-09 17:43:08 - [MESSAGE][PASSED] - Navigate to 'https://app.landingly.com/' successfully

2023-10-09 17:43:08 - [TEST_STEP][PASSED] - setText(findTestObject("Object Repository/Login/TC005-Invalid Email and invalid Password/Page_Landingly  Login/input_Email_login-email"), "sqahmadtahri@gmail.com"): Text 'sqahmadtahri@gmail.com' is set on object 'Object Repository/Login/TC005-Invalid Email and invalid Password/Page_Landingly  Login/input_Email_login-email'

2023-10-09 17:43:09 - [MESSAGE][PASSED] - Text 'sqahmadtahri@gmail.com' is set on object 'Object Repository/Login/TC005-Invalid Email and invalid Password/Page_Landingly  Login/input_Email_login-email'

2023-10-09 17:43:09 - [TEST_STEP][PASSED] - setEncryptedText(findTestObject("Object Repository/Login/TC005-Invalid Email and invalid Password/Page_Landingly  Login/input_Forgot Password_login-password"), "iGDxf8hSRT4="): Text ****** has been set on object 'Object Repository/Login/TC005-Invalid Email and invalid Password/Page_Landingly  Login/input_Forgot Password_login-password'

2023-10-09 17:43:10 - [MESSAGE][PASSED] - Text ****** has been set on object 'Object Repository/Login/TC005-Invalid Email and invalid Password/Page_Landingly  Login/input_Forgot Password_login-password'

2023-10-09 17:43:10 - [TEST_STEP][PASSED] - click(findTestObject("Object Repository/Login/TC005-Invalid Email and invalid Password/Page_Landingly  Login/button_Sign in")): Object: 'Object Repository/Login/TC005-Invalid Email and invalid Password/Page_Landingly  Login/button_Sign in' is clicked on

2023-10-09 17:43:11 - [MESSAGE][PASSED] - Object: 'Object Repository/Login/TC005-Invalid Email and invalid Password/Page_Landingly  Login/button_Sign in' is clicked on

2023-10-09 17:43:11 - [TEST_STEP][PASSED] - verifyElementText(findTestObject("Object Repository/Login/TC005-Invalid Email and invalid Password/Page_Landingly  Login/h5_Invalid Login Attempt"), "Invalid Login Attempt"): Actual text and expected text of test object 'Object Repository/Login/TC005-Invalid Email and invalid Password/Page_Landingly  Login/h5_Invalid Login Attempt' are matched.

2023-10-09 17:43:13 - [MESSAGE][PASSED] - Actual text and expected text of test object 'Object Repository/Login/TC005-Invalid Email and invalid Password/Page_Landingly  Login/h5_Invalid Login Attempt' are matched.

2023-10-09 17:43:13 - [TEST_STEP][PASSED] - closeBrowser(): Browser is closed

2023-10-09 17:43:14 - [MESSAGE][PASSED] - Browser is closed]]></system-out>
         <system-err><![CDATA[]]></system-err>
      </testcase>
      <testcase name="Test Cases/Login/TC006-Empty Username and Valid Password" time="12.615" classname="Test Cases/Login/TC006-Empty Username and Valid Password" status="PASSED">
         <system-out><![CDATA[2023-10-09 17:43:14 - [TEST_CASE][PASSED] - Test Cases/Login/TC006-Empty Username and Valid Password: Test Cases/Login/TC006-Empty Username and Valid Password

2023-10-09 17:43:15 - [TEST_STEP][PASSED] - openBrowser(""): Browser is opened with url: ''

2023-10-09 17:43:15 - [MESSAGE][INFO] - Starting 'Chrome' driver

2023-10-09 17:43:15 - [MESSAGE][INFO] - Action delay is set to 0 milliseconds

2023-10-09 17:43:18 - [MESSAGE][PASSED] - Browser is opened with url: ''

2023-10-09 17:43:18 - [TEST_STEP][PASSED] - navigateToUrl("https://app.landingly.com/"): Navigate to 'https://app.landingly.com/' successfully

2023-10-09 17:43:23 - [MESSAGE][PASSED] - Navigate to 'https://app.landingly.com/' successfully

2023-10-09 17:43:23 - [TEST_STEP][PASSED] - setEncryptedText(findTestObject("Object Repository/Login/TC006-Empty Username and Valid Password/Page_Landingly  Login/input_Forgot Password_login-password"), "7Dxoto1EjKfQbGop/Ov+1g=="): Text ****** has been set on object 'Object Repository/Login/TC006-Empty Username and Valid Password/Page_Landingly  Login/input_Forgot Password_login-password'

2023-10-09 17:43:24 - [MESSAGE][PASSED] - Text ****** has been set on object 'Object Repository/Login/TC006-Empty Username and Valid Password/Page_Landingly  Login/input_Forgot Password_login-password'

2023-10-09 17:43:24 - [TEST_STEP][PASSED] - verifyElementText(findTestObject("Object Repository/Login/TC006-Empty Username and Valid Password/Page_Landingly  Login/input_Email_login-email"), ""): Actual text and expected text of test object 'Object Repository/Login/TC006-Empty Username and Valid Password/Page_Landingly  Login/input_Email_login-email' are matched.

2023-10-09 17:43:25 - [MESSAGE][PASSED] - Actual text and expected text of test object 'Object Repository/Login/TC006-Empty Username and Valid Password/Page_Landingly  Login/input_Email_login-email' are matched.

2023-10-09 17:43:25 - [TEST_STEP][PASSED] - verifyElementNotClickable(findTestObject("Login/TC006-Empty Username and Valid Password/Page_Landingly  Login/button_Sign in")): Object 'Object Repository/Login/TC006-Empty Username and Valid Password/Page_Landingly  Login/button_Sign in' is NOT clickable

2023-10-09 17:43:25 - [MESSAGE][PASSED] - Object 'Object Repository/Login/TC006-Empty Username and Valid Password/Page_Landingly  Login/button_Sign in' is NOT clickable

2023-10-09 17:43:25 - [TEST_STEP][PASSED] - closeBrowser(): Browser is closed

2023-10-09 17:43:26 - [MESSAGE][PASSED] - Browser is closed]]></system-out>
         <system-err><![CDATA[]]></system-err>
      </testcase>
      <testcase name="Test Cases/Login/TC007-Valid Username and Empty Password" time="12.575" classname="Test Cases/Login/TC007-Valid Username and Empty Password" status="PASSED">
         <system-out><![CDATA[2023-10-09 17:43:26 - [TEST_CASE][PASSED] - Test Cases/Login/TC007-Valid Username and Empty Password: Test Cases/Login/TC007-Valid Username and Empty Password

2023-10-09 17:43:27 - [TEST_STEP][PASSED] - openBrowser(""): Browser is opened with url: ''

2023-10-09 17:43:27 - [MESSAGE][INFO] - Starting 'Chrome' driver

2023-10-09 17:43:27 - [MESSAGE][INFO] - Action delay is set to 0 milliseconds

2023-10-09 17:43:30 - [MESSAGE][PASSED] - Browser is opened with url: ''

2023-10-09 17:43:30 - [TEST_STEP][PASSED] - navigateToUrl("https://app.landingly.com/"): Navigate to 'https://app.landingly.com/' successfully

2023-10-09 17:43:36 - [MESSAGE][PASSED] - Navigate to 'https://app.landingly.com/' successfully

2023-10-09 17:43:36 - [TEST_STEP][PASSED] - setText(findTestObject("Login/TC007-Valid Username and Empty Password/Page_Landingly  Login/input_Email_login-email"), "sqaahmadtahir@gmail.com"): Text 'sqaahmadtahir@gmail.com' is set on object 'Object Repository/Login/TC007-Valid Username and Empty Password/Page_Landingly  Login/input_Email_login-email'

2023-10-09 17:43:37 - [MESSAGE][PASSED] - Text 'sqaahmadtahir@gmail.com' is set on object 'Object Repository/Login/TC007-Valid Username and Empty Password/Page_Landingly  Login/input_Email_login-email'

2023-10-09 17:43:37 - [TEST_STEP][PASSED] - verifyElementText(findTestObject("Object Repository/Login/TC006-Empty Username and Valid Password/Page_Landingly  Login/input_Forgot Password_login-password"), ""): Actual text and expected text of test object 'Object Repository/Login/TC006-Empty Username and Valid Password/Page_Landingly  Login/input_Forgot Password_login-password' are matched.

2023-10-09 17:43:37 - [MESSAGE][PASSED] - Actual text and expected text of test object 'Object Repository/Login/TC006-Empty Username and Valid Password/Page_Landingly  Login/input_Forgot Password_login-password' are matched.

2023-10-09 17:43:37 - [TEST_STEP][PASSED] - verifyElementNotClickable(findTestObject("Object Repository/Login/TC007-Valid Username and Empty Password/Page_Landingly  Login/button_Sign in")): Object 'Object Repository/Login/TC007-Valid Username and Empty Password/Page_Landingly  Login/button_Sign in' is NOT clickable

2023-10-09 17:43:38 - [MESSAGE][PASSED] - Object 'Object Repository/Login/TC007-Valid Username and Empty Password/Page_Landingly  Login/button_Sign in' is NOT clickable

2023-10-09 17:43:38 - [TEST_STEP][PASSED] - closeBrowser(): Browser is closed

2023-10-09 17:43:39 - [MESSAGE][PASSED] - Browser is closed]]></system-out>
         <system-err><![CDATA[]]></system-err>
      </testcase>
      <testcase name="Test Cases/Login/TC008-Verify user can logout" time="47.043" classname="Test Cases/Login/TC008-Verify user can logout" status="PASSED">
         <system-out><![CDATA[2023-10-09 17:43:39 - [TEST_CASE][PASSED] - Test Cases/Login/TC008-Verify user can logout: Test Cases/Login/TC008-Verify user can logout

2023-10-09 17:43:40 - [TEST_STEP][PASSED] - openBrowser(""): Browser is opened with url: ''

2023-10-09 17:43:40 - [MESSAGE][INFO] - Starting 'Chrome' driver

2023-10-09 17:43:40 - [MESSAGE][INFO] - Action delay is set to 0 milliseconds

2023-10-09 17:43:43 - [MESSAGE][PASSED] - Browser is opened with url: ''

2023-10-09 17:43:43 - [TEST_STEP][PASSED] - navigateToUrl("https://app.landingly.com/"): Navigate to 'https://app.landingly.com/' successfully

2023-10-09 17:44:14 - [MESSAGE][PASSED] - Navigate to 'https://app.landingly.com/' successfully

2023-10-09 17:44:14 - [TEST_STEP][PASSED] - setText(findTestObject("Object Repository/Login/TC008-Verify user can logout/Page_Landingly  Login/input_Email_login-email"), "sqaahmadtahir@gmail.com"): Text 'sqaahmadtahir@gmail.com' is set on object 'Object Repository/Login/TC008-Verify user can logout/Page_Landingly  Login/input_Email_login-email'

2023-10-09 17:44:15 - [MESSAGE][PASSED] - Text 'sqaahmadtahir@gmail.com' is set on object 'Object Repository/Login/TC008-Verify user can logout/Page_Landingly  Login/input_Email_login-email'

2023-10-09 17:44:15 - [TEST_STEP][PASSED] - setEncryptedText(findTestObject("Object Repository/Login/TC008-Verify user can logout/Page_Landingly  Login/input_Forgot Password_login-password"), "/5S6MFFLcE5DAenbZpYNsQ=="): Text ****** has been set on object 'Object Repository/Login/TC008-Verify user can logout/Page_Landingly  Login/input_Forgot Password_login-password'

2023-10-09 17:44:16 - [MESSAGE][PASSED] - Text ****** has been set on object 'Object Repository/Login/TC008-Verify user can logout/Page_Landingly  Login/input_Forgot Password_login-password'

2023-10-09 17:44:16 - [TEST_STEP][PASSED] - click(findTestObject("Login/TC008-Verify user can logout/Page_Landingly  Login/button_Sign in")): Object: 'Object Repository/Login/TC008-Verify user can logout/Page_Landingly  Login/button_Sign in' is clicked on

2023-10-09 17:44:17 - [MESSAGE][PASSED] - Object: 'Object Repository/Login/TC008-Verify user can logout/Page_Landingly  Login/button_Sign in' is clicked on

2023-10-09 17:44:17 - [TEST_STEP][PASSED] - verifyElementText(findTestObject("Object Repository/Login/TC008-Verify user can logout/Page_Landingly/h5_Welcome Muhammad Ahmad Tahir"), "Welcome Muhammad Ahmad Tahir"): Actual text and expected text of test object 'Object Repository/Login/TC008-Verify user can logout/Page_Landingly/h5_Welcome Muhammad Ahmad Tahir' are matched.

2023-10-09 17:44:19 - [MESSAGE][PASSED] - Actual text and expected text of test object 'Object Repository/Login/TC008-Verify user can logout/Page_Landingly/h5_Welcome Muhammad Ahmad Tahir' are matched.

2023-10-09 17:44:19 - [TEST_STEP][PASSED] - click(findTestObject("Object Repository/Login/TC008-Verify user can logout/Page_Landingly/img")): Object: 'Object Repository/Login/TC008-Verify user can logout/Page_Landingly/img' is clicked on

2023-10-09 17:44:22 - [MESSAGE][PASSED] - Object: 'Object Repository/Login/TC008-Verify user can logout/Page_Landingly/img' is clicked on

2023-10-09 17:44:22 - [TEST_STEP][PASSED] - click(findTestObject("Object Repository/Login/TC008-Verify user can logout/Page_Landingly/span_Logout")): Object: 'Object Repository/Login/TC008-Verify user can logout/Page_Landingly/span_Logout' is clicked on

2023-10-09 17:44:24 - [MESSAGE][PASSED] - Object: 'Object Repository/Login/TC008-Verify user can logout/Page_Landingly/span_Logout' is clicked on

2023-10-09 17:44:24 - [TEST_STEP][PASSED] - verifyElementText(findTestObject("Object Repository/Login/TC008-Verify user can logout/Page_Landingly  Login/p_Please sign-in to your account"), "Please sign-in to your account"): Actual text and expected text of test object 'Object Repository/Login/TC008-Verify user can logout/Page_Landingly  Login/p_Please sign-in to your account' are matched.

2023-10-09 17:44:25 - [MESSAGE][PASSED] - Actual text and expected text of test object 'Object Repository/Login/TC008-Verify user can logout/Page_Landingly  Login/p_Please sign-in to your account' are matched.

2023-10-09 17:44:25 - [TEST_STEP][PASSED] - closeBrowser(): Browser is closed

2023-10-09 17:44:26 - [MESSAGE][PASSED] - Browser is closed]]></system-out>
         <system-err><![CDATA[]]></system-err>
      </testcase>
      <testcase name="Test Cases/Login/TC009-Verify forget password working fine" time="15.855" classname="Test Cases/Login/TC009-Verify forget password working fine" status="PASSED">
         <system-out><![CDATA[2023-10-09 17:44:26 - [TEST_CASE][PASSED] - Test Cases/Login/TC009-Verify forget password working fine: Test Cases/Login/TC009-Verify forget password working fine

2023-10-09 17:44:27 - [TEST_STEP][PASSED] - openBrowser(""): Browser is opened with url: ''

2023-10-09 17:44:27 - [MESSAGE][INFO] - Starting 'Chrome' driver

2023-10-09 17:44:27 - [MESSAGE][INFO] - Action delay is set to 0 milliseconds

2023-10-09 17:44:30 - [MESSAGE][PASSED] - Browser is opened with url: ''

2023-10-09 17:44:30 - [TEST_STEP][PASSED] - navigateToUrl("https://app.landingly.com/"): Navigate to 'https://app.landingly.com/' successfully

2023-10-09 17:44:36 - [MESSAGE][PASSED] - Navigate to 'https://app.landingly.com/' successfully

[...]

2023-10-09 18:01:37 - [MESSAGE][PASSED] - Object: 'Object Repository/Projects/TC033-Verify user can add new email/Page_Landingly  Project Detail/button_Add New Email' is clicked on

2023-10-09 18:01:37 - [TEST_STEP][PASSED] - setText(findTestObject("Object Repository/Projects/TC033-Verify user can add new email/Page_Landingly  Project Detail/input__FromName"), "Ahmad"): Text 'Ahmad' is set on object 'Object Repository/Projects/TC033-Verify user can add new email/Page_Landingly  Project Detail/input__FromName'

2023-10-09 18:01:41 - [MESSAGE][PASSED] - Text 'Ahmad' is set on object 'Object Repository/Projects/TC033-Verify user can add new email/Page_Landingly  Project Detail/input__FromName'

2023-10-09 18:01:41 - [TEST_STEP][PASSED] - setText(findTestObject("Object Repository/Projects/TC033-Verify user can add new email/Page_Landingly  Project Detail/input__Subject"), "My subject"): Text 'My subject' is set on object 'Object Repository/Projects/TC033-Verify user can add new email/Page_Landingly  Project Detail/input__Subject'

2023-10-09 18:01:42 - [MESSAGE][PASSED] - Text 'My subject' is set on object 'Object Repository/Projects/TC033-Verify user can add new email/Page_Landingly  Project Detail/input__Subject'

2023-10-09 18:01:42 - [TEST_STEP][PASSED] - setText(findTestObject("Object Repository/Projects/TC033-Verify user can add new email/Page_Landingly  Project Detail/input__ReplyToEmail"), "sqaahmadtahir@gmail.com"): Text 'sqaahmadtahir@gmail.com' is set on object 'Object Repository/Projects/TC033-Verify user can add new email/Page_Landingly  Project Detail/input__ReplyToEmail'

2023-10-09 18:01:44 - [MESSAGE][PASSED] - Text 'sqaahmadtahir@gmail.com' is set on object 'Object Repository/Projects/TC033-Verify user can add new email/Page_Landingly  Project Detail/input__ReplyToEmail'

2023-10-09 18:01:44 - [TEST_STEP][FAILED] - setText(findTestObject("Projects/TC033-Verify user can add new email/Page_Landingly  Project Detail/input_mailbody"), "mail text automation"): Unable to set text 'mail text automation' of object 'Object Repository/Projects/TC033-Verify user can add new email/Page_Landingly  Project Detail/input_mailbody' (Root cause: com.kms.katalon.core.exception.StepFailedException: Unable to set text 'mail text automation' of object 'Object Repository/Projects/TC033-Verify user can add new email/Page_Landingly  Project Detail/input_mailbody'
	at com.kms.katalon.core.webui.keyword.internal.WebUIKeywordMain.stepFailed(WebUIKeywordMain.groovy:64)
	at com.kms.katalon.core.webui.keyword.internal.WebUIKeywordMain.runKeyword(WebUIKeywordMain.groovy:26)
	at com.kms.katalon.core.webui.keyword.builtin.SetTextKeyword.setText(SetTextKeyword.groovy:66)
	at com.kms.katalon.core.webui.keyword.builtin.SetTextKeyword.execute(SetTextKeyword.groovy:37)
	at com.kms.katalon.core.keyword.internal.KeywordExecutor.executeKeywordForPlatform(KeywordExecutor.groovy:74)
	at com.kms.katalon.core.webui.keyword.WebUiBuiltInKeywords.setText(WebUiBuiltInKeywords.groovy:980)
	at com.kms.katalon.core.webui.keyword.WebUiBuiltInKeywords$setText$2.call(Unknown Source)
	at TC033-Verify user can add new email.run(TC033-Verify user can add new email:58)
	at com.kms.katalon.core.main.ScriptEngine.run(ScriptEngine.java:194)
	at com.kms.katalon.core.main.ScriptEngine.runScriptAsRawText(ScriptEngine.java:119)
	at com.kms.katalon.core.main.TestCaseExecutor.runScript(TestCaseExecutor.java:448)
	at com.kms.katalon.core.main.TestCaseExecutor.doExecute(TestCaseExecutor.java:439)
	at com.kms.katalon.core.main.TestCaseExecutor.processExecutionPhase(TestCaseExecutor.java:418)
	at com.kms.katalon.core.main.TestCaseExecutor.accessMainPhase(TestCaseExecutor.java:410)
	at com.kms.katalon.core.main.TestCaseExecutor.execute(TestCaseExecutor.java:285)
	at com.kms.katalon.core.common.CommonExecutor.accessTestCaseMainPhase(CommonExecutor.java:65)
	at com.kms.katalon.core.main.TestSuiteExecutor.accessTestSuiteMainPhase(TestSuiteExecutor.java:148)
	at com.kms.katalon.core.main.TestSuiteExecutor.execute(TestSuiteExecutor.java:106)
	at com.kms.katalon.core.main.TestCaseMain.startTestSuite(TestCaseMain.java:187)
	at com.kms.katalon.core.main.TestCaseMain$startTestSuite$0.call(Unknown Source)
	at TempTestSuite1696855132405.run(TempTestSuite1696855132405.groovy:36)
Caused by: com.kms.katalon.core.webui.exception.WebElementNotFoundException: Web element with id: 'Object Repository/Projects/TC033-Verify user can add new email/Page_Landingly  Project Detail/input_mailbody' located by '//body/div[6]/div/div/div/div/span/form/div/div/div[9]/fieldset/div/span/div/div[2]/p' not found
	at com.kms.katalon.core.webui.common.WebUiCommonHelper.findWebElement(WebUiCommonHelper.java:1381)
	at com.kms.katalon.core.webui.keyword.internal.WebUIAbstractKeyword.findWebElement(WebUIAbstractKeyword.groovy:27)
	at com.kms.katalon.core.webui.keyword.internal.WebUIAbstractKeyword.findWebElement(WebUIAbstractKeyword.groovy:26)
	at com.kms.katalon.core.webui.keyword.builtin.SetTextKeyword$_setText_closure1.doCall(SetTextKeyword.groovy:51)
	at com.kms.katalon.core.webui.keyword.builtin.SetTextKeyword$_setText_closure1.call(SetTextKeyword.groovy)
	at com.kms.katalon.core.webui.keyword.internal.WebUIKeywordMain.runKeyword(WebUIKeywordMain.groovy:20)
	at com.kms.katalon.core.webui.keyword.builtin.SetTextKeyword.setText(SetTextKeyword.groovy:66)
	at com.kms.katalon.core.webui.keyword.builtin.SetTextKeyword.execute(SetTextKeyword.groovy:37)
	at com.kms.katalon.core.keyword.internal.KeywordExecutor.executeKeywordForPlatform(KeywordExecutor.groovy:74)
	at com.kms.katalon.core.webui.keyword.WebUiBuiltInKeywords.setText(WebUiBuiltInKeywords.groovy:980)
	at com.kms.katalon.core.webui.keyword.WebUiBuiltInKeywords$setText$2.call(Unknown Source)
	at Script1696509799536.run(Script1696509799536.groovy:58)
	... 13 more
)

2023-10-09 18:02:15 - [MESSAGE][INFO] - Unable to find the element located by 'By.xpath: //body/div[6]/div/div/div/div/span/form/div/div/div[9]/fieldset/div/span/div/div[2]/p'. Please recheck the objects properties to make sure the desired element is located. 

2023-10-09 18:02:16 - [MESSAGE][FAILED] - Unable to set text 'mail text automation' of object 'Object Repository/Projects/TC033-Verify user can add new email/Page_Landingly  Project Detail/input_mailbody' (Root cause: com.kms.katalon.core.exception.StepFailedException: Unable to set text 'mail text automation' of object 'Object Repository/Projects/TC033-Verify user can add new email/Page_Landingly  Project Detail/input_mailbody'
	at com.kms.katalon.core.webui.keyword.internal.WebUIKeywordMain.stepFailed(WebUIKeywordMain.groovy:64)
	at com.kms.katalon.core.webui.keyword.internal.WebUIKeywordMain.runKeyword(WebUIKeywordMain.groovy:26)
	at com.kms.katalon.core.webui.keyword.builtin.SetTextKeyword.setText(SetTextKeyword.groovy:66)
	at com.kms.katalon.core.webui.keyword.builtin.SetTextKeyword.execute(SetTextKeyword.groovy:37)
	at com.kms.katalon.core.keyword.internal.KeywordExecutor.executeKeywordForPlatform(KeywordExecutor.groovy:74)
	at com.kms.katalon.core.webui.keyword.WebUiBuiltInKeywords.setText(WebUiBuiltInKeywords.groovy:980)
	at com.kms.katalon.core.webui.keyword.WebUiBuiltInKeywords$setText$2.call(Unknown Source)
	at TC033-Verify user can add new email.run(TC033-Verify user can add new email:58)
	at com.kms.katalon.core.main.ScriptEngine.run(ScriptEngine.java:194)
	at com.kms.katalon.core.main.ScriptEngine.runScriptAsRawText(ScriptEngine.java:119)
	at com.kms.katalon.core.main.TestCaseExecutor.runScript(TestCaseExecutor.java:448)
	at com.kms.katalon.core.main.TestCaseExecutor.doExecute(TestCaseExecutor.java:439)
	at com.kms.katalon.core.main.TestCaseExecutor.processExecutionPhase(TestCaseExecutor.java:418)
	at com.kms.katalon.core.main.TestCaseExecutor.accessMainPhase(TestCaseExecutor.java:410)
	at com.kms.katalon.core.main.TestCaseExecutor.execute(TestCaseExecutor.java:285)
	at com.kms.katalon.core.common.CommonExecutor.accessTestCaseMainPhase(CommonExecutor.java:65)
	at com.kms.katalon.core.main.TestSuiteExecutor.accessTestSuiteMainPhase(TestSuiteExecutor.java:148)
	at com.kms.katalon.core.main.TestSuiteExecutor.execute(TestSuiteExecutor.java:106)
	at com.kms.katalon.core.main.TestCaseMain.startTestSuite(TestCaseMain.java:187)
	at com.kms.katalon.core.main.TestCaseMain$startTestSuite$0.call(Unknown Source)
	at TempTestSuite1696855132405.run(TempTestSuite1696855132405.groovy:36)
Caused by: com.kms.katalon.core.webui.exception.WebElementNotFoundException: Web element with id: 'Object Repository/Projects/TC033-Verify user can add new email/Page_Landingly  Project Detail/input_mailbody' located by '//body/div[6]/div/div/div/div/span/form/div/div/div[9]/fieldset/div/span/div/div[2]/p' not found
	at com.kms.katalon.core.webui.common.WebUiCommonHelper.findWebElement(WebUiCommonHelper.java:1381)
	at com.kms.katalon.core.webui.keyword.internal.WebUIAbstractKeyword.findWebElement(WebUIAbstractKeyword.groovy:27)
	at com.kms.katalon.core.webui.keyword.internal.WebUIAbstractKeyword.findWebElement(WebUIAbstractKeyword.groovy:26)
	at com.kms.katalon.core.webui.keyword.builtin.SetTextKeyword$_setText_closure1.doCall(SetTextKeyword.groovy:51)
	at com.kms.katalon.core.webui.keyword.builtin.SetTextKeyword$_setText_closure1.call(SetTextKeyword.groovy)
	at com.kms.katalon.core.webui.keyword.internal.WebUIKeywordMain.runKeyword(WebUIKeywordMain.groovy:20)
	at com.kms.katalon.core.webui.keyword.builtin.SetTextKeyword.setText(SetTextKeyword.groovy:66)
	at com.kms.katalon.core.webui.keyword.builtin.SetTextKeyword.execute(SetTextKeyword.groovy:37)
	at com.kms.katalon.core.keyword.internal.KeywordExecutor.executeKeywordForPlatform(KeywordExecutor.groovy:74)
	at com.kms.katalon.core.webui.keyword.WebUiBuiltInKeywords.setText(WebUiBuiltInKeywords.groovy:980)
	at com.kms.katalon.core.webui.keyword.WebUiBuiltInKeywords$setText$2.call(Unknown Source)
	at Script1696509799536.run(Script1696509799536.groovy:58)
	... 13 more
)
[[ATTACHMENT|C:\\Users\\TDS\\git\\Landingly\\Reports\\20231009_173852\\Landingly\\20231009_173852\\1696856535709.png]]]]></system-out>
         <system-err><![CDATA[2023-10-09 18:01:02 - [TEST_CASE][FAILED] - Test Cases/Projects/TC033-Verify user can add new email: Test Cases/Projects/TC033-Verify user can add new email FAILED.
Reason:
com.kms.katalon.core.exception.StepFailedException: Unable to set text 'mail text automation' of object 'Object Repository/Projects/TC033-Verify user can add new email/Page_Landingly  Project Detail/input_mailbody'
	at com.kms.katalon.core.webui.keyword.internal.WebUIKeywordMain.stepFailed(WebUIKeywordMain.groovy:64)
	at com.kms.katalon.core.webui.keyword.internal.WebUIKeywordMain.runKeyword(WebUIKeywordMain.groovy:26)
	at com.kms.katalon.core.webui.keyword.builtin.SetTextKeyword.setText(SetTextKeyword.groovy:66)
	at com.kms.katalon.core.webui.keyword.builtin.SetTextKeyword.execute(SetTextKeyword.groovy:37)
	at com.kms.katalon.core.keyword.internal.KeywordExecutor.executeKeywordForPlatform(KeywordExecutor.groovy:74)
	at com.kms.katalon.core.webui.keyword.WebUiBuiltInKeywords.setText(WebUiBuiltInKeywords.groovy:980)
	at com.kms.katalon.core.webui.keyword.WebUiBuiltInKeywords$setText$2.call(Unknown Source)
	at TC033-Verify user can add new email.run(TC033-Verify user can add new email:58)
	at com.kms.katalon.core.main.ScriptEngine.run(ScriptEngine.java:194)
	at com.kms.katalon.core.main.ScriptEngine.runScriptAsRawText(ScriptEngine.java:119)
	at com.kms.katalon.core.main.TestCaseExecutor.runScript(TestCaseExecutor.java:448)
	at com.kms.katalon.core.main.TestCaseExecutor.doExecute(TestCaseExecutor.java:439)
	at com.kms.katalon.core.main.TestCaseExecutor.processExecutionPhase(TestCaseExecutor.java:418)
	at com.kms.katalon.core.main.TestCaseExecutor.accessMainPhase(TestCaseExecutor.java:410)
	at com.kms.katalon.core.main.TestCaseExecutor.execute(TestCaseExecutor.java:285)
	at com.kms.katalon.core.common.CommonExecutor.accessTestCaseMainPhase(CommonExecutor.java:65)
	at com.kms.katalon.core.main.TestSuiteExecutor.accessTestSuiteMainPhase(TestSuiteExecutor.java:148)
	at com.kms.katalon.core.main.TestSuiteExecutor.execute(TestSuiteExecutor.java:106)
	at com.kms.katalon.core.main.TestCaseMain.startTestSuite(TestCaseMain.java:187)
	at com.kms.katalon.core.main.TestCaseMain$startTestSuite$0.call(Unknown Source)
	at TempTestSuite1696855132405.run(TempTestSuite1696855132405.groovy:36)
Caused by: com.kms.katalon.core.webui.exception.WebElementNotFoundException: Web element with id: 'Object Repository/Projects/TC033-Verify user can add new email/Page_Landingly  Project Detail/input_mailbody' located by '//body/div[6]/div/div/div/div/span/form/div/div/div[9]/fieldset/div/span/div/div[2]/p' not found
	at com.kms.katalon.core.webui.common.WebUiCommonHelper.findWebElement(WebUiCommonHelper.java:1381)
	at com.kms.katalon.core.webui.keyword.internal.WebUIAbstractKeyword.findWebElement(WebUIAbstractKeyword.groovy:27)
	at com.kms.katalon.core.webui.keyword.internal.WebUIAbstractKeyword.findWebElement(WebUIAbstractKeyword.groovy:26)
	at com.kms.katalon.core.webui.keyword.builtin.SetTextKeyword$_setText_closure1.doCall(SetTextKeyword.groovy:51)
	at com.kms.katalon.core.webui.keyword.builtin.SetTextKeyword$_setText_closure1.call(SetTextKeyword.groovy)
	at com.kms.katalon.core.webui.keyword.internal.WebUIKeywordMain.runKeyword(WebUIKeywordMain.groovy:20)
	... 19 more]]></system-err>
      </testcase>
      <system-out><![CDATA[2023-10-09 17:39:05 - [TEST_SUITE][FAILED] - Landingly: Test Cases/Dashboard/TC014-Verify user can click on continue button FAILED.
Reason:
com.kms.katalon.core.exception.StepFailedException: Verify element text of test object 'Object Repository/Dashboard/TC014-Verify user can click on continue button/Page_Landingly  Projects/h2_Projects' FAILED.
	at com.kms.katalon.core.webui.keyword.internal.WebUIKeywordMain.stepFailed(WebUIKeywordMain.groovy:64)
	at com.kms.katalon.core.webui.keyword.internal.WebUIKeywordMain.runKeyword(WebUIKeywordMain.groovy:26)
	at com.kms.katalon.core.webui.keyword.builtin.VerifyElementTextKeyword.verifyElementText(VerifyElementTextKeyword.groovy:72)
	at com.kms.katalon.core.webui.keyword.builtin.VerifyElementTextKeyword.execute(VerifyElementTextKeyword.groovy:40)
	at com.kms.katalon.core.keyword.internal.KeywordExecutor.executeKeywordForPlatform(KeywordExecutor.groovy:74)
	at com.kms.katalon.core.webui.keyword.WebUiBuiltInKeywords.verifyElementText(WebUiBuiltInKeywords.groovy:4749)
	at com.kms.katalon.core.webui.keyword.WebUiBuiltInKeywords$verifyElementText$5.call(Unknown Source)
	at TC014-Verify user can click on continue button.run(TC014-Verify user can click on continue button:34)
	at com.kms.katalon.core.main.ScriptEngine.run(ScriptEngine.java:194)
	at com.kms.katalon.core.main.ScriptEngine.runScriptAsRawText(ScriptEngine.java:119)
	at com.kms.katalon.core.main.TestCaseExecutor.runScript(TestCaseExecutor.java:448)
	at com.kms.katalon.core.main.TestCaseExecutor.doExecute(TestCaseExecutor.java:439)
	at com.kms.katalon.core.main.TestCaseExecutor.processExecutionPhase(TestCaseExecutor.java:418)
	at com.kms.katalon.core.main.TestCaseExecutor.accessMainPhase(TestCaseExecutor.java:410)
	at com.kms.katalon.core.main.TestCaseExecutor.execute(TestCaseExecutor.java:285)
	at com.kms.katalon.core.common.CommonExecutor.accessTestCaseMainPhase(CommonExecutor.java:65)
	at com.kms.katalon.core.main.TestSuiteExecutor.accessTestSuiteMainPhase(TestSuiteExecutor.java:148)
	at com.kms.katalon.core.main.TestSuiteExecutor.execute(TestSuiteExecutor.java:106)
	at com.kms.katalon.core.main.TestCaseMain.startTestSuite(TestCaseMain.java:187)
	at com.kms.katalon.core.main.TestCaseMain$startTestSuite$0.call(Unknown Source)
	at TempTestSuite1696855132405.run(TempTestSuite1696855132405.groovy:36)
Caused by: com.kms.katalon.core.exception.StepFailedException: com.kms.katalon.core.webui.exception.WebElementNotFoundException: Web element with id: 'Object Repository/Dashboard/TC014-Verify user can click on continue button/Page_Landingly  Projects/h2_Projects' located by '//div[@id='app']/div/div[3]/div[3]/div/div/div[2]/div/div/div/h2' not found
	at com.kms.katalon.core.webui.keyword.internal.WebUIKeywordMain.stepFailed(WebUIKeywordMain.groovy:64)
	at com.kms.katalon.core.webui.keyword.builtin.VerifyElementTextKeyword$_verifyElementText_closure1.doCall(VerifyElementTextKeyword.groovy:64)
	at com.kms.katalon.core.webui.keyword.builtin.VerifyElementTextKeyword$_verifyElementText_closure1.call(VerifyElementTextKeyword.groovy)
	at com.kms.katalon.core.webui.keyword.internal.WebUIKeywordMain.runKeyword(WebUIKeywordMain.groovy:20)
	... 19 more]]></system-out>
      <system-err><![CDATA[2023-10-09 17:39:05 - [TEST_SUITE][FAILED] - Landingly: Test Cases/Dashboard/TC014-Verify user can click on continue button FAILED.
Reason:
com.kms.katalon.core.exception.StepFailedException: Verify element text of test object 'Object Repository/Dashboard/TC014-Verify user can click on continue button/Page_Landingly  Projects/h2_Projects' FAILED.
	at com.kms.katalon.core.webui.keyword.internal.WebUIKeywordMain.stepFailed(WebUIKeywordMain.groovy:64)
	at com.kms.katalon.core.webui.keyword.internal.WebUIKeywordMain.runKeyword(WebUIKeywordMain.groovy:26)
	at com.kms.katalon.core.webui.keyword.builtin.VerifyElementTextKeyword.verifyElementText(VerifyElementTextKeyword.groovy:72)
	at com.kms.katalon.core.webui.keyword.builtin.VerifyElementTextKeyword.execute(VerifyElementTextKeyword.groovy:40)
	at com.kms.katalon.core.keyword.internal.KeywordExecutor.executeKeywordForPlatform(KeywordExecutor.groovy:74)
	at com.kms.katalon.core.webui.keyword.WebUiBuiltInKeywords.verifyElementText(WebUiBuiltInKeywords.groovy:4749)
	at com.kms.katalon.core.webui.keyword.WebUiBuiltInKeywords$verifyElementText$5.call(Unknown Source)
	at TC014-Verify user can click on continue button.run(TC014-Verify user can click on continue button:34)
	at com.kms.katalon.core.main.ScriptEngine.run(ScriptEngine.java:194)
	at com.kms.katalon.core.main.ScriptEngine.runScriptAsRawText(ScriptEngine.java:119)
	at com.kms.katalon.core.main.TestCaseExecutor.runScript(TestCaseExecutor.java:448)
	at com.kms.katalon.core.main.TestCaseExecutor.doExecute(TestCaseExecutor.java:439)
	at com.kms.katalon.core.main.TestCaseExecutor.processExecutionPhase(TestCaseExecutor.java:418)
	at com.kms.katalon.core.main.TestCaseExecutor.accessMainPhase(TestCaseExecutor.java:410)
	at com.kms.katalon.core.main.TestCaseExecutor.execute(TestCaseExecutor.java:285)
	at com.kms.katalon.core.common.CommonExecutor.accessTestCaseMainPhase(CommonExecutor.java:65)
	at com.kms.katalon.core.main.TestSuiteExecutor.accessTestSuiteMainPhase(TestSuiteExecutor.java:148)
	at com.kms.katalon.core.main.TestSuiteExecutor.execute(TestSuiteExecutor.java:106)
	at com.kms.katalon.core.main.TestCaseMain.startTestSuite(TestCaseMain.java:187)
	at com.kms.katalon.core.main.TestCaseMain$startTestSuite$0.call(Unknown Source)
	at TempTestSuite1696855132405.run(TempTestSuite1696855132405.groovy:36)
Caused by: com.kms.katalon.core.exception.StepFailedException: com.kms.katalon.core.webui.exception.WebElementNotFoundException: Web element with id: 'Object Repository/Dashboard/TC014-Verify user can click on continue button/Page_Landingly  Projects/h2_Projects' located by '//div[@id='app']/div/div[3]/div[3]/div/div/div[2]/div/div/div/h2' not found
	at com.kms.katalon.core.webui.keyword.internal.WebUIKeywordMain.stepFailed(WebUIKeywordMain.groovy:64)
	at com.kms.katalon.core.webui.keyword.builtin.VerifyElementTextKeyword$_verifyElementText_closure1.doCall(VerifyElementTextKeyword.groovy:64)
	at com.kms.katalon.core.webui.keyword.builtin.VerifyElementTextKeyword$_verifyElementText_closure1.call(VerifyElementTextKeyword.groovy)
	at com.kms.katalon.core.webui.keyword.internal.WebUIKeywordMain.runKeyword(WebUIKeywordMain.groovy:20)
	... 19 more]]></system-err>
   </testsuite>
</testsuites>
