<?xml version="1.0" encoding="UTF-8"?>
<testsuites name="Landingly" time="1521.681" tests="34" failures="2" errors="0">
   <testsuite name="Landingly" tests="34" failures="2" errors="0" time="1521.681" skipped="0" timestamp="2023-10-10 09:13:00" hostname="TDS - DESKTOP-3BHH4MD" id="Test Suites/Landingly">
      <properties>
         <property name="deviceName" value=""/>
         <property name="devicePlatform" value=""/>
         <property name="logFolder" value="C:\\Users\\TDS\\git\\Landingly\\Reports\\20231010_091242\\Landingly\\20231010_091242"/>
         <property name="logFiles" value="C:\\Users\\TDS\\git\\Landingly\\Reports\\20231010_091242\\Landingly\\20231010_091242\\execution0.log"/>
         <property name="attachments" value="C:\\Users\\TDS\\git\\Landingly\\Reports\\20231010_091242\\Landingly\\20231010_091242\\1696911626628.png, C:\\Users\\TDS\\git\\Landingly\\Reports\\20231010_091242\\Landingly\\20231010_091242\\1696912701962.png"/>
         <property name="hostName" value="TDS - DESKTOP-3BHH4MD"/>
         <property name="os" value="Windows 10 64bit"/>
         <property name="katalonVersion" value="8.6.6.208"/>
         <property name="browser" value="Chrome 117.0.0.0"/>
         <property name="hostAddress" value="192.168.0.108"/>
         <property name="sessionId" value="0b3acca3f9f62c89ba80a9f1400ab5eb"/>
         <property name="seleniumVersion" value="3.141.59"/>
         <property name="proxyInformation" value="ProxyInformation { proxyOption=NO_PROXY, proxyServerType=HTTP, username=, password=********, proxyServerAddress=, proxyServerPort=0, executionList=&quot;&quot;, isApplyToDesiredCapabilities=true }"/>
         <property name="platform" value="Windows 10"/>
      </properties>
      <testcase name="Test Cases/Contacts/TC001-contacts-Verify user can add new contact" time="70.072" classname="Test Cases/Contacts/TC001-contacts-Verify user can add new contact" status="PASSED">
         <system-out><![CDATA[2023-10-10 09:13:01 - [TEST_CASE][PASSED] - Test Cases/Contacts/TC001-contacts-Verify user can add new contact: Test Cases/Contacts/TC001-contacts-Verify user can add new contact

2023-10-10 09:13:04 - [TEST_STEP][PASSED] - openBrowser(""): Browser is opened with url: ''

2023-10-10 09:13:07 - [MESSAGE][INFO] - Starting 'Chrome' driver

2023-10-10 09:13:08 - [MESSAGE][INFO] - Action delay is set to 0 milliseconds

2023-10-10 09:13:24 - [MESSAGE][PASSED] - Browser is opened with url: ''

2023-10-10 09:13:24 - [TEST_STEP][PASSED] - maximizeWindow(): Current window maximized

2023-10-10 09:13:25 - [MESSAGE][PASSED] - Current window maximized

2023-10-10 09:13:25 - [TEST_STEP][PASSED] - navigateToUrl("https://app.landingly.com/"): Navigate to 'https://app.landingly.com/' successfully

2023-10-10 09:13:31 - [MESSAGE][PASSED] - Navigate to 'https://app.landingly.com/' successfully

2023-10-10 09:13:31 - [TEST_STEP][PASSED] - setText(findTestObject("Object Repository/Contacts/TC001-contacts-Verify user can add new contact/Page_Landingly  Login/input_Email_login-email"), "sqaahmadtahir@gmail.com"): Text 'sqaahmadtahir@gmail.com' is set on object 'Object Repository/Contacts/TC001-contacts-Verify user can add new contact/Page_Landingly  Login/input_Email_login-email'

2023-10-10 09:13:34 - [MESSAGE][PASSED] - Text 'sqaahmadtahir@gmail.com' is set on object 'Object Repository/Contacts/TC001-contacts-Verify user can add new contact/Page_Landingly  Login/input_Email_login-email'

2023-10-10 09:13:34 - [TEST_STEP][PASSED] - setEncryptedText(findTestObject("Object Repository/Contacts/TC001-contacts-Verify user can add new contact/Page_Landingly  Login/input_Forgot Password_login-password"), "/5S6MFFLcE5DAenbZpYNsQ=="): Text ****** has been set on object 'Object Repository/Contacts/TC001-contacts-Verify user can add new contact/Page_Landingly  Login/input_Forgot Password_login-password'

2023-10-10 09:13:35 - [MESSAGE][PASSED] - Text ****** has been set on object 'Object Repository/Contacts/TC001-contacts-Verify user can add new contact/Page_Landingly  Login/input_Forgot Password_login-password'

2023-10-10 09:13:35 - [TEST_STEP][PASSED] - click(findTestObject("Object Repository/Contacts/TC001-contacts-Verify user can add new contact/Page_Landingly  Login/button_Sign in")): Object: 'Object Repository/Contacts/TC001-contacts-Verify user can add new contact/Page_Landingly  Login/button_Sign in' is clicked on

2023-10-10 09:13:36 - [MESSAGE][PASSED] - Object: 'Object Repository/Contacts/TC001-contacts-Verify user can add new contact/Page_Landingly  Login/button_Sign in' is clicked on

2023-10-10 09:13:36 - [TEST_STEP][PASSED] - click(findTestObject("Object Repository/Contacts/TC001-contacts-Verify user can add new contact/Page_Landingly/a_Contacts")): Object: 'Object Repository/Contacts/TC001-contacts-Verify user can add new contact/Page_Landingly/a_Contacts' is clicked on

2023-10-10 09:13:40 - [MESSAGE][PASSED] - Object: 'Object Repository/Contacts/TC001-contacts-Verify user can add new contact/Page_Landingly/a_Contacts' is clicked on

2023-10-10 09:13:40 - [TEST_STEP][PASSED] - click(findTestObject("Object Repository/Contacts/TC001-contacts-Verify user can add new contact/Page_Landingly  Contacts/button_New Contact")): Object: 'Object Repository/Contacts/TC001-contacts-Verify user can add new contact/Page_Landingly  Contacts/button_New Contact' is clicked on

2023-10-10 09:13:44 - [MESSAGE][PASSED] - Object: 'Object Repository/Contacts/TC001-contacts-Verify user can add new contact/Page_Landingly  Contacts/button_New Contact' is clicked on

2023-10-10 09:13:44 - [TEST_STEP][PASSED] - setText(findTestObject("Object Repository/Contacts/TC001-contacts-Verify user can add new contact/Page_Landingly  Contacts/input__Name"), "new test contact"): Text 'new test contact' is set on object 'Object Repository/Contacts/TC001-contacts-Verify user can add new contact/Page_Landingly  Contacts/input__Name'

2023-10-10 09:13:51 - [MESSAGE][PASSED] - Text 'new test contact' is set on object 'Object Repository/Contacts/TC001-contacts-Verify user can add new contact/Page_Landingly  Contacts/input__Name'

2023-10-10 09:13:51 - [TEST_STEP][PASSED] - address = customKeywords.Emailautomation.populateEmail(): customKeywords.Emailautomation.populateEmail is PASSED

2023-10-10 09:13:51 - [MESSAGE][PASSED] - customKeywords.Emailautomation.populateEmail is PASSED

2023-10-10 09:13:51 - [TEST_STEP][PASSED] - setText(findTestObject("Object Repository/Contacts/TC001-contacts-Verify user can add new contact/Page_Landingly  Contacts/input__Email"), address): Text 'test1631121105308100@itest.com' is set on object 'Object Repository/Contacts/TC001-contacts-Verify user can add new contact/Page_Landingly  Contacts/input__Email'

2023-10-10 09:13:53 - [MESSAGE][PASSED] - Text 'test1631121105308100@itest.com' is set on object 'Object Repository/Contacts/TC001-contacts-Verify user can add new contact/Page_Landingly  Contacts/input__Email'

2023-10-10 09:13:53 - [TEST_STEP][PASSED] - click(findTestObject("Object Repository/Contacts/TC001-contacts-Verify user can add new contact/Page_Landingly  Contacts/input__ProjectIds")): Object: 'Object Repository/Contacts/TC001-contacts-Verify user can add new contact/Page_Landingly  Contacts/input__ProjectIds' is clicked on

2023-10-10 09:13:55 - [MESSAGE][PASSED] - Object: 'Object Repository/Contacts/TC001-contacts-Verify user can add new contact/Page_Landingly  Contacts/input__ProjectIds' is clicked on

2023-10-10 09:13:55 - [TEST_STEP][PASSED] - click(findTestObject("Object Repository/Contacts/TC001-contacts-Verify user can add new contact/Page_Landingly  Contacts/span_new optin project")): Object: 'Object Repository/Contacts/TC001-contacts-Verify user can add new contact/Page_Landingly  Contacts/span_new optin project' is clicked on

2023-10-10 09:13:56 - [MESSAGE][PASSED] - Object: 'Object Repository/Contacts/TC001-contacts-Verify user can add new contact/Page_Landingly  Contacts/span_new optin project' is clicked on

2023-10-10 09:13:56 - [TEST_STEP][PASSED] - click(findTestObject("Object Repository/Contacts/TC001-contacts-Verify user can add new contact/Page_Landingly  Contacts/button_Save")): Object: 'Object Repository/Contacts/TC001-contacts-Verify user can add new contact/Page_Landingly  Contacts/button_Save' is clicked on

2023-10-10 09:13:57 - [MESSAGE][PASSED] - Object: 'Object Repository/Contacts/TC001-contacts-Verify user can add new contact/Page_Landingly  Contacts/button_Save' is clicked on

2023-10-10 09:13:57 - [TEST_STEP][PASSED] - verifyElementText(findTestObject("Object Repository/Contacts/TC001-contacts-Verify user can add new contact/Page_Landingly  Contacts/div_Contact is added successfully"), "Contact is added successfully"): Actual text and expected text of test object 'Object Repository/Contacts/TC001-contacts-Verify user can add new contact/Page_Landingly  Contacts/div_Contact is added successfully' are matched.

2023-10-10 09:13:59 - [MESSAGE][PASSED] - Actual text and expected text of test object 'Object Repository/Contacts/TC001-contacts-Verify user can add new contact/Page_Landingly  Contacts/div_Contact is added successfully' are matched.

2023-10-10 09:13:59 - [TEST_STEP][PASSED] - closeBrowser(): Browser is closed

2023-10-10 09:14:12 - [MESSAGE][PASSED] - Browser is closed]]></system-out>
         <system-err><![CDATA[]]></system-err>
      </testcase>
      <testcase name="Test Cases/Dashboard/TC014-Verify user can click on continue button" time="40.088" classname="Test Cases/Dashboard/TC014-Verify user can click on continue button" status="PASSED">
         <system-out><![CDATA[2023-10-10 09:14:12 - [TEST_CASE][PASSED] - Test Cases/Dashboard/TC014-Verify user can click on continue button: Test Cases/Dashboard/TC014-Verify user can click on continue button

2023-10-10 09:14:13 - [TEST_STEP][PASSED] - openBrowser(""): Browser is opened with url: ''

2023-10-10 09:14:13 - [MESSAGE][INFO] - Starting 'Chrome' driver

2023-10-10 09:14:13 - [MESSAGE][INFO] - Action delay is set to 0 milliseconds

2023-10-10 09:14:16 - [MESSAGE][PASSED] - Browser is opened with url: ''

2023-10-10 09:14:16 - [TEST_STEP][PASSED] - maximizeWindow(): Current window maximized

2023-10-10 09:14:16 - [MESSAGE][PASSED] - Current window maximized

2023-10-10 09:14:16 - [TEST_STEP][PASSED] - navigateToUrl("https://app.landingly.com/"): Navigate to 'https://app.landingly.com/' successfully

2023-10-10 09:14:22 - [MESSAGE][PASSED] - Navigate to 'https://app.landingly.com/' successfully

2023-10-10 09:14:22 - [TEST_STEP][PASSED] - setText(findTestObject("Object Repository/Dashboard/TC014-Verify user can click on continue button/Page_Landingly  Login/input_Email_login-email"), "sqaahmadtahir@gmail.com"): Text 'sqaahmadtahir@gmail.com' is set on object 'Object Repository/Dashboard/TC014-Verify user can click on continue button/Page_Landingly  Login/input_Email_login-email'

2023-10-10 09:14:24 - [MESSAGE][PASSED] - Text 'sqaahmadtahir@gmail.com' is set on object 'Object Repository/Dashboard/TC014-Verify user can click on continue button/Page_Landingly  Login/input_Email_login-email'

2023-10-10 09:14:24 - [TEST_STEP][PASSED] - setEncryptedText(findTestObject("Object Repository/Dashboard/TC014-Verify user can click on continue button/Page_Landingly  Login/input_Forgot Password_login-password"), "/5S6MFFLcE5DAenbZpYNsQ=="): Text ****** has been set on object 'Object Repository/Dashboard/TC014-Verify user can click on continue button/Page_Landingly  Login/input_Forgot Password_login-password'

2023-10-10 09:14:26 - [MESSAGE][PASSED] - Text ****** has been set on object 'Object Repository/Dashboard/TC014-Verify user can click on continue button/Page_Landingly  Login/input_Forgot Password_login-password'

2023-10-10 09:14:26 - [TEST_STEP][PASSED] - click(findTestObject("Object Repository/Dashboard/TC014-Verify user can click on continue button/Page_Landingly  Login/button_Sign in")): Object: 'Object Repository/Dashboard/TC014-Verify user can click on continue button/Page_Landingly  Login/button_Sign in' is clicked on

2023-10-10 09:14:27 - [MESSAGE][PASSED] - Object: 'Object Repository/Dashboard/TC014-Verify user can click on continue button/Page_Landingly  Login/button_Sign in' is clicked on

2023-10-10 09:14:27 - [TEST_STEP][PASSED] - click(findTestObject("Object Repository/Dashboard/TC014-Verify user can click on continue button/Page_Landingly/button_Continue")): Object: 'Object Repository/Dashboard/TC014-Verify user can click on continue button/Page_Landingly/button_Continue' is clicked on

2023-10-10 09:14:30 - [MESSAGE][PASSED] - Object: 'Object Repository/Dashboard/TC014-Verify user can click on continue button/Page_Landingly/button_Continue' is clicked on

2023-10-10 09:14:30 - [TEST_STEP][PASSED] - verifyElementText(findTestObject("Object Repository/Dashboard/TC014-Verify user can click on continue button/Page_Landingly  Projects/h2_Projects"), "Projects"): Actual text and expected text of test object 'Object Repository/Dashboard/TC014-Verify user can click on continue button/Page_Landingly  Projects/h2_Projects' are matched.

2023-10-10 09:14:43 - [MESSAGE][PASSED] - Actual text and expected text of test object 'Object Repository/Dashboard/TC014-Verify user can click on continue button/Page_Landingly  Projects/h2_Projects' are matched.

2023-10-10 09:14:43 - [TEST_STEP][PASSED] - closeBrowser(): Browser is closed

2023-10-10 09:14:52 - [MESSAGE][PASSED] - Browser is closed]]></system-out>
         <system-err><![CDATA[]]></system-err>
      </testcase>
      <testcase name="Test Cases/Dashboard/TC015-Verify user can change theme dark-light" time="32.215" classname="Test Cases/Dashboard/TC015-Verify user can change theme dark-light" status="PASSED">
         <system-out><![CDATA[2023-10-10 09:14:52 - [TEST_CASE][PASSED] - Test Cases/Dashboard/TC015-Verify user can change theme dark-light: Test Cases/Dashboard/TC015-Verify user can change theme dark-light

2023-10-10 09:14:53 - [TEST_STEP][PASSED] - openBrowser(""): Browser is opened with url: ''

2023-10-10 09:14:53 - [MESSAGE][INFO] - Starting 'Chrome' driver

2023-10-10 09:14:53 - [MESSAGE][INFO] - Action delay is set to 0 milliseconds

2023-10-10 09:14:56 - [MESSAGE][PASSED] - Browser is opened with url: ''

2023-10-10 09:14:56 - [TEST_STEP][PASSED] - maximizeWindow(): Current window maximized

2023-10-10 09:14:57 - [MESSAGE][PASSED] - Current window maximized

2023-10-10 09:14:57 - [TEST_STEP][PASSED] - navigateToUrl("https://app.landingly.com/login"): Navigate to 'https://app.landingly.com/login' successfully

2023-10-10 09:15:03 - [MESSAGE][PASSED] - Navigate to 'https://app.landingly.com/login' successfully

2023-10-10 09:15:03 - [TEST_STEP][PASSED] - setText(findTestObject("Object Repository/Dashboard/TC015-Verify user can change theme dark-light/Page_Landingly  Login/input_Email_login-email"), "sqaahmadtahir@gmail.com"): Text 'sqaahmadtahir@gmail.com' is set on object 'Object Repository/Dashboard/TC015-Verify user can change theme dark-light/Page_Landingly  Login/input_Email_login-email'

2023-10-10 09:15:04 - [MESSAGE][PASSED] - Text 'sqaahmadtahir@gmail.com' is set on object 'Object Repository/Dashboard/TC015-Verify user can change theme dark-light/Page_Landingly  Login/input_Email_login-email'

2023-10-10 09:15:04 - [TEST_STEP][PASSED] - setEncryptedText(findTestObject("Object Repository/Dashboard/TC015-Verify user can change theme dark-light/Page_Landingly  Login/input_Forgot Password_login-password"), "/5S6MFFLcE5DAenbZpYNsQ=="): Text ****** has been set on object 'Object Repository/Dashboard/TC015-Verify user can change theme dark-light/Page_Landingly  Login/input_Forgot Password_login-password'

2023-10-10 09:15:05 - [MESSAGE][PASSED] - Text ****** has been set on object 'Object Repository/Dashboard/TC015-Verify user can change theme dark-light/Page_Landingly  Login/input_Forgot Password_login-password'

2023-10-10 09:15:05 - [TEST_STEP][PASSED] - click(findTestObject("Object Repository/Dashboard/TC015-Verify user can change theme dark-light/Page_Landingly  Login/button_Sign in")): Object: 'Object Repository/Dashboard/TC015-Verify user can change theme dark-light/Page_Landingly  Login/button_Sign in' is clicked on

2023-10-10 09:15:06 - [MESSAGE][PASSED] - Object: 'Object Repository/Dashboard/TC015-Verify user can change theme dark-light/Page_Landingly  Login/button_Sign in' is clicked on

2023-10-10 09:15:06 - [TEST_STEP][PASSED] - delay(10): Delayed 10 second(s)

2023-10-10 09:15:17 - [MESSAGE][PASSED] - Delayed 10 second(s)

2023-10-10 09:15:17 - [TEST_STEP][PASSED] - if (verifyElementPresent(findTestObject("Object Repository/Dashboard/TC015-Verify user can change theme dark-light/Page_Landingly/svg_Profile_feather feather-sun"), 10, CONTINUE_ON_FAILURE)): null

2023-10-10 09:15:17 - [MESSAGE][PASSED] - Object 'Object Repository/Dashboard/TC015-Verify user can change theme dark-light/Page_Landingly/svg_Profile_feather feather-sun' is present

2023-10-10 09:15:17 - [TEST_STEP][PASSED] - click(findTestObject("Object Repository/Dashboard/TC015-Verify user can change theme dark-light/Page_Landingly/svg_Profile_feather feather-sun")): Object: 'Object Repository/Dashboard/TC015-Verify user can change theme dark-light/Page_Landingly/svg_Profile_feather feather-sun' is clicked on

2023-10-10 09:15:18 - [MESSAGE][PASSED] - Object: 'Object Repository/Dashboard/TC015-Verify user can change theme dark-light/Page_Landingly/svg_Profile_feather feather-sun' is clicked on

2023-10-10 09:15:18 - [TEST_STEP][PASSED] - click(findTestObject("Object Repository/Dashboard/TC015-Verify user can change theme dark-light/Page_Landingly/svg_Profile_feather feather-moon")): Object: 'Object Repository/Dashboard/TC015-Verify user can change theme dark-light/Page_Landingly/svg_Profile_feather feather-moon' is clicked on

2023-10-10 09:15:19 - [MESSAGE][PASSED] - Object: 'Object Repository/Dashboard/TC015-Verify user can change theme dark-light/Page_Landingly/svg_Profile_feather feather-moon' is clicked on

2023-10-10 09:15:19 - [TEST_STEP][PASSED] - closeBrowser(): Browser is closed

2023-10-10 09:15:24 - [MESSAGE][PASSED] - Browser is closed]]></system-out>
         <system-err><![CDATA[]]></system-err>
      </testcase>
      <testcase name="Test Cases/Login/TC001-Validlogin" time="35.021" classname="Test Cases/Login/TC001-Validlogin" status="PASSED">
         <system-out><![CDATA[2023-10-10 09:15:24 - [TEST_CASE][PASSED] - Test Cases/Login/TC001-Validlogin: Test Cases/Login/TC001-Validlogin

2023-10-10 09:15:25 - [TEST_STEP][PASSED] - openBrowser(""): Browser is opened with url: ''

2023-10-10 09:15:25 - [MESSAGE][INFO] - Starting 'Chrome' driver

2023-10-10 09:15:25 - [MESSAGE][INFO] - Action delay is set to 0 milliseconds

2023-10-10 09:15:28 - [MESSAGE][PASSED] - Browser is opened with url: ''

2023-10-10 09:15:28 - [TEST_STEP][PASSED] - maximizeWindow(): Current window maximized

2023-10-10 09:15:29 - [MESSAGE][PASSED] - Current window maximized

2023-10-10 09:15:29 - [TEST_STEP][PASSED] - navigateToUrl("https://app.landingly.com/"): Navigate to 'https://app.landingly.com/' successfully

2023-10-10 09:15:55 - [MESSAGE][PASSED] - Navigate to 'https://app.landingly.com/' successfully

2023-10-10 09:15:55 - [TEST_STEP][PASSED] - setText(findTestObject("Object Repository/Login/TC001-Validlogin/Page_Landingly  Login/input_Email_login-email"), "sqaahmadtahir@gmail.com"): Text 'sqaahmadtahir@gmail.com' is set on object 'Object Repository/Login/TC001-Validlogin/Page_Landingly  Login/input_Email_login-email'

2023-10-10 09:15:56 - [MESSAGE][PASSED] - Text 'sqaahmadtahir@gmail.com' is set on object 'Object Repository/Login/TC001-Validlogin/Page_Landingly  Login/input_Email_login-email'

2023-10-10 09:15:56 - [TEST_STEP][PASSED] - setEncryptedText(findTestObject("Object Repository/Login/TC001-Validlogin/Page_Landingly  Login/input_Forgot Password_login-password"), "/5S6MFFLcE5DAenbZpYNsQ=="): Text ****** has been set on object 'Object Repository/Login/TC001-Validlogin/Page_Landingly  Login/input_Forgot Password_login-password'

2023-10-10 09:15:57 - [MESSAGE][PASSED] - Text ****** has been set on object 'Object Repository/Login/TC001-Validlogin/Page_Landingly  Login/input_Forgot Password_login-password'

2023-10-10 09:15:57 - [TEST_STEP][PASSED] - click(findTestObject("Object Repository/Login/TC001-Validlogin/Page_Landingly  Login/button_Sign in")): Object: 'Object Repository/Login/TC001-Validlogin/Page_Landingly  Login/button_Sign in' is clicked on

2023-10-10 09:15:58 - [MESSAGE][PASSED] - Object: 'Object Repository/Login/TC001-Validlogin/Page_Landingly  Login/button_Sign in' is clicked on

2023-10-10 09:15:58 - [TEST_STEP][PASSED] - closeBrowser(): Browser is closed

2023-10-10 09:15:59 - [MESSAGE][PASSED] - Browser is closed]]></system-out>
         <system-err><![CDATA[]]></system-err>
      </testcase>
      <testcase name="Test Cases/Login/TC002-Valid Email and Invalid Password" time="17.219" classname="Test Cases/Login/TC002-Valid Email and Invalid Password" status="PASSED">
         <system-out><![CDATA[2023-10-10 09:15:59 - [TEST_CASE][PASSED] - Test Cases/Login/TC002-Valid Email and Invalid Password: Test Cases/Login/TC002-Valid Email and Invalid Password

2023-10-10 09:16:00 - [TEST_STEP][PASSED] - openBrowser(""): Browser is opened with url: ''

2023-10-10 09:16:00 - [MESSAGE][INFO] - Starting 'Chrome' driver

2023-10-10 09:16:00 - [MESSAGE][INFO] - Action delay is set to 0 milliseconds

2023-10-10 09:16:03 - [MESSAGE][PASSED] - Browser is opened with url: ''

2023-10-10 09:16:03 - [TEST_STEP][PASSED] - navigateToUrl("https://app.landingly.com/"): Navigate to 'https://app.landingly.com/' successfully

2023-10-10 09:16:10 - [MESSAGE][PASSED] - Navigate to 'https://app.landingly.com/' successfully

2023-10-10 09:16:10 - [TEST_STEP][PASSED] - setText(findTestObject("Object Repository/Login/TC002-Valid Email and Invalid Password/Page_Landingly  Login/input_Email_login-email"), "sqaahmadtahir@gmail.com"): Text 'sqaahmadtahir@gmail.com' is set on object 'Object Repository/Login/TC002-Valid Email and Invalid Password/Page_Landingly  Login/input_Email_login-email'

2023-10-10 09:16:11 - [MESSAGE][PASSED] - Text 'sqaahmadtahir@gmail.com' is set on object 'Object Repository/Login/TC002-Valid Email and Invalid Password/Page_Landingly  Login/input_Email_login-email'

2023-10-10 09:16:11 - [TEST_STEP][PASSED] - setEncryptedText(findTestObject("Object Repository/Login/TC002-Valid Email and Invalid Password/Page_Landingly  Login/input_Forgot Password_login-password"), "aeHFOx8jV/A="): Text ****** has been set on object 'Object Repository/Login/TC002-Valid Email and Invalid Password/Page_Landingly  Login/input_Forgot Password_login-password'

2023-10-10 09:16:12 - [MESSAGE][PASSED] - Text ****** has been set on object 'Object Repository/Login/TC002-Valid Email and Invalid Password/Page_Landingly  Login/input_Forgot Password_login-password'

2023-10-10 09:16:12 - [TEST_STEP][PASSED] - click(findTestObject("Object Repository/Login/TC002-Valid Email and Invalid Password/Page_Landingly  Login/button_Sign in")): Object: 'Object Repository/Login/TC002-Valid Email and Invalid Password/Page_Landingly  Login/button_Sign in' is clicked on

2023-10-10 09:16:13 - [MESSAGE][PASSED] - Object: 'Object Repository/Login/TC002-Valid Email and Invalid Password/Page_Landingly  Login/button_Sign in' is clicked on

2023-10-10 09:16:13 - [TEST_STEP][PASSED] - verifyElementText(findTestObject("Object Repository/Login/TC002-Valid Email and Invalid Password/Page_Landingly  Login/h5_Invalid Login Attempt"), "Invalid Login Attempt"): Actual text and expected text of test object 'Object Repository/Login/TC002-Valid Email and Invalid Password/Page_Landingly  Login/h5_Invalid Login Attempt' are matched.

2023-10-10 09:16:15 - [MESSAGE][PASSED] - Actual text and expected text of test object 'Object Repository/Login/TC002-Valid Email and Invalid Password/Page_Landingly  Login/h5_Invalid Login Attempt' are matched.

2023-10-10 09:16:15 - [TEST_STEP][PASSED] - closeBrowser(): Browser is closed

2023-10-10 09:16:16 - [MESSAGE][PASSED] - Browser is closed]]></system-out>
         <system-err><![CDATA[]]></system-err>
      </testcase>
      <testcase name="Test Cases/Login/TC003-Invalid Email and valid Password" time="22.226" classname="Test Cases/Login/TC003-Invalid Email and valid Password" status="PASSED">
         <system-out><![CDATA[2023-10-10 09:16:16 - [TEST_CASE][PASSED] - Test Cases/Login/TC003-Invalid Email and valid Password: Test Cases/Login/TC003-Invalid Email and valid Password

2023-10-10 09:16:17 - [TEST_STEP][PASSED] - openBrowser(""): Browser is opened with url: ''

2023-10-10 09:16:17 - [MESSAGE][INFO] - Starting 'Chrome' driver

2023-10-10 09:16:17 - [MESSAGE][INFO] - Action delay is set to 0 milliseconds

2023-10-10 09:16:20 - [MESSAGE][PASSED] - Browser is opened with url: ''

2023-10-10 09:16:20 - [TEST_STEP][PASSED] - maximizeWindow(): Current window maximized

2023-10-10 09:16:21 - [MESSAGE][PASSED] - Current window maximized

2023-10-10 09:16:21 - [TEST_STEP][PASSED] - navigateToUrl("https://app.landingly.com/"): Navigate to 'https://app.landingly.com/' successfully

2023-10-10 09:16:28 - [MESSAGE][PASSED] - Navigate to 'https://app.landingly.com/' successfully

2023-10-10 09:16:28 - [TEST_STEP][PASSED] - setText(findTestObject("Object Repository/Login/TC003-Invalid Email and valid Password/Page_Landingly  Login/input_Email_login-email"), "sqahmadtahir@gmail.com"): Text 'sqahmadtahir@gmail.com' is set on object 'Object Repository/Login/TC003-Invalid Email and valid Password/Page_Landingly  Login/input_Email_login-email'

2023-10-10 09:16:29 - [MESSAGE][PASSED] - Text 'sqahmadtahir@gmail.com' is set on object 'Object Repository/Login/TC003-Invalid Email and valid Password/Page_Landingly  Login/input_Email_login-email'

2023-10-10 09:16:29 - [TEST_STEP][PASSED] - setEncryptedText(findTestObject("Object Repository/Login/TC003-Invalid Email and valid Password/Page_Landingly  Login/input_Forgot Password_login-password"), "/5S6MFFLcE5DAenbZpYNsQ=="): Text ****** has been set on object 'Object Repository/Login/TC003-Invalid Email and valid Password/Page_Landingly  Login/input_Forgot Password_login-password'

2023-10-10 09:16:31 - [MESSAGE][PASSED] - Text ****** has been set on object 'Object Repository/Login/TC003-Invalid Email and valid Password/Page_Landingly  Login/input_Forgot Password_login-password'

2023-10-10 09:16:31 - [TEST_STEP][PASSED] - click(findTestObject("Login/TC003-Invalid Email and valid Password/Page_Landingly  Login/button_Sign in")): Object: 'Object Repository/Login/TC003-Invalid Email and valid Password/Page_Landingly  Login/button_Sign in' is clicked on

2023-10-10 09:16:32 - [MESSAGE][PASSED] - Object: 'Object Repository/Login/TC003-Invalid Email and valid Password/Page_Landingly  Login/button_Sign in' is clicked on

2023-10-10 09:16:32 - [TEST_STEP][PASSED] - verifyElementText(findTestObject("Object Repository/Login/TC003-Invalid Email and valid Password/Page_Landingly  Login/h5_Invalid Login Attempt"), "Invalid Login Attempt"): Actual text and expected text of test object 'Object Repository/Login/TC003-Invalid Email and valid Password/Page_Landingly  Login/h5_Invalid Login Attempt' are matched.

2023-10-10 09:16:34 - [MESSAGE][PASSED] - Actual text and expected text of test object 'Object Repository/Login/TC003-Invalid Email and valid Password/Page_Landingly  Login/h5_Invalid Login Attempt' are matched.

2023-10-10 09:16:34 - [TEST_STEP][PASSED] - closeBrowser(): Browser is closed

2023-10-10 09:16:38 - [MESSAGE][PASSED] - Browser is closed]]></system-out>
         <system-err><![CDATA[]]></system-err>
      </testcase>
      <testcase name="Test Cases/Login/TC004-Empty Login Fields" time="17.866" classname="Test Cases/Login/TC004-Empty Login Fields" status="PASSED">
         <system-out><![CDATA[2023-10-10 09:16:38 - [TEST_CASE][PASSED] - Test Cases/Login/TC004-Empty Login Fields: Test Cases/Login/TC004-Empty Login Fields

2023-10-10 09:16:40 - [TEST_STEP][PASSED] - openBrowser(""): Browser is opened with url: ''

2023-10-10 09:16:40 - [MESSAGE][INFO] - Starting 'Chrome' driver

2023-10-10 09:16:40 - [MESSAGE][INFO] - Action delay is set to 0 milliseconds

2023-10-10 09:16:46 - [MESSAGE][PASSED] - Browser is opened with url: ''

2023-10-10 09:16:46 - [TEST_STEP][PASSED] - maximizeWindow(): Current window maximized

2023-10-10 09:16:46 - [MESSAGE][PASSED] - Current window maximized

2023-10-10 09:16:46 - [TEST_STEP][PASSED] - navigateToUrl("https://app.landingly.com/"): Navigate to 'https://app.landingly.com/' successfully

2023-10-10 09:16:53 - [MESSAGE][PASSED] - Navigate to 'https://app.landingly.com/' successfully

2023-10-10 09:16:53 - [TEST_STEP][PASSED] - verifyElementNotClickable(findTestObject("Object Repository/Login/TC004-Empty Login Fields/Page_Landingly  Login/button_Sign in")): Object 'Object Repository/Login/TC004-Empty Login Fields/Page_Landingly  Login/button_Sign in' is NOT clickable

2023-10-10 09:16:54 - [MESSAGE][PASSED] - Object 'Object Repository/Login/TC004-Empty Login Fields/Page_Landingly  Login/button_Sign in' is NOT clickable

2023-10-10 09:16:54 - [TEST_STEP][PASSED] - closeBrowser(): Browser is closed

2023-10-10 09:16:56 - [MESSAGE][PASSED] - Browser is closed]]></system-out>
         <system-err><![CDATA[]]></system-err>
      </testcase>
      <testcase name="Test Cases/Login/TC005-Invalid Email and invalid Password" time="25.993" classname="Test Cases/Login/TC005-Invalid Email and invalid Password" status="PASSED">
         <system-out><![CDATA[2023-10-10 09:16:56 - [TEST_CASE][PASSED] - Test Cases/Login/TC005-Invalid Email and invalid Password: Test Cases/Login/TC005-Invalid Email and invalid Password

2023-10-10 09:16:58 - [TEST_STEP][PASSED] - openBrowser(""): Browser is opened with url: ''

2023-10-10 09:16:58 - [MESSAGE][INFO] - Starting 'Chrome' driver

2023-10-10 09:16:58 - [MESSAGE][INFO] - Action delay is set to 0 milliseconds

2023-10-10 09:17:02 - [MESSAGE][PASSED] - Browser is opened with url: ''

2023-10-10 09:17:02 - [TEST_STEP][PASSED] - navigateToUrl("https://app.landingly.com/"): Navigate to 'https://app.landingly.com/' successfully

2023-10-10 09:17:15 - [MESSAGE][PASSED] - Navigate to 'https://app.landingly.com/' successfully

2023-10-10 09:17:15 - [TEST_STEP][PASSED] - setText(findTestObject("Object Repository/Login/TC005-Invalid Email and invalid Password/Page_Landingly  Login/input_Email_login-email"), "sqahmadtahri@gmail.com"): Text 'sqahmadtahri@gmail.com' is set on object 'Object Repository/Login/TC005-Invalid Email and invalid Password/Page_Landingly  Login/input_Email_login-email'

2023-10-10 09:17:16 - [MESSAGE][PASSED] - Text 'sqahmadtahri@gmail.com' is set on object 'Object Repository/Login/TC005-Invalid Email and invalid Password/Page_Landingly  Login/input_Email_login-email'

2023-10-10 09:17:16 - [TEST_STEP][PASSED] - setEncryptedText(findTestObject("Object Repository/Login/TC005-Invalid Email and invalid Password/Page_Landingly  Login/input_Forgot Password_login-password"), "iGDxf8hSRT4="): Text ****** has been set on object 'Object Repository/Login/TC005-Invalid Email and invalid Password/Page_Landingly  Login/input_Forgot Password_login-password'

2023-10-10 09:17:17 - [MESSAGE][PASSED] - Text ****** has been set on object 'Object Repository/Login/TC005-Invalid Email and invalid Password/Page_Landingly  Login/input_Forgot Password_login-password'

2023-10-10 09:17:17 - [TEST_STEP][PASSED] - click(findTestObject("Object Repository/Login/TC005-Invalid Email and invalid Password/Page_Landingly  Login/button_Sign in")): Object: 'Object Repository/Login/TC005-Invalid Email and invalid Password/Page_Landingly  Login/button_Sign in' is clicked on

2023-10-10 09:17:19 - [MESSAGE][PASSED] - Object: 'Object Repository/Login/TC005-Invalid Email and invalid Password/Page_Landingly  Login/button_Sign in' is clicked on

2023-10-10 09:17:19 - [TEST_STEP][PASSED] - verifyElementText(findTestObject("Object Repository/Login/TC005-Invalid Email and invalid Password/Page_Landingly  Login/h5_Invalid Login Attempt"), "Invalid Login Attempt"): Actual text and expected text of test object 'Object Repository/Login/TC005-Invalid Email and invalid Password/Page_Landingly  Login/h5_Invalid Login Attempt' are matched.

2023-10-10 09:17:20 - [MESSAGE][PASSED] - Actual text and expected text of test object 'Object Repository/Login/TC005-Invalid Email and invalid Password/Page_Landingly  Login/h5_Invalid Login Attempt' are matched.

2023-10-10 09:17:20 - [TEST_STEP][PASSED] - closeBrowser(): Browser is closed

2023-10-10 09:17:22 - [MESSAGE][PASSED] - Browser is closed]]></system-out>
         <system-err><![CDATA[]]></system-err>
      </testcase>
      <testcase name="Test Cases/Login/TC006-Empty Username and Valid Password" time="15.996" classname="Test Cases/Login/TC006-Empty Username and Valid Password" status="PASSED">
         <system-out><![CDATA[2023-10-10 09:17:22 - [TEST_CASE][PASSED] - Test Cases/Login/TC006-Empty Username and Valid Password: Test Cases/Login/TC006-Empty Username and Valid Password

2023-10-10 09:17:24 - [TEST_STEP][PASSED] - openBrowser(""): Browser is opened with url: ''

2023-10-10 09:17:24 - [MESSAGE][INFO] - Starting 'Chrome' driver

2023-10-10 09:17:24 - [MESSAGE][INFO] - Action delay is set to 0 milliseconds

2023-10-10 09:17:28 - [MESSAGE][PASSED] - Browser is opened with url: ''

2023-10-10 09:17:28 - [TEST_STEP][PASSED] - navigateToUrl("https://app.landingly.com/"): Navigate to 'https://app.landingly.com/' successfully

2023-10-10 09:17:34 - [MESSAGE][PASSED] - Navigate to 'https://app.landingly.com/' successfully

2023-10-10 09:17:34 - [TEST_STEP][PASSED] - setEncryptedText(findTestObject("Object Repository/Login/TC006-Empty Username and Valid Password/Page_Landingly  Login/input_Forgot Password_login-password"), "7Dxoto1EjKfQbGop/Ov+1g=="): Text ****** has been set on object 'Object Repository/Login/TC006-Empty Username and Valid Password/Page_Landingly  Login/input_Forgot Password_login-password'

2023-10-10 09:17:35 - [MESSAGE][PASSED] - Text ****** has been set on object 'Object Repository/Login/TC006-Empty Username and Valid Password/Page_Landingly  Login/input_Forgot Password_login-password'

2023-10-10 09:17:35 - [TEST_STEP][PASSED] - verifyElementText(findTestObject("Object Repository/Login/TC006-Empty Username and Valid Password/Page_Landingly  Login/input_Email_login-email"), ""): Actual text and expected text of test object 'Object Repository/Login/TC006-Empty Username and Valid Password/Page_Landingly  Login/input_Email_login-email' are matched.

2023-10-10 09:17:36 - [MESSAGE][PASSED] - Actual text and expected text of test object 'Object Repository/Login/TC006-Empty Username and Valid Password/Page_Landingly  Login/input_Email_login-email' are matched.

2023-10-10 09:17:36 - [TEST_STEP][PASSED] - verifyElementNotClickable(findTestObject("Login/TC006-Empty Username and Valid Password/Page_Landingly  Login/button_Sign in")): Object 'Object Repository/Login/TC006-Empty Username and Valid Password/Page_Landingly  Login/button_Sign in' is NOT clickable

2023-10-10 09:17:37 - [MESSAGE][PASSED] - Object 'Object Repository/Login/TC006-Empty Username and Valid Password/Page_Landingly  Login/button_Sign in' is NOT clickable

2023-10-10 09:17:37 - [TEST_STEP][PASSED] - closeBrowser(): Browser is closed

2023-10-10 09:17:38 - [MESSAGE][PASSED] - Browser is closed]]></system-out>
         <system-err><![CDATA[]]></system-err>
      </testcase>
      <testcase name="Test Cases/Login/TC007-Valid Username and Empty Password" time="25.072" classname="Test Cases/Login/TC007-Valid Username and Empty Password" status="PASSED">
         <system-out><![CDATA[2023-10-10 09:17:38 - [TEST_CASE][PASSED] - Test Cases/Login/TC007-Valid Username and Empty Password: Test Cases/Login/TC007-Valid Username and Empty Password

2023-10-10 09:17:40 - [TEST_STEP][PASSED] - openBrowser(""): Browser is opened with url: ''

2023-10-10 09:17:40 - [MESSAGE][INFO] - Starting 'Chrome' driver

2023-10-10 09:17:40 - [MESSAGE][INFO] - Action delay is set to 0 milliseconds

2023-10-10 09:17:43 - [MESSAGE][PASSED] - Browser is opened with url: ''

2023-10-10 09:17:43 - [TEST_STEP][PASSED] - navigateToUrl("https://app.landingly.com/"): Navigate to 'https://app.landingly.com/' successfully

2023-10-10 09:17:59 - [MESSAGE][PASSED] - Navigate to 'https://app.landingly.com/' successfully

2023-10-10 09:17:59 - [TEST_STEP][PASSED] - setText(findTestObject("Login/TC007-Valid Username and Empty Password/Page_Landingly  Login/input_Email_login-email"), "sqaahmadtahir@gmail.com"): Text 'sqaahmadtahir@gmail.com' is set on object 'Object Repository/Login/TC007-Valid Username and Empty Password/Page_Landingly  Login/input_Email_login-email'

2023-10-10 09:18:01 - [MESSAGE][PASSED] - Text 'sqaahmadtahir@gmail.com' is set on object 'Object Repository/Login/TC007-Valid Username and Empty Password/Page_Landingly  Login/input_Email_login-email'

2023-10-10 09:18:01 - [TEST_STEP][PASSED] - verifyElementText(findTestObject("Object Repository/Login/TC006-Empty Username and Valid Password/Page_Landingly  Login/input_Forgot Password_login-password"), ""): Actual text and expected text of test object 'Object Repository/Login/TC006-Empty Username and Valid Password/Page_Landingly  Login/input_Forgot Password_login-password' are matched.

2023-10-10 09:18:01 - [MESSAGE][PASSED] - Actual text and expected text of test object 'Object Repository/Login/TC006-Empty Username and Valid Password/Page_Landingly  Login/input_Forgot Password_login-password' are matched.

2023-10-10 09:18:01 - [TEST_STEP][PASSED] - verifyElementNotClickable(findTestObject("Object Repository/Login/TC007-Valid Username and Empty Password/Page_Landingly  Login/button_Sign in")): Object 'Object Repository/Login/TC007-Valid Username and Empty Password/Page_Landingly  Login/button_Sign in' is NOT clickable

2023-10-10 09:18:02 - [MESSAGE][PASSED] - Object 'Object Repository/Login/TC007-Valid Username and Empty Password/Page_Landingly  Login/button_Sign in' is NOT clickable

2023-10-10 09:18:02 - [TEST_STEP][PASSED] - closeBrowser(): Browser is closed

2023-10-10 09:18:03 - [MESSAGE][PASSED] - Browser is closed]]></system-out>
         <system-err><![CDATA[]]></system-err>
      </testcase>
      <testcase name="Test Cases/Login/TC008-Verify user can logout" time="25.157" classname="Test Cases/Login/TC008-Verify user can logout" status="PASSED">
         <system-out><![CDATA[2023-10-10 09:18:03 - [TEST_CASE][PASSED] - Test Cases/Login/TC008-Verify user can logout: Test Cases/Login/TC008-Verify user can logout

2023-10-10 09:18:05 - [TEST_STEP][PASSED] - openBrowser(""): Browser is opened with url: ''

2023-10-10 09:18:05 - [MESSAGE][INFO] - Starting 'Chrome' driver

2023-10-10 09:18:05 - [MESSAGE][INFO] - Action delay is set to 0 milliseconds

2023-10-10 09:18:08 - [MESSAGE][PASSED] - Browser is opened with url: ''

2023-10-10 09:18:08 - [TEST_STEP][PASSED] - navigateToUrl("https://app.landingly.com/"): Navigate to 'https://app.landingly.com/' successfully

2023-10-10 09:18:15 - [MESSAGE][PASSED] - Navigate to 'https://app.landingly.com/' successfully

2023-10-10 09:18:15 - [TEST_STEP][PASSED] - setText(findTestObject("Object Repository/Login/TC008-Verify user can logout/Page_Landingly  Login/input_Email_login-email"), "sqaahmadtahir@gmail.com"): Text 'sqaahmadtahir@gmail.com' is set on object 'Object Repository/Login/TC008-Verify user can logout/Page_Landingly  Login/input_Email_login-email'

2023-10-10 09:18:17 - [MESSAGE][PASSED] - Text 'sqaahmadtahir@gmail.com' is set on object 'Object Repository/Login/TC008-Verify user can logout/Page_Landingly  Login/input_Email_login-email'

2023-10-10 09:18:17 - [TEST_STEP][PASSED] - setEncryptedText(findTestObject("Object Repository/Login/TC008-Verify user can logout/Page_Landingly  Login/input_Forgot Password_login-password"), "/5S6MFFLcE5DAenbZpYNsQ=="): Text ****** has been set on object 'Object Repository/Login/TC008-Verify user can logout/Page_Landingly  Login/input_Forgot Password_login-password'

2023-10-10 09:18:18 - [MESSAGE][PASSED] - Text ****** has been set on object 'Object Repository/Login/TC008-Verify user can logout/Page_Landingly  Login/input_Forgot Password_login-password'

2023-10-10 09:18:18 - [TEST_STEP][PASSED] - click(findTestObject("Login/TC008-Verify user can logout/Page_Landingly  Login/button_Sign in")): Object: 'Object Repository/Login/TC008-Verify user can logout/Page_Landingly  Login/button_Sign in' is clicked on

2023-10-10 09:18:19 - [MESSAGE][PASSED] - Object: 'Object Repository/Login/TC008-Verify user can logout/Page_Landingly  Login/button_Sign in' is clicked on

2023-10-10 09:18:19 - [TEST_STEP][PASSED] - verifyElementText(findTestObject("Object Repository/Login/TC008-Verify user can logout/Page_Landingly/h5_Welcome Muhammad Ahmad Tahir"), "Welcome Muhammad Ahmad Tahir"): Actual text and expected text of test object 'Object Repository/Login/TC008-Verify user can logout/Page_Landingly/h5_Welcome Muhammad Ahmad Tahir' are matched.

2023-10-10 09:18:21 - [MESSAGE][PASSED] - Actual text and expected text of test object 'Object Repository/Login/TC008-Verify user can logout/Page_Landingly/h5_Welcome Muhammad Ahmad Tahir' are matched.

2023-10-10 09:18:21 - [TEST_STEP][PASSED] - click(findTestObject("Object Repository/Login/TC008-Verify user can logout/Page_Landingly/img")): Object: 'Object Repository/Login/TC008-Verify user can logout/Page_Landingly/img' is clicked on

2023-10-10 09:18:25 - [MESSAGE][PASSED] - Object: 'Object Repository/Login/TC008-Verify user can logout/Page_Landingly/img' is clicked on

2023-10-10 09:18:25 - [TEST_STEP][PASSED] - click(findTestObject("Object Repository/Login/TC008-Verify user can logout/Page_Landingly/span_Logout")): Object: 'Object Repository/Login/TC008-Verify user can logout/Page_Landingly/span_Logout' is clicked on

2023-10-10 09:18:27 - [MESSAGE][PASSED] - Object: 'Object Repository/Login/TC008-Verify user can logout/Page_Landingly/span_Logout' is clicked on

2023-10-10 09:18:27 - [TEST_STEP][PASSED] - verifyElementText(findTestObject("Object Repository/Login/TC008-Verify user can logout/Page_Landingly  Login/p_Please sign-in to your account"), "Please sign-in to your account"): Actual text and expected text of test object 'Object Repository/Login/TC008-Verify user can logout/Page_Landingly  Login/p_Please sign-in to your account' are matched.

2023-10-10 09:18:27 - [MESSAGE][PASSED] - Actual text and expected text of test object 'Object Repository/Login/TC008-Verify user can logout/Page_Landingly  Login/p_Please sign-in to your account' are matched.

2023-10-10 09:18:27 - [TEST_STEP][PASSED] - closeBrowser(): Browser is closed

2023-10-10 09:18:29 - [MESSAGE][PASSED] - Browser is closed]]></system-out>
         <system-err><![CDATA[]]></system-err>
      </testcase>
      <testcase name="Test Cases/Login/TC009-Verify forget password working fine" time="22.211" classname="Test Cases/Login/TC009-Verify forget password working fine" status="PASSED">
         <system-out><![CDATA[2023-10-10 09:18:29 - [TEST_CASE][PASSED] - Test Cases/Login/TC009-Verify forget password working fine: Test Cases/Login/TC009-Verify forget password working fine

2023-10-10 09:18:30 - [TEST_STEP][PASSED] - openBrowser(""): Browser is opened with url: ''

2023-10-10 09:18:30 - [MESSAGE][INFO] - Starting 'Chrome' driver

2023-10-10 09:18:30 - [MESSAGE][INFO] - Action delay is set to 0 milliseconds

2023-10-10 09:18:34 - [MESSAGE][PASSED] - Browser is opened with url: ''

2023-10-10 09:18:34 - [TEST_STEP][PASSED] - navigateToUrl("https://app.landingly.com/"): Navigate to 'https://app.landingly.com/' successfully

2023-10-10 09:18:40 - [MESSAGE][PASSED] - Navigate to 'https://app.landingly.com/' successfully

2023-10-10 09:18:40 - [TEST_STEP][PASSED] - click(findTestObject("Object Repository/Login/TC009-Verify forget password working fine/Page_Landingly  Login/small_Forgot Password")): Object: 'Object Repository/Login/TC009-Verify forget password working fine/Page_Landingly  Login/small_Forgot Password' is clicked on

2023-10-10 09:18:41 - [MESSAGE][PASSED] - Object: 'Object Repository/Login/TC009-Verify forget password working fine/Page_Landingly  Login/small_Forgot Password' is clicked on

2023-10-10 09:18:41 - [TEST_STEP][PASSED] - setText(findTestObject("Object Repository/Login/TC009-Verify forget password working fine/Page_Landingly  Login/input_Email_useremail"), "sqaahmadtahir@gmail.com"): Text 'sqaahmadtahir@gmail.com' is set on object 'Object Repository/Login/TC009-Verify forget password working fine/Page_Landingly  Login/input_Email_useremail'

2023-10-10 09:18:44 - [MESSAGE][PASSED] - Text 'sqaahmadtahir@gmail.com' is set on object 'Object Repository/Login/TC009-Verify forget password working fine/Page_Landingly  Login/input_Email_useremail'

2023-10-10 09:18:44 - [TEST_STEP][PASSED] - click(findTestObject("Object Repository/Login/TC009-Verify forget password working fine/Page_Landingly  Login/button_Send password reset link")): Object: 'Object Repository/Login/TC009-Verify forget password working fine/Page_Landingly  Login/button_Send password reset link' is clicked on

2023-10-10 09:18:46 - [MESSAGE][PASSED] - Object: 'Object Repository/Login/TC009-Verify forget password working fine/Page_Landingly  Login/button_Send password reset link' is clicked on

2023-10-10 09:18:46 - [TEST_STEP][PASSED] - verifyElementText(findTestObject("Object Repository/Login/TC009-Verify forget password working fine/Page_Landingly  Login/h5_Please check your email to reset a new password"), "Please check your email to reset a new password."): Actual text and expected text of test object 'Object Repository/Login/TC009-Verify forget password working fine/Page_Landingly  Login/h5_Please check your email to reset a new password' are matched.

2023-10-10 09:18:48 - [MESSAGE][PASSED] - Actual text and expected text of test object 'Object Repository/Login/TC009-Verify forget password working fine/Page_Landingly  Login/h5_Please check your email to reset a new password' are matched.

2023-10-10 09:18:48 - [TEST_STEP][PASSED] - closeBrowser(): Browser is closed

2023-10-10 09:18:51 - [MESSAGE][PASSED] - Browser is closed]]></system-out>
         <system-err><![CDATA[]]></system-err>
      </testcase>
      <testcase name="Test Cases/Profile/TC010-Verify user can upload profile picture" time="37.9" classname="Test Cases/Profile/TC010-Verify user can upload profile picture" status="PASSED">
         <system-out><![CDATA[2023-10-10 09:18:51 - [TEST_CASE][PASSED] - Test Cases/Profile/TC010-Verify user can upload profile picture: Test Cases/Profile/TC010-Verify user can upload profile picture

2023-10-10 09:18:53 - [TEST_STEP][PASSED] - openBrowser(""): Browser is opened with url: ''

2023-10-10 09:18:53 - [MESSAGE][INFO] - Starting 'Chrome' driver

2023-10-10 09:18:53 - [MESSAGE][INFO] - Action delay is set to 0 milliseconds

2023-10-10 09:18:57 - [MESSAGE][PASSED] - Browser is opened with url: ''

2023-10-10 09:18:57 - [TEST_STEP][PASSED] - maximizeWindow(): Current window maximized

2023-10-10 09:18:57 - [MESSAGE][PASSED] - Current window maximized

2023-10-10 09:18:57 - [TEST_STEP][PASSED] - navigateToUrl("https://app.landingly.com/"): Navigate to 'https://app.landingly.com/' successfully

2023-10-10 09:19:04 - [MESSAGE][PASSED] - Navigate to 'https://app.landingly.com/' successfully

2023-10-10 09:19:04 - [TEST_STEP][PASSED] - setText(findTestObject("Object Repository/Profile/TC010-Verify user can upload profile picture/Page_Landingly  Login/input_Email_login-email"), "sqaahmadtahir@gmail.com"): Text 'sqaahmadtahir@gmail.com' is set on object 'Object Repository/Profile/TC010-Verify user can upload profile picture/Page_Landingly  Login/input_Email_login-email'

2023-10-10 09:19:05 - [MESSAGE][PASSED] - Text 'sqaahmadtahir@gmail.com' is set on object 'Object Repository/Profile/TC010-Verify user can upload profile picture/Page_Landingly  Login/input_Email_login-email'

2023-10-10 09:19:05 - [TEST_STEP][PASSED] - setEncryptedText(findTestObject("Object Repository/Profile/TC010-Verify user can upload profile picture/Page_Landingly  Login/input_Forgot Password_login-password"), "/5S6MFFLcE5DAenbZpYNsQ=="): Text ****** has been set on object 'Object Repository/Profile/TC010-Verify user can upload profile picture/Page_Landingly  Login/input_Forgot Password_login-password'

2023-10-10 09:19:06 - [MESSAGE][PASSED] - Text ****** has been set on object 'Object Repository/Profile/TC010-Verify user can upload profile picture/Page_Landingly  Login/input_Forgot Password_login-password'

2023-10-10 09:19:06 - [TEST_STEP][PASSED] - click(findTestObject("Object Repository/Profile/TC010-Verify user can upload profile picture/Page_Landingly  Login/button_Sign in")): Object: 'Object Repository/Profile/TC010-Verify user can upload profile picture/Page_Landingly  Login/button_Sign in' is clicked on

2023-10-10 09:19:07 - [MESSAGE][PASSED] - Object: 'Object Repository/Profile/TC010-Verify user can upload profile picture/Page_Landingly  Login/button_Sign in' is clicked on

2023-10-10 09:19:07 - [TEST_STEP][PASSED] - click(findTestObject("Object Repository/Profile/TC010-Verify user can upload profile picture/Page_Landingly/img")): Object: 'Object Repository/Profile/TC010-Verify user can upload profile picture/Page_Landingly/img' is clicked on

2023-10-10 09:19:13 - [MESSAGE][PASSED] - Object: 'Object Repository/Profile/TC010-Verify user can upload profile picture/Page_Landingly/img' is clicked on

2023-10-10 09:19:13 - [TEST_STEP][PASSED] - click(findTestObject("Object Repository/Profile/TC010-Verify user can upload profile picture/Page_Landingly/span_Profile")): Object: 'Object Repository/Profile/TC010-Verify user can upload profile picture/Page_Landingly/span_Profile' is clicked on

2023-10-10 09:19:14 - [MESSAGE][PASSED] - Object: 'Object Repository/Profile/TC010-Verify user can upload profile picture/Page_Landingly/span_Profile' is clicked on

2023-10-10 09:19:14 - [TEST_STEP][PASSED] - uploadFile(findTestObject("Profile/TC010-Verify user can upload profile picture/Page_Landingly  Profile/uploadimage"), "C:/Users/TDS/git/Landingly/images/linkedin(2).png"): File 'C:/Users/TDS/git/Landingly/images/linkedin(2).png' sent to object: 'Object Repository/Profile/TC010-Verify user can upload profile picture/Page_Landingly  Profile/uploadimage'

2023-10-10 09:19:17 - [MESSAGE][PASSED] - File 'C:/Users/TDS/git/Landingly/images/linkedin(2).png' sent to object: 'Object Repository/Profile/TC010-Verify user can upload profile picture/Page_Landingly  Profile/uploadimage'

2023-10-10 09:19:17 - [TEST_STEP][PASSED] - delay(10): Delayed 10 second(s)

2023-10-10 09:19:27 - [MESSAGE][PASSED] - Delayed 10 second(s)

2023-10-10 09:19:27 - [TEST_STEP][PASSED] - attribute = getAttribute(findTestObject("Profile/TC010-Verify user can upload profile picture/Page_Landingly  Profile/varifyimageuploaded"), "src"): Attribute 'src' of object 'Object Repository/Profile/TC010-Verify user can upload profile picture/Page_Landingly  Profile/varifyimageuploaded' is: 'https://api.landingly.com/Images/ProfilePics/3def73ec-074c-4973-a741-1b7a0673b606/3b6a9352-5eec-4528-bf42-dfc0f94da658.png'

2023-10-10 09:19:28 - [MESSAGE][PASSED] - Attribute 'src' of object 'Object Repository/Profile/TC010-Verify user can upload profile picture/Page_Landingly  Profile/varifyimageuploaded' is: 'https://api.landingly.com/Images/ProfilePics/3def73ec-074c-4973-a741-1b7a0673b606/3b6a9352-5eec-4528-bf42-dfc0f94da658.png'

2023-10-10 09:19:28 - [TEST_STEP][PASSED] - verifyNotMatch(attribute, "https://api.landingly.com/Images/profile.png", false): Actual text 'https://api.landingly.com/Images/ProfilePics/3def73ec-074c-4973-a741-1b7a0673b606/3b6a9352-5eec-4528-bf42-dfc0f94da658.png' and expected text 'https://api.landingly.com/Images/profile.png' are not matched 

2023-10-10 09:19:28 - [MESSAGE][PASSED] - Actual text 'https://api.landingly.com/Images/ProfilePics/3def73ec-074c-4973-a741-1b7a0673b606/3b6a9352-5eec-4528-bf42-dfc0f94da658.png' and expected text 'https://api.landingly.com/Images/profile.png' are not matched 

2023-10-10 09:19:28 - [TEST_STEP][PASSED] - closeBrowser(): Browser is closed

2023-10-10 09:19:29 - [MESSAGE][PASSED] - Browser is closed]]></system-out>
         <system-err><![CDATA[]]></system-err>
      </testcase>
      <testcase name="Test Cases/Profile/TC011-Verify user can remove profile picture" time="57.991" classname="Test Cases/Profile/TC011-Verify user can remove profile picture" status="FAILED">
         <failure type="FAILED" message="Test Cases/Profile/TC011-Verify user can remove profile picture FAILED.
Reason:
com.kms.katalon.core.exception.StepFailedException: Unable to click on object 'Object Repository/Profile/TC011-Verify user can remove profile picture/Page_Landingly  Profile/rect - Copy'
	at com.kms.katalon.core.webui.keyword.internal.WebUIKeywordMain.stepFailed(WebUIKeywordMain.groovy:64)
	at com.kms.katalon.core.webui.keyword.internal.WebUIKeywordMain.runKeyword(WebUIKeywordMain.groovy:26)
	at com.kms.katalon.core.webui.keyword.builtin.ClickKeyword.click(ClickKeyword.groovy:74)
	at com.kms.katalon.core.webui.keyword.builtin.ClickKeyword.execute(ClickKeyword.groovy:40)
	at com.kms.katalon.core.keyword.internal.KeywordExecutor.executeKeywordForPlatform(KeywordExecutor.groovy:74)
	at com.kms.katalon.core.webui.keyword.WebUiBuiltInKeywords.click(WebUiBuiltInKeywords.groovy:620)
	at com.kms.katalon.core.webui.keyword.WebUiBuiltInKeywords$click$4.call(Unknown Source)
	at TC011-Verify user can remove profile picture.run(TC011-Verify user can remove profile picture:40)
	at com.kms.katalon.core.main.ScriptEngine.run(ScriptEngine.java:194)
	at com.kms.katalon.core.main.ScriptEngine.runScriptAsRawText(ScriptEngine.java:119)
	at com.kms.katalon.core.main.TestCaseExecutor.runScript(TestCaseExecutor.java:448)
	at com.kms.katalon.core.main.TestCaseExecutor.doExecute(TestCaseExecutor.java:439)
	at com.kms.katalon.core.main.TestCaseExecutor.processExecutionPhase(TestCaseExecutor.java:418)
	at com.kms.katalon.core.main.TestCaseExecutor.accessMainPhase(TestCaseExecutor.java:410)
	at com.kms.katalon.core.main.TestCaseExecutor.execute(TestCaseExecutor.java:285)
	at com.kms.katalon.core.common.CommonExecutor.accessTestCaseMainPhase(CommonExecutor.java:65)
	at com.kms.katalon.core.main.TestSuiteExecutor.accessTestSuiteMainPhase(TestSuiteExecutor.java:148)
	at com.kms.katalon.core.main.TestSuiteExecutor.execute(TestSuiteExecutor.java:106)
	at com.kms.katalon.core.main.TestCaseMain.startTestSuite(TestCaseMain.java:187)
	at com.kms.katalon.core.main.TestCaseMain$startTestSuite$0.call(Unknown Source)
	at TempTestSuite1696911162857.run(TempTestSuite1696911162857.groovy:36)
Caused by: org.openqa.selenium.ElementClickInterceptedException: element click intercepted: Element &lt;img data-v-550f6774=&quot;&quot; width=&quot;100&quot; height=&quot;80&quot; class=&quot;rounded&quot; src=&quot;https://api.landingly.com/Images/ProfilePics/3def73ec-074c-4973-a741-1b7a0673b606/3b6a9352-5eec-4528-bf42-dfc0f94da658.png&quot;> is not clickable at point (687, 219). Other element would receive the click: &lt;line data-v-550f6774=&quot;&quot; x1=&quot;10&quot; y1=&quot;12&quot; x2=&quot;14&quot; y2=&quot;12&quot;>&lt;/line>
  (Session info: chrome=117.0.5938.150)
Build info: version: '3.141.59', revision: 'e82be7d358', time: '2018-11-14T08:25:53'
System info: host: 'DESKTOP-3BHH4MD', ip: '192.168.0.108', os.name: 'Windows 10', os.arch: 'amd64', os.version: '10.0', java.version: '1.8.0_362'
Driver info: com.kms.katalon.selenium.driver.CChromeDriver
Capabilities {acceptInsecureCerts: false, browserName: chrome, browserVersion: 117.0.5938.150, chrome: {chromedriverVersion: 116.0.5845.96 (1a3918166880..., userDataDir: C:\Users\TDS\AppData\Local\...}, fedcm:accounts: true, goog:chromeOptions: {debuggerAddress: localhost:49538}, javascriptEnabled: true, networkConnectionEnabled: false, pageLoadStrategy: normal, platform: WINDOWS, platformName: WINDOWS, proxy: Proxy(), setWindowRect: true, strictFileInteractability: false, timeouts: {implicit: 0, pageLoad: 300000, script: 30000}, unhandledPromptBehavior: dismiss and notify, webauthn:extension:credBlob: true, webauthn:extension:largeBlob: true, webauthn:extension:minPinLength: true, webauthn:extension:prf: true, webauthn:virtualAuthenticators: true}
Session ID: 28ae42643350f38c8c891e985bc39432
	at org.openqa.selenium.remote.http.W3CHttpResponseCodec.createException(W3CHttpResponseCodec.java:187)
	at org.openqa.selenium.remote.http.W3CHttpResponseCodec.decode(W3CHttpResponseCodec.java:122)
	at org.openqa.selenium.remote.http.W3CHttpResponseCodec.decode(W3CHttpResponseCodec.java:49)
	at org.openqa.selenium.remote.HttpCommandExecutor.execute(HttpCommandExecutor.java:158)
	at org.openqa.selenium.remote.service.DriverCommandExecutor.execute(DriverCommandExecutor.java:83)
	at org.openqa.selenium.remote.RemoteWebDriver.execute(RemoteWebDriver.java:552)
	at com.kms.katalon.selenium.driver.CChromeDriver.execute(CChromeDriver.java:19)
	at org.openqa.selenium.remote.RemoteWebElement.execute(RemoteWebElement.java:285)
	at org.openqa.selenium.remote.RemoteWebElement.click(RemoteWebElement.java:84)
	at org.openqa.selenium.support.events.EventFiringWebDriver$EventFiringWebElement.lambda$new$0(EventFiringWebDriver.java:404)
	at com.sun.proxy.$Proxy11.click(Unknown Source)
	at org.openqa.selenium.support.events.EventFiringWebDriver$EventFiringWebElement.click(EventFiringWebDriver.java:417)
	at org.openqa.selenium.WebElement$click.call(Unknown Source)
	at com.kms.katalon.core.webui.keyword.builtin.ClickKeyword.clickUntilSuccessWithTimeout(ClickKeyword.groovy:81)
	at com.kms.katalon.core.webui.keyword.builtin.ClickKeyword.clickUntilSuccessWithTimeout(ClickKeyword.groovy)
	at com.kms.katalon.core.webui.keyword.builtin.ClickKeyword$_click_closure1.doCall(ClickKeyword.groovy:67)
	at com.kms.katalon.core.webui.keyword.builtin.ClickKeyword$_click_closure1.call(ClickKeyword.groovy)
	at com.kms.katalon.core.webui.keyword.internal.WebUIKeywordMain.runKeyword(WebUIKeywordMain.groovy:20)
	... 19 more
"/>
         <system-out><![CDATA[2023-10-10 09:19:29 - [TEST_CASE][FAILED] - Test Cases/Profile/TC011-Verify user can remove profile picture: Test Cases/Profile/TC011-Verify user can remove profile picture FAILED.
Reason:
com.kms.katalon.core.exception.StepFailedException: Unable to click on object 'Object Repository/Profile/TC011-Verify user can remove profile picture/Page_Landingly  Profile/rect - Copy'
	at com.kms.katalon.core.webui.keyword.internal.WebUIKeywordMain.stepFailed(WebUIKeywordMain.groovy:64)
	at com.kms.katalon.core.webui.keyword.internal.WebUIKeywordMain.runKeyword(WebUIKeywordMain.groovy:26)
	at com.kms.katalon.core.webui.keyword.builtin.ClickKeyword.click(ClickKeyword.groovy:74)
	at com.kms.katalon.core.webui.keyword.builtin.ClickKeyword.execute(ClickKeyword.groovy:40)
	at com.kms.katalon.core.keyword.internal.KeywordExecutor.executeKeywordForPlatform(KeywordExecutor.groovy:74)
	at com.kms.katalon.core.webui.keyword.WebUiBuiltInKeywords.click(WebUiBuiltInKeywords.groovy:620)
	at com.kms.katalon.core.webui.keyword.WebUiBuiltInKeywords$click$4.call(Unknown Source)
	at TC011-Verify user can remove profile picture.run(TC011-Verify user can remove profile picture:40)
	at com.kms.katalon.core.main.ScriptEngine.run(ScriptEngine.java:194)
	at com.kms.katalon.core.main.ScriptEngine.runScriptAsRawText(ScriptEngine.java:119)
	at com.kms.katalon.core.main.TestCaseExecutor.runScript(TestCaseExecutor.java:448)
	at com.kms.katalon.core.main.TestCaseExecutor.doExecute(TestCaseExecutor.java:439)
	at com.kms.katalon.core.main.TestCaseExecutor.processExecutionPhase(TestCaseExecutor.java:418)
	at com.kms.katalon.core.main.TestCaseExecutor.accessMainPhase(TestCaseExecutor.java:410)
	at com.kms.katalon.core.main.TestCaseExecutor.execute(TestCaseExecutor.java:285)
	at com.kms.katalon.core.common.CommonExecutor.accessTestCaseMainPhase(CommonExecutor.java:65)
	at com.kms.katalon.core.main.TestSuiteExecutor.accessTestSuiteMainPhase(TestSuiteExecutor.java:148)
	at com.kms.katalon.core.main.TestSuiteExecutor.execute(TestSuiteExecutor.java:106)
	at com.kms.katalon.core.main.TestCaseMain.startTestSuite(TestCaseMain.java:187)
	at com.kms.katalon.core.main.TestCaseMain$startTestSuite$0.call(Unknown Source)
	at TempTestSuite1696911162857.run(TempTestSuite1696911162857.groovy:36)
Caused by: org.openqa.selenium.ElementClickInterceptedException: element click intercepted: Element <img data-v-550f6774="" width="100" height="80" class="rounded" src="https://api.landingly.com/Images/ProfilePics/3def73ec-074c-4973-a741-1b7a0673b606/3b6a9352-5eec-4528-bf42-dfc0f94da658.png"> is not clickable at point (687, 219). Other element would receive the click: <line data-v-550f6774="" x1="10" y1="12" x2="14" y2="12"></line>
  (Session info: chrome=117.0.5938.150)
Build info: version: '3.141.59', revision: 'e82be7d358', time: '2018-11-14T08:25:53'
System info: host: 'DESKTOP-3BHH4MD', ip: '192.168.0.108', os.name: 'Windows 10', os.arch: 'amd64', os.version: '10.0', java.version: '1.8.0_362'
Driver info: com.kms.katalon.selenium.driver.CChromeDriver
Capabilities {acceptInsecureCerts: false, browserName: chrome, browserVersion: 117.0.5938.150, chrome: {chromedriverVersion: 116.0.5845.96 (1a3918166880..., userDataDir: C:\Users\TDS\AppData\Local\...}, fedcm:accounts: true, goog:chromeOptions: {debuggerAddress: localhost:49538}, javascriptEnabled: true, networkConnectionEnabled: false, pageLoadStrategy: normal, platform: WINDOWS, platformName: WINDOWS, proxy: Proxy(), setWindowRect: true, strictFileInteractability: false, timeouts: {implicit: 0, pageLoad: 300000, script: 30000}, unhandledPromptBehavior: dismiss and notify, webauthn:extension:credBlob: true, webauthn:extension:largeBlob: true, webauthn:extension:minPinLength: true, webauthn:extension:prf: true, webauthn:virtualAuthenticators: true}
Session ID: 28ae42643350f38c8c891e985bc39432
	at org.openqa.selenium.remote.http.W3CHttpResponseCodec.createException(W3CHttpResponseCodec.java:187)
	at org.openqa.selenium.remote.http.W3CHttpResponseCodec.decode(W3CHttpResponseCodec.java:122)
	at org.openqa.selenium.remote.http.W3CHttpResponseCodec.decode(W3CHttpResponseCodec.java:49)
	at org.openqa.selenium.remote.HttpCommandExecutor.execute(HttpCommandExecutor.java:158)
	at org.openqa.selenium.remote.service.DriverCommandExecutor.execute(DriverCommandExecutor.java:83)
	at org.openqa.selenium.remote.RemoteWebDriver.execute(RemoteWebDriver.java:552)
	at com.kms.katalon.selenium.driver.CChromeDriver.execute(CChromeDriver.java:19)
	at org.openqa.selenium.remote.RemoteWebElement.execute(RemoteWebElement.java:285)
	at org.openqa.selenium.remote.RemoteWebElement.click(RemoteWebElement.java:84)
	at org.openqa.selenium.support.events.EventFiringWebDriver$EventFiringWebElement.lambda$new$0(EventFiringWebDriver.java:404)
	at com.sun.proxy.$Proxy11.click(Unknown Source)
	at org.openqa.selenium.support.events.EventFiringWebDriver$EventFiringWebElement.click(EventFiringWebDriver.java:417)
	at org.openqa.selenium.WebElement$click.call(Unknown Source)
	at com.kms.katalon.core.webui.keyword.builtin.ClickKeyword.clickUntilSuccessWithTimeout(ClickKeyword.groovy:81)
	at com.kms.katalon.core.webui.keyword.builtin.ClickKeyword.clickUntilSuccessWithTimeout(ClickKeyword.groovy)
	at com.kms.katalon.core.webui.keyword.builtin.ClickKeyword$_click_closure1.doCall(ClickKeyword.groovy:67)
	at com.kms.katalon.core.webui.keyword.builtin.ClickKeyword$_click_closure1.call(ClickKeyword.groovy)
	at com.kms.katalon.core.webui.keyword.internal.WebUIKeywordMain.runKeyword(WebUIKeywordMain.groovy:20)
	... 19 more


2023-10-10 09:19:30 - [TEST_STEP][PASSED] - openBrowser(""): Browser is opened with url: ''

2023-10-10 09:19:30 - [MESSAGE][INFO] - Starting 'Chrome' driver

2023-10-10 09:19:30 - [MESSAGE][INFO] - Action delay is set to 0 milliseconds

2023-10-10 09:19:33 - [MESSAGE][PASSED] - Browser is opened with url: ''

2023-10-10 09:19:33 - [TEST_STEP][PASSED] - maximizeWindow(): Current window maximized

2023-10-10 09:19:34 - [MESSAGE][PASSED] - Current window maximized

2023-10-10 09:19:34 - [TEST_STEP][PASSED] - navigateToUrl("https://app.landingly.com/"): Navigate to 'https://app.landingly.com/' successfully

2023-10-10 09:19:40 - [MESSAGE][PASSED] - Navigate to 'https://app.landingly.com/' successfully

2023-10-10 09:19:40 - [TEST_STEP][PASSED] - setText(findTestObject("Object Repository/Profile/TC011-Verify user can remove profile picture/Page_Landingly  Login/input_Email_login-email"), "sqaahmadtahir@gmail.com"): Text 'sqaahmadtahir@gmail.com' is set on object 'Object Repository/Profile/TC011-Verify user can remove profile picture/Page_Landingly  Login/input_Email_login-email'

2023-10-10 09:19:42 - [MESSAGE][PASSED] - Text 'sqaahmadtahir@gmail.com' is set on object 'Object Repository/Profile/TC011-Verify user can remove profile picture/Page_Landingly  Login/input_Email_login-email'

2023-10-10 09:19:42 - [TEST_STEP][PASSED] - setEncryptedText(findTestObject("Object Repository/Profile/TC011-Verify user can remove profile picture/Page_Landingly  Login/input_Forgot Password_login-password"), "/5S6MFFLcE5DAenbZpYNsQ=="): Text ****** has been set on object 'Object Repository/Profile/TC011-Verify user can remove profile picture/Page_Landingly  Login/input_Forgot Password_login-password'

2023-10-10 09:19:43 - [MESSAGE][PASSED] - Text ****** has been set on object 'Object Repository/Profile/TC011-Verify user can remove profile picture/Page_Landingly  Login/input_Forgot Password_login-password'

2023-10-10 09:19:43 - [TEST_STEP][PASSED] - click(findTestObject("Object Repository/Profile/TC011-Verify user can remove profile picture/Page_Landingly  Login/button_Sign in")): Object: 'Object Repository/Profile/TC011-Verify user can remove profile picture/Page_Landingly  Login/button_Sign in' is clicked on

2023-10-10 09:19:44 - [MESSAGE][PASSED] - Object: 'Object Repository/Profile/TC011-Verify user can remove profile picture/Page_Landingly  Login/button_Sign in' is clicked on

2023-10-10 09:19:44 - [TEST_STEP][PASSED] - click(findTestObject("Object Repository/Profile/TC011-Verify user can remove profile picture/Page_Landingly/img")): Object: 'Object Repository/Profile/TC011-Verify user can remove profile picture/Page_Landingly/img' is clicked on

2023-10-10 09:19:50 - [MESSAGE][PASSED] - Object: 'Object Repository/Profile/TC011-Verify user can remove profile picture/Page_Landingly/img' is clicked on

2023-10-10 09:19:50 - [TEST_STEP][PASSED] - click(findTestObject("Object Repository/Profile/TC011-Verify user can remove profile picture/Page_Landingly/span_Profile")): Object: 'Object Repository/Profile/TC011-Verify user can remove profile picture/Page_Landingly/span_Profile' is clicked on

2023-10-10 09:19:52 - [MESSAGE][PASSED] - Object: 'Object Repository/Profile/TC011-Verify user can remove profile picture/Page_Landingly/span_Profile' is clicked on

2023-10-10 09:19:52 - [TEST_STEP][PASSED] - mouseOver(findTestObject("Object Repository/Profile/TC011-Verify user can remove profile picture/Page_Landingly  Profile/rect")): Object: 'Object Repository/Profile/TC011-Verify user can remove profile picture/Page_Landingly  Profile/rect' is hovered

2023-10-10 09:19:54 - [MESSAGE][PASSED] - Object: 'Object Repository/Profile/TC011-Verify user can remove profile picture/Page_Landingly  Profile/rect' is hovered

2023-10-10 09:19:54 - [TEST_STEP][FAILED] - click(findTestObject("Profile/TC011-Verify user can remove profile picture/Page_Landingly  Profile/rect - Copy")): Unable to click on object 'Object Repository/Profile/TC011-Verify user can remove profile picture/Page_Landingly  Profile/rect - Copy' (Root cause: com.kms.katalon.core.exception.StepFailedException: Unable to click on object 'Object Repository/Profile/TC011-Verify user can remove profile picture/Page_Landingly  Profile/rect - Copy'
	at com.kms.katalon.core.webui.keyword.internal.WebUIKeywordMain.stepFailed(WebUIKeywordMain.groovy:64)
	at com.kms.katalon.core.webui.keyword.internal.WebUIKeywordMain.runKeyword(WebUIKeywordMain.groovy:26)
	at com.kms.katalon.core.webui.keyword.builtin.ClickKeyword.click(ClickKeyword.groovy:74)
	at com.kms.katalon.core.webui.keyword.builtin.ClickKeyword.execute(ClickKeyword.groovy:40)
	at com.kms.katalon.core.keyword.internal.KeywordExecutor.executeKeywordForPlatform(KeywordExecutor.groovy:74)
	at com.kms.katalon.core.webui.keyword.WebUiBuiltInKeywords.click(WebUiBuiltInKeywords.groovy:620)
	at com.kms.katalon.core.webui.keyword.WebUiBuiltInKeywords$click$4.call(Unknown Source)
	at TC011-Verify user can remove profile picture.run(TC011-Verify user can remove profile picture:40)
	at com.kms.katalon.core.main.ScriptEngine.run(ScriptEngine.java:194)
	at com.kms.katalon.core.main.ScriptEngine.runScriptAsRawText(ScriptEngine.java:119)
	at com.kms.katalon.core.main.TestCaseExecutor.runScript(TestCaseExecutor.java:448)
	at com.kms.katalon.core.main.TestCaseExecutor.doExecute(TestCaseExecutor.java:439)
	at com.kms.katalon.core.main.TestCaseExecutor.processExecutionPhase(TestCaseExecutor.java:418)
	at com.kms.katalon.core.main.TestCaseExecutor.accessMainPhase(TestCaseExecutor.java:410)
	at com.kms.katalon.core.main.TestCaseExecutor.execute(TestCaseExecutor.java:285)
	at com.kms.katalon.core.common.CommonExecutor.accessTestCaseMainPhase(CommonExecutor.java:65)
	at com.kms.katalon.core.main.TestSuiteExecutor.accessTestSuiteMainPhase(TestSuiteExecutor.java:148)
	at com.kms.katalon.core.main.TestSuiteExecutor.execute(TestSuiteExecutor.java:106)
	at com.kms.katalon.core.main.TestCaseMain.startTestSuite(TestCaseMain.java:187)
	at com.kms.katalon.core.main.TestCaseMain$startTestSuite$0.call(Unknown Source)
	at TempTestSuite1696911162857.run(TempTestSuite1696911162857.groovy:36)
Caused by: org.openqa.selenium.ElementClickInterceptedException: element click intercepted: Element <img data-v-550f6774="" width="100" height="80" class="rounded" src="https://api.landingly.com/Images/ProfilePics/3def73ec-074c-4973-a741-1b7a0673b606/3b6a9352-5eec-4528-bf42-dfc0f94da658.png"> is not clickable at point (687, 219). Other element would receive the click: <line data-v-550f6774="" x1="10" y1="12" x2="14" y2="12"></line>
  (Session info: chrome=117.0.5938.150)
Build info: version: '3.141.59', revision: 'e82be7d358', time: '2018-11-14T08:25:53'
System info: host: 'DESKTOP-3BHH4MD', ip: '192.168.0.108', os.name: 'Windows 10', os.arch: 'amd64', os.version: '10.0', java.version: '1.8.0_362'
Driver info: com.kms.katalon.selenium.driver.CChromeDriver
Capabilities {acceptInsecureCerts: false, browserName: chrome, browserVersion: 117.0.5938.150, chrome: {chromedriverVersion: 116.0.5845.96 (1a3918166880..., userDataDir: C:\Users\TDS\AppData\Local\...}, fedcm:accounts: true, goog:chromeOptions: {debuggerAddress: localhost:49538}, javascriptEnabled: true, networkConnectionEnabled: false, pageLoadStrategy: normal, platform: WINDOWS, platformName: WINDOWS, proxy: Proxy(), setWindowRect: true, strictFileInteractability: false, timeouts: {implicit: 0, pageLoad: 300000, script: 30000}, unhandledPromptBehavior: dismiss and notify, webauthn:extension:credBlob: true, webauthn:extension:largeBlob: true, webauthn:extension:minPinLength: true, webauthn:extension:prf: true, webauthn:virtualAuthenticators: true}
Session ID: 28ae42643350f38c8c891e985bc39432
	at org.openqa.selenium.remote.http.W3CHttpResponseCodec.createException(W3CHttpResponseCodec.java:187)
	at org.openqa.selenium.remote.http.W3CHttpResponseCodec.decode(W3CHttpResponseCodec.java:122)
	at org.openqa.selenium.remote.http.W3CHttpResponseCodec.decode(W3CHttpResponseCodec.java:49)
	at org.openqa.selenium.remote.HttpCommandExecutor.execute(HttpCommandExecutor.java:158)
	at org.openqa.selenium.remote.service.DriverCommandExecutor.execute(DriverCommandExecutor.java:83)
	at org.openqa.selenium.remote.RemoteWebDriver.execute(RemoteWebDriver.java:552)
	at com.kms.katalon.selenium.driver.CChromeDriver.execute(CChromeDriver.java:19)
	at org.openqa.selenium.remote.RemoteWebElement.execute(RemoteWebElement.java:285)
	at org.openqa.selenium.remote.RemoteWebElement.click(RemoteWebElement.java:84)
	at org.openqa.selenium.support.events.EventFiringWebDriver$EventFiringWebElement.lambda$new$0(EventFiringWebDriver.java:404)
	at com.sun.proxy.$Proxy11.click(Unknown Source)
	at org.openqa.selenium.support.events.EventFiringWebDriver$EventFiringWebElement.click(EventFiringWebDriver.java:417)
	at org.openqa.selenium.WebElement$click.call(Unknown Source)
	at com.kms.katalon.core.webui.keyword.builtin.ClickKeyword.clickUntilSuccessWithTimeout(ClickKeyword.groovy:81)
	at com.kms.katalon.core.webui.keyword.builtin.ClickKeyword.clickUntilSuccessWithTimeout(ClickKeyword.groovy)
	at com.kms.katalon.core.webui.keyword.builtin.ClickKeyword$_click_closure1.doCall(ClickKeyword.groovy:67)
	at com.kms.katalon.core.webui.keyword.builtin.ClickKeyword$_click_closure1.call(ClickKeyword.groovy)
	at com.kms.katalon.core.webui.keyword.internal.WebUIKeywordMain.runKeyword(WebUIKeywordMain.groovy:20)
	at com.kms.katalon.core.webui.keyword.builtin.ClickKeyword.click(ClickKeyword.groovy:74)
	at com.kms.katalon.core.webui.keyword.builtin.ClickKeyword.execute(ClickKeyword.groovy:40)
	at com.kms.katalon.core.keyword.internal.KeywordExecutor.executeKeywordForPlatform(KeywordExecutor.groovy:74)
	at com.kms.katalon.core.webui.keyword.WebUiBuiltInKeywords.click(WebUiBuiltInKeywords.groovy:620)
	at com.kms.katalon.core.webui.keyword.WebUiBuiltInKeywords$click$4.call(Unknown Source)
	at Script1695737237836.run(Script1695737237836.groovy:40)
	... 13 more
)

2023-10-10 09:20:27 - [MESSAGE][FAILED] - Unable to click on object 'Object Repository/Profile/TC011-Verify user can remove profile picture/Page_Landingly  Profile/rect - Copy' (Root cause: com.kms.katalon.core.exception.StepFailedException: Unable to click on object 'Object Repository/Profile/TC011-Verify user can remove profile picture/Page_Landingly  Profile/rect - Copy'
	at com.kms.katalon.core.webui.keyword.internal.WebUIKeywordMain.stepFailed(WebUIKeywordMain.groovy:64)
	at com.kms.katalon.core.webui.keyword.internal.WebUIKeywordMain.runKeyword(WebUIKeywordMain.groovy:26)
	at com.kms.katalon.core.webui.keyword.builtin.ClickKeyword.click(ClickKeyword.groovy:74)
	at com.kms.katalon.core.webui.keyword.builtin.ClickKeyword.execute(ClickKeyword.groovy:40)
	at com.kms.katalon.core.keyword.internal.KeywordExecutor.executeKeywordForPlatform(KeywordExecutor.groovy:74)
	at com.kms.katalon.core.webui.keyword.WebUiBuiltInKeywords.click(WebUiBuiltInKeywords.groovy:620)
	at com.kms.katalon.core.webui.keyword.WebUiBuiltInKeywords$click$4.call(Unknown Source)
	at TC011-Verify user can remove profile picture.run(TC011-Verify user can remove profile picture:40)
	at com.kms.katalon.core.main.ScriptEngine.run(ScriptEngine.java:194)
	at com.kms.katalon.core.main.ScriptEngine.runScriptAsRawText(ScriptEngine.java:119)
	at com.kms.katalon.core.main.TestCaseExecutor.runScript(TestCaseExecutor.java:448)
	at com.kms.katalon.core.main.TestCaseExecutor.doExecute(TestCaseExecutor.java:439)
	at com.kms.katalon.core.main.TestCaseExecutor.processExecutionPhase(TestCaseExecutor.java:418)
	at com.kms.katalon.core.main.TestCaseExecutor.accessMainPhase(TestCaseExecutor.java:410)
	at com.kms.katalon.core.main.TestCaseExecutor.execute(TestCaseExecutor.java:285)
	at com.kms.katalon.core.common.CommonExecutor.accessTestCaseMainPhase(CommonExecutor.java:65)
	at com.kms.katalon.core.main.TestSuiteExecutor.accessTestSuiteMainPhase(TestSuiteExecutor.java:148)
	at com.kms.katalon.core.main.TestSuiteExecutor.execute(TestSuiteExecutor.java:106)
	at com.kms.katalon.core.main.TestCaseMain.startTestSuite(TestCaseMain.java:187)
	at com.kms.katalon.core.main.TestCaseMain$startTestSuite$0.call(Unknown Source)
	at TempTestSuite1696911162857.run(TempTestSuite1696911162857.groovy:36)
Caused by: org.openqa.selenium.ElementClickInterceptedException: element click intercepted: Element <img data-v-550f6774="" width="100" height="80" class="rounded" src="https://api.landingly.com/Images/ProfilePics/3def73ec-074c-4973-a741-1b7a0673b606/3b6a9352-5eec-4528-bf42-dfc0f94da658.png"> is not clickable at point (687, 219). Other element would receive the click: <line data-v-550f6774="" x1="10" y1="12" x2="14" y2="12"></line>
  (Session info: chrome=117.0.5938.150)
Build info: version: '3.141.59', revision: 'e82be7d358', time: '2018-11-14T08:25:53'
System info: host: 'DESKTOP-3BHH4MD', ip: '192.168.0.108', os.name: 'Windows 10', os.arch: 'amd64', os.version: '10.0', java.version: '1.8.0_362'
Driver info: com.kms.katalon.selenium.driver.CChromeDriver
Capabilities {acceptInsecureCerts: false, browserName: chrome, browserVersion: 117.0.5938.150, chrome: {chromedriverVersion: 116.0.5845.96 (1a3918166880..., userDataDir: C:\Users\TDS\AppData\Local\...}, fedcm:accounts: true, goog:chromeOptions: {debuggerAddress: localhost:49538}, javascriptEnabled: true, networkConnectionEnabled: false, pageLoadStrategy: normal, platform: WINDOWS, platformName: WINDOWS, proxy: Proxy(), setWindowRect: true, strictFileInteractability: false, timeouts: {implicit: 0, pageLoad: 300000, script: 30000}, unhandledPromptBehavior: dismiss and notify, webauthn:extension:credBlob: true, webauthn:extension:largeBlob: true, webauthn:extension:minPinLength: true, webauthn:extension:prf: true, webauthn:virtualAuthenticators: true}
Session ID: 28ae42643350f38c8c891e985bc39432
	at org.openqa.selenium.remote.http.W3CHttpResponseCodec.createException(W3CHttpResponseCodec.java:187)
	at org.openqa.selenium.remote.http.W3CHttpResponseCodec.decode(W3CHttpResponseCodec.java:122)
	at org.openqa.selenium.remote.http.W3CHttpResponseCodec.decode(W3CHttpResponseCodec.java:49)
	at org.openqa.selenium.remote.HttpCommandExecutor.execute(HttpCommandExecutor.java:158)
	at org.openqa.selenium.remote.service.DriverCommandExecutor.execute(DriverCommandExecutor.java:83)
	at org.openqa.selenium.remote.RemoteWebDriver.execute(RemoteWebDriver.java:552)
	at com.kms.katalon.selenium.driver.CChromeDriver.execute(CChromeDriver.java:19)
	at org.openqa.selenium.remote.RemoteWebElement.execute(RemoteWebElement.java:285)
	at org.openqa.selenium.remote.RemoteWebElement.click(RemoteWebElement.java:84)
	at org.openqa.selenium.support.events.EventFiringWebDriver$EventFiringWebElement.lambda$new$0(EventFiringWebDriver.java:404)
	at com.sun.proxy.$Proxy11.click(Unknown Source)
	at org.openqa.selenium.support.events.EventFiringWebDriver$EventFiringWebElement.click(EventFiringWebDriver.java:417)
	at org.openqa.selenium.WebElement$click.call(Unknown Source)
	at com.kms.katalon.core.webui.keyword.builtin.ClickKeyword.clickUntilSuccessWithTimeout(ClickKeyword.groovy:81)
	at com.kms.katalon.core.webui.keyword.builtin.ClickKeyword.clickUntilSuccessWithTimeout(ClickKeyword.groovy)
	at com.kms.katalon.core.webui.keyword.builtin.ClickKeyword$_click_closure1.doCall(ClickKeyword.groovy:67)
	at com.kms.katalon.core.webui.keyword.builtin.ClickKeyword$_click_closure1.call(ClickKeyword.groovy)
	at com.kms.katalon.core.webui.keyword.internal.WebUIKeywordMain.runKeyword(WebUIKeywordMain.groovy:20)
[...]
	at com.kms.katalon.core.webui.common.WebUiCommonHelper.findWebElement(WebUiCommonHelper.java:1381)
	at com.kms.katalon.core.webui.keyword.internal.WebUIAbstractKeyword.findWebElement(WebUIAbstractKeyword.groovy:27)
	at com.kms.katalon.core.webui.keyword.internal.WebUIAbstractKeyword.findWebElement(WebUIAbstractKeyword.groovy:26)
	at com.kms.katalon.core.webui.keyword.builtin.SetTextKeyword$_setText_closure1.doCall(SetTextKeyword.groovy:51)
	at com.kms.katalon.core.webui.keyword.builtin.SetTextKeyword$_setText_closure1.call(SetTextKeyword.groovy)
	at com.kms.katalon.core.webui.keyword.internal.WebUIKeywordMain.runKeyword(WebUIKeywordMain.groovy:20)
	at com.kms.katalon.core.webui.keyword.builtin.SetTextKeyword.setText(SetTextKeyword.groovy:66)
	at com.kms.katalon.core.webui.keyword.builtin.SetTextKeyword.execute(SetTextKeyword.groovy:37)
	at com.kms.katalon.core.keyword.internal.KeywordExecutor.executeKeywordForPlatform(KeywordExecutor.groovy:74)
	at com.kms.katalon.core.webui.keyword.WebUiBuiltInKeywords.setText(WebUiBuiltInKeywords.groovy:980)
	at com.kms.katalon.core.webui.keyword.WebUiBuiltInKeywords$setText$2.call(Unknown Source)
	at Script1696509799536.run(Script1696509799536.groovy:38)
	... 13 more
)

2023-10-10 09:38:21 - [MESSAGE][INFO] - Unable to find the element located by 'By.xpath: //input[@id='ProjectName']'. Please recheck the objects properties to make sure the desired element is located. 

2023-10-10 09:38:22 - [MESSAGE][FAILED] - Unable to set text 'new project' of object 'Object Repository/Projects/TC033-Verify user can add new email/Page_Landingly  Projects/input__ProjectName' (Root cause: com.kms.katalon.core.exception.StepFailedException: Unable to set text 'new project' of object 'Object Repository/Projects/TC033-Verify user can add new email/Page_Landingly  Projects/input__ProjectName'
	at com.kms.katalon.core.webui.keyword.internal.WebUIKeywordMain.stepFailed(WebUIKeywordMain.groovy:64)
	at com.kms.katalon.core.webui.keyword.internal.WebUIKeywordMain.runKeyword(WebUIKeywordMain.groovy:26)
	at com.kms.katalon.core.webui.keyword.builtin.SetTextKeyword.setText(SetTextKeyword.groovy:66)
	at com.kms.katalon.core.webui.keyword.builtin.SetTextKeyword.execute(SetTextKeyword.groovy:37)
	at com.kms.katalon.core.keyword.internal.KeywordExecutor.executeKeywordForPlatform(KeywordExecutor.groovy:74)
	at com.kms.katalon.core.webui.keyword.WebUiBuiltInKeywords.setText(WebUiBuiltInKeywords.groovy:980)
	at com.kms.katalon.core.webui.keyword.WebUiBuiltInKeywords$setText$2.call(Unknown Source)
	at TC033-Verify user can add new email.run(TC033-Verify user can add new email:38)
	at com.kms.katalon.core.main.ScriptEngine.run(ScriptEngine.java:194)
	at com.kms.katalon.core.main.ScriptEngine.runScriptAsRawText(ScriptEngine.java:119)
	at com.kms.katalon.core.main.TestCaseExecutor.runScript(TestCaseExecutor.java:448)
	at com.kms.katalon.core.main.TestCaseExecutor.doExecute(TestCaseExecutor.java:439)
	at com.kms.katalon.core.main.TestCaseExecutor.processExecutionPhase(TestCaseExecutor.java:418)
	at com.kms.katalon.core.main.TestCaseExecutor.accessMainPhase(TestCaseExecutor.java:410)
	at com.kms.katalon.core.main.TestCaseExecutor.execute(TestCaseExecutor.java:285)
	at com.kms.katalon.core.common.CommonExecutor.accessTestCaseMainPhase(CommonExecutor.java:65)
	at com.kms.katalon.core.main.TestSuiteExecutor.accessTestSuiteMainPhase(TestSuiteExecutor.java:148)
	at com.kms.katalon.core.main.TestSuiteExecutor.execute(TestSuiteExecutor.java:106)
	at com.kms.katalon.core.main.TestCaseMain.startTestSuite(TestCaseMain.java:187)
	at com.kms.katalon.core.main.TestCaseMain$startTestSuite$0.call(Unknown Source)
	at TempTestSuite1696911162857.run(TempTestSuite1696911162857.groovy:36)
Caused by: com.kms.katalon.core.webui.exception.WebElementNotFoundException: Web element with id: 'Object Repository/Projects/TC033-Verify user can add new email/Page_Landingly  Projects/input__ProjectName' located by '//input[@id='ProjectName']' not found
	at com.kms.katalon.core.webui.common.WebUiCommonHelper.findWebElement(WebUiCommonHelper.java:1381)
	at com.kms.katalon.core.webui.keyword.internal.WebUIAbstractKeyword.findWebElement(WebUIAbstractKeyword.groovy:27)
	at com.kms.katalon.core.webui.keyword.internal.WebUIAbstractKeyword.findWebElement(WebUIAbstractKeyword.groovy:26)
	at com.kms.katalon.core.webui.keyword.builtin.SetTextKeyword$_setText_closure1.doCall(SetTextKeyword.groovy:51)
	at com.kms.katalon.core.webui.keyword.builtin.SetTextKeyword$_setText_closure1.call(SetTextKeyword.groovy)
	at com.kms.katalon.core.webui.keyword.internal.WebUIKeywordMain.runKeyword(WebUIKeywordMain.groovy:20)
	at com.kms.katalon.core.webui.keyword.builtin.SetTextKeyword.setText(SetTextKeyword.groovy:66)
	at com.kms.katalon.core.webui.keyword.builtin.SetTextKeyword.execute(SetTextKeyword.groovy:37)
	at com.kms.katalon.core.keyword.internal.KeywordExecutor.executeKeywordForPlatform(KeywordExecutor.groovy:74)
	at com.kms.katalon.core.webui.keyword.WebUiBuiltInKeywords.setText(WebUiBuiltInKeywords.groovy:980)
	at com.kms.katalon.core.webui.keyword.WebUiBuiltInKeywords$setText$2.call(Unknown Source)
	at Script1696509799536.run(Script1696509799536.groovy:38)
	... 13 more
)
[[ATTACHMENT|C:\\Users\\TDS\\git\\Landingly\\Reports\\20231010_091242\\Landingly\\20231010_091242\\1696912701962.png]]]]></system-out>
         <system-err><![CDATA[2023-10-10 09:37:23 - [TEST_CASE][FAILED] - Test Cases/Projects/TC033-Verify user can add new email: Test Cases/Projects/TC033-Verify user can add new email FAILED.
Reason:
com.kms.katalon.core.exception.StepFailedException: Unable to set text 'new project' of object 'Object Repository/Projects/TC033-Verify user can add new email/Page_Landingly  Projects/input__ProjectName'
	at com.kms.katalon.core.webui.keyword.internal.WebUIKeywordMain.stepFailed(WebUIKeywordMain.groovy:64)
	at com.kms.katalon.core.webui.keyword.internal.WebUIKeywordMain.runKeyword(WebUIKeywordMain.groovy:26)
	at com.kms.katalon.core.webui.keyword.builtin.SetTextKeyword.setText(SetTextKeyword.groovy:66)
	at com.kms.katalon.core.webui.keyword.builtin.SetTextKeyword.execute(SetTextKeyword.groovy:37)
	at com.kms.katalon.core.keyword.internal.KeywordExecutor.executeKeywordForPlatform(KeywordExecutor.groovy:74)
	at com.kms.katalon.core.webui.keyword.WebUiBuiltInKeywords.setText(WebUiBuiltInKeywords.groovy:980)
	at com.kms.katalon.core.webui.keyword.WebUiBuiltInKeywords$setText$2.call(Unknown Source)
	at TC033-Verify user can add new email.run(TC033-Verify user can add new email:38)
	at com.kms.katalon.core.main.ScriptEngine.run(ScriptEngine.java:194)
	at com.kms.katalon.core.main.ScriptEngine.runScriptAsRawText(ScriptEngine.java:119)
	at com.kms.katalon.core.main.TestCaseExecutor.runScript(TestCaseExecutor.java:448)
	at com.kms.katalon.core.main.TestCaseExecutor.doExecute(TestCaseExecutor.java:439)
	at com.kms.katalon.core.main.TestCaseExecutor.processExecutionPhase(TestCaseExecutor.java:418)
	at com.kms.katalon.core.main.TestCaseExecutor.accessMainPhase(TestCaseExecutor.java:410)
	at com.kms.katalon.core.main.TestCaseExecutor.execute(TestCaseExecutor.java:285)
	at com.kms.katalon.core.common.CommonExecutor.accessTestCaseMainPhase(CommonExecutor.java:65)
	at com.kms.katalon.core.main.TestSuiteExecutor.accessTestSuiteMainPhase(TestSuiteExecutor.java:148)
	at com.kms.katalon.core.main.TestSuiteExecutor.execute(TestSuiteExecutor.java:106)
	at com.kms.katalon.core.main.TestCaseMain.startTestSuite(TestCaseMain.java:187)
	at com.kms.katalon.core.main.TestCaseMain$startTestSuite$0.call(Unknown Source)
	at TempTestSuite1696911162857.run(TempTestSuite1696911162857.groovy:36)
Caused by: com.kms.katalon.core.webui.exception.WebElementNotFoundException: Web element with id: 'Object Repository/Projects/TC033-Verify user can add new email/Page_Landingly  Projects/input__ProjectName' located by '//input[@id='ProjectName']' not found
	at com.kms.katalon.core.webui.common.WebUiCommonHelper.findWebElement(WebUiCommonHelper.java:1381)
	at com.kms.katalon.core.webui.keyword.internal.WebUIAbstractKeyword.findWebElement(WebUIAbstractKeyword.groovy:27)
	at com.kms.katalon.core.webui.keyword.internal.WebUIAbstractKeyword.findWebElement(WebUIAbstractKeyword.groovy:26)
	at com.kms.katalon.core.webui.keyword.builtin.SetTextKeyword$_setText_closure1.doCall(SetTextKeyword.groovy:51)
	at com.kms.katalon.core.webui.keyword.builtin.SetTextKeyword$_setText_closure1.call(SetTextKeyword.groovy)
	at com.kms.katalon.core.webui.keyword.internal.WebUIKeywordMain.runKeyword(WebUIKeywordMain.groovy:20)
	... 19 more]]></system-err>
      </testcase>
      <system-out><![CDATA[2023-10-10 09:13:00 - [TEST_SUITE][FAILED] - Landingly: Test Cases/Profile/TC011-Verify user can remove profile picture FAILED.
Reason:
com.kms.katalon.core.exception.StepFailedException: Unable to click on object 'Object Repository/Profile/TC011-Verify user can remove profile picture/Page_Landingly  Profile/rect - Copy'
	at com.kms.katalon.core.webui.keyword.internal.WebUIKeywordMain.stepFailed(WebUIKeywordMain.groovy:64)
	at com.kms.katalon.core.webui.keyword.internal.WebUIKeywordMain.runKeyword(WebUIKeywordMain.groovy:26)
	at com.kms.katalon.core.webui.keyword.builtin.ClickKeyword.click(ClickKeyword.groovy:74)
	at com.kms.katalon.core.webui.keyword.builtin.ClickKeyword.execute(ClickKeyword.groovy:40)
	at com.kms.katalon.core.keyword.internal.KeywordExecutor.executeKeywordForPlatform(KeywordExecutor.groovy:74)
	at com.kms.katalon.core.webui.keyword.WebUiBuiltInKeywords.click(WebUiBuiltInKeywords.groovy:620)
	at com.kms.katalon.core.webui.keyword.WebUiBuiltInKeywords$click$4.call(Unknown Source)
	at TC011-Verify user can remove profile picture.run(TC011-Verify user can remove profile picture:40)
	at com.kms.katalon.core.main.ScriptEngine.run(ScriptEngine.java:194)
	at com.kms.katalon.core.main.ScriptEngine.runScriptAsRawText(ScriptEngine.java:119)
	at com.kms.katalon.core.main.TestCaseExecutor.runScript(TestCaseExecutor.java:448)
	at com.kms.katalon.core.main.TestCaseExecutor.doExecute(TestCaseExecutor.java:439)
	at com.kms.katalon.core.main.TestCaseExecutor.processExecutionPhase(TestCaseExecutor.java:418)
	at com.kms.katalon.core.main.TestCaseExecutor.accessMainPhase(TestCaseExecutor.java:410)
	at com.kms.katalon.core.main.TestCaseExecutor.execute(TestCaseExecutor.java:285)
	at com.kms.katalon.core.common.CommonExecutor.accessTestCaseMainPhase(CommonExecutor.java:65)
	at com.kms.katalon.core.main.TestSuiteExecutor.accessTestSuiteMainPhase(TestSuiteExecutor.java:148)
	at com.kms.katalon.core.main.TestSuiteExecutor.execute(TestSuiteExecutor.java:106)
	at com.kms.katalon.core.main.TestCaseMain.startTestSuite(TestCaseMain.java:187)
	at com.kms.katalon.core.main.TestCaseMain$startTestSuite$0.call(Unknown Source)
	at TempTestSuite1696911162857.run(TempTestSuite1696911162857.groovy:36)
Caused by: org.openqa.selenium.ElementClickInterceptedException: element click intercepted: Element <img data-v-550f6774="" width="100" height="80" class="rounded" src="https://api.landingly.com/Images/ProfilePics/3def73ec-074c-4973-a741-1b7a0673b606/3b6a9352-5eec-4528-bf42-dfc0f94da658.png"> is not clickable at point (687, 219). Other element would receive the click: <line data-v-550f6774="" x1="10" y1="12" x2="14" y2="12"></line>
  (Session info: chrome=117.0.5938.150)
Build info: version: '3.141.59', revision: 'e82be7d358', time: '2018-11-14T08:25:53'
System info: host: 'DESKTOP-3BHH4MD', ip: '192.168.0.108', os.name: 'Windows 10', os.arch: 'amd64', os.version: '10.0', java.version: '1.8.0_362'
Driver info: com.kms.katalon.selenium.driver.CChromeDriver
Capabilities {acceptInsecureCerts: false, browserName: chrome, browserVersion: 117.0.5938.150, chrome: {chromedriverVersion: 116.0.5845.96 (1a3918166880..., userDataDir: C:\Users\TDS\AppData\Local\...}, fedcm:accounts: true, goog:chromeOptions: {debuggerAddress: localhost:49538}, javascriptEnabled: true, networkConnectionEnabled: false, pageLoadStrategy: normal, platform: WINDOWS, platformName: WINDOWS, proxy: Proxy(), setWindowRect: true, strictFileInteractability: false, timeouts: {implicit: 0, pageLoad: 300000, script: 30000}, unhandledPromptBehavior: dismiss and notify, webauthn:extension:credBlob: true, webauthn:extension:largeBlob: true, webauthn:extension:minPinLength: true, webauthn:extension:prf: true, webauthn:virtualAuthenticators: true}
Session ID: 28ae42643350f38c8c891e985bc39432
	at org.openqa.selenium.remote.http.W3CHttpResponseCodec.createException(W3CHttpResponseCodec.java:187)
	at org.openqa.selenium.remote.http.W3CHttpResponseCodec.decode(W3CHttpResponseCodec.java:122)
	at org.openqa.selenium.remote.http.W3CHttpResponseCodec.decode(W3CHttpResponseCodec.java:49)
	at org.openqa.selenium.remote.HttpCommandExecutor.execute(HttpCommandExecutor.java:158)
	at org.openqa.selenium.remote.service.DriverCommandExecutor.execute(DriverCommandExecutor.java:83)
	at org.openqa.selenium.remote.RemoteWebDriver.execute(RemoteWebDriver.java:552)
	at com.kms.katalon.selenium.driver.CChromeDriver.execute(CChromeDriver.java:19)
	at org.openqa.selenium.remote.RemoteWebElement.execute(RemoteWebElement.java:285)
	at org.openqa.selenium.remote.RemoteWebElement.click(RemoteWebElement.java:84)
	at org.openqa.selenium.support.events.EventFiringWebDriver$EventFiringWebElement.lambda$new$0(EventFiringWebDriver.java:404)
	at com.sun.proxy.$Proxy11.click(Unknown Source)
	at org.openqa.selenium.support.events.EventFiringWebDriver$EventFiringWebElement.click(EventFiringWebDriver.java:417)
	at org.openqa.selenium.WebElement$click.call(Unknown Source)
	at com.kms.katalon.core.webui.keyword.builtin.ClickKeyword.clickUntilSuccessWithTimeout(ClickKeyword.groovy:81)
	at com.kms.katalon.core.webui.keyword.builtin.ClickKeyword.clickUntilSuccessWithTimeout(ClickKeyword.groovy)
	at com.kms.katalon.core.webui.keyword.builtin.ClickKeyword$_click_closure1.doCall(ClickKeyword.groovy:67)
	at com.kms.katalon.core.webui.keyword.builtin.ClickKeyword$_click_closure1.call(ClickKeyword.groovy)
	at com.kms.katalon.core.webui.keyword.internal.WebUIKeywordMain.runKeyword(WebUIKeywordMain.groovy:20)
	... 19 more]]></system-out>
      <system-err><![CDATA[2023-10-10 09:13:00 - [TEST_SUITE][FAILED] - Landingly: Test Cases/Profile/TC011-Verify user can remove profile picture FAILED.
Reason:
com.kms.katalon.core.exception.StepFailedException: Unable to click on object 'Object Repository/Profile/TC011-Verify user can remove profile picture/Page_Landingly  Profile/rect - Copy'
	at com.kms.katalon.core.webui.keyword.internal.WebUIKeywordMain.stepFailed(WebUIKeywordMain.groovy:64)
	at com.kms.katalon.core.webui.keyword.internal.WebUIKeywordMain.runKeyword(WebUIKeywordMain.groovy:26)
	at com.kms.katalon.core.webui.keyword.builtin.ClickKeyword.click(ClickKeyword.groovy:74)
	at com.kms.katalon.core.webui.keyword.builtin.ClickKeyword.execute(ClickKeyword.groovy:40)
	at com.kms.katalon.core.keyword.internal.KeywordExecutor.executeKeywordForPlatform(KeywordExecutor.groovy:74)
	at com.kms.katalon.core.webui.keyword.WebUiBuiltInKeywords.click(WebUiBuiltInKeywords.groovy:620)
	at com.kms.katalon.core.webui.keyword.WebUiBuiltInKeywords$click$4.call(Unknown Source)
	at TC011-Verify user can remove profile picture.run(TC011-Verify user can remove profile picture:40)
	at com.kms.katalon.core.main.ScriptEngine.run(ScriptEngine.java:194)
	at com.kms.katalon.core.main.ScriptEngine.runScriptAsRawText(ScriptEngine.java:119)
	at com.kms.katalon.core.main.TestCaseExecutor.runScript(TestCaseExecutor.java:448)
	at com.kms.katalon.core.main.TestCaseExecutor.doExecute(TestCaseExecutor.java:439)
	at com.kms.katalon.core.main.TestCaseExecutor.processExecutionPhase(TestCaseExecutor.java:418)
	at com.kms.katalon.core.main.TestCaseExecutor.accessMainPhase(TestCaseExecutor.java:410)
	at com.kms.katalon.core.main.TestCaseExecutor.execute(TestCaseExecutor.java:285)
	at com.kms.katalon.core.common.CommonExecutor.accessTestCaseMainPhase(CommonExecutor.java:65)
	at com.kms.katalon.core.main.TestSuiteExecutor.accessTestSuiteMainPhase(TestSuiteExecutor.java:148)
	at com.kms.katalon.core.main.TestSuiteExecutor.execute(TestSuiteExecutor.java:106)
	at com.kms.katalon.core.main.TestCaseMain.startTestSuite(TestCaseMain.java:187)
	at com.kms.katalon.core.main.TestCaseMain$startTestSuite$0.call(Unknown Source)
	at TempTestSuite1696911162857.run(TempTestSuite1696911162857.groovy:36)
Caused by: org.openqa.selenium.ElementClickInterceptedException: element click intercepted: Element <img data-v-550f6774="" width="100" height="80" class="rounded" src="https://api.landingly.com/Images/ProfilePics/3def73ec-074c-4973-a741-1b7a0673b606/3b6a9352-5eec-4528-bf42-dfc0f94da658.png"> is not clickable at point (687, 219). Other element would receive the click: <line data-v-550f6774="" x1="10" y1="12" x2="14" y2="12"></line>
  (Session info: chrome=117.0.5938.150)
Build info: version: '3.141.59', revision: 'e82be7d358', time: '2018-11-14T08:25:53'
System info: host: 'DESKTOP-3BHH4MD', ip: '192.168.0.108', os.name: 'Windows 10', os.arch: 'amd64', os.version: '10.0', java.version: '1.8.0_362'
Driver info: com.kms.katalon.selenium.driver.CChromeDriver
Capabilities {acceptInsecureCerts: false, browserName: chrome, browserVersion: 117.0.5938.150, chrome: {chromedriverVersion: 116.0.5845.96 (1a3918166880..., userDataDir: C:\Users\TDS\AppData\Local\...}, fedcm:accounts: true, goog:chromeOptions: {debuggerAddress: localhost:49538}, javascriptEnabled: true, networkConnectionEnabled: false, pageLoadStrategy: normal, platform: WINDOWS, platformName: WINDOWS, proxy: Proxy(), setWindowRect: true, strictFileInteractability: false, timeouts: {implicit: 0, pageLoad: 300000, script: 30000}, unhandledPromptBehavior: dismiss and notify, webauthn:extension:credBlob: true, webauthn:extension:largeBlob: true, webauthn:extension:minPinLength: true, webauthn:extension:prf: true, webauthn:virtualAuthenticators: true}
Session ID: 28ae42643350f38c8c891e985bc39432
	at org.openqa.selenium.remote.http.W3CHttpResponseCodec.createException(W3CHttpResponseCodec.java:187)
	at org.openqa.selenium.remote.http.W3CHttpResponseCodec.decode(W3CHttpResponseCodec.java:122)
	at org.openqa.selenium.remote.http.W3CHttpResponseCodec.decode(W3CHttpResponseCodec.java:49)
	at org.openqa.selenium.remote.HttpCommandExecutor.execute(HttpCommandExecutor.java:158)
	at org.openqa.selenium.remote.service.DriverCommandExecutor.execute(DriverCommandExecutor.java:83)
	at org.openqa.selenium.remote.RemoteWebDriver.execute(RemoteWebDriver.java:552)
	at com.kms.katalon.selenium.driver.CChromeDriver.execute(CChromeDriver.java:19)
	at org.openqa.selenium.remote.RemoteWebElement.execute(RemoteWebElement.java:285)
	at org.openqa.selenium.remote.RemoteWebElement.click(RemoteWebElement.java:84)
	at org.openqa.selenium.support.events.EventFiringWebDriver$EventFiringWebElement.lambda$new$0(EventFiringWebDriver.java:404)
	at com.sun.proxy.$Proxy11.click(Unknown Source)
	at org.openqa.selenium.support.events.EventFiringWebDriver$EventFiringWebElement.click(EventFiringWebDriver.java:417)
	at org.openqa.selenium.WebElement$click.call(Unknown Source)
	at com.kms.katalon.core.webui.keyword.builtin.ClickKeyword.clickUntilSuccessWithTimeout(ClickKeyword.groovy:81)
	at com.kms.katalon.core.webui.keyword.builtin.ClickKeyword.clickUntilSuccessWithTimeout(ClickKeyword.groovy)
	at com.kms.katalon.core.webui.keyword.builtin.ClickKeyword$_click_closure1.doCall(ClickKeyword.groovy:67)
	at com.kms.katalon.core.webui.keyword.builtin.ClickKeyword$_click_closure1.call(ClickKeyword.groovy)
	at com.kms.katalon.core.webui.keyword.internal.WebUIKeywordMain.runKeyword(WebUIKeywordMain.groovy:20)
	... 19 more]]></system-err>
   </testsuite>
</testsuites>
